[
  {
    "test": "backend.tests.integration.test_planning_api",
    "outcome": "skipped",
    "message": "collection skipped",
    "time": "0.000",
    "file": ""
  },
  {
    "test": "backend.test_artifacts::test_artifact_generation",
    "outcome": "passed",
    "message": "",
    "time": "0.001",
    "file": ""
  },
  {
    "test": "backend.test_session_changes::test_imports",
    "outcome": "passed",
    "message": "",
    "time": "0.001",
    "file": ""
  },
  {
    "test": "backend.test_session_changes::test_services_initialization",
    "outcome": "passed",
    "message": "",
    "time": "0.001",
    "file": ""
  },
  {
    "test": "backend.test_session_changes::test_parameter_manager",
    "outcome": "passed",
    "message": "",
    "time": "0.100",
    "file": ""
  },
  {
    "test": "backend.test_session_changes::test_uncertainty_service",
    "outcome": "passed",
    "message": "",
    "time": "0.029",
    "file": ""
  },
  {
    "test": "backend.test_session_changes::test_documentation_structure",
    "outcome": "passed",
    "message": "",
    "time": "0.001",
    "file": ""
  },
  {
    "test": "backend.scripts.test_system_settings::test_feature_flags",
    "outcome": "passed",
    "message": "",
    "time": "0.051",
    "file": ""
  },
  {
    "test": "backend.scripts.test_system_settings::test_log_levels",
    "outcome": "passed",
    "message": "",
    "time": "0.016",
    "file": ""
  },
  {
    "test": "backend.scripts.test_system_settings::test_custom_settings",
    "outcome": "passed",
    "message": "",
    "time": "0.018",
    "file": ""
  },
  {
    "test": "backend.scripts.test_system_settings::test_all_settings",
    "outcome": "passed",
    "message": "",
    "time": "0.008",
    "file": ""
  },
  {
    "test": "backend.tests.quick_test.TestWorkflowEngineBasic::test_initialization",
    "outcome": "error",
    "message": "failed on setup with \"file C:\\work\\AARD\\backend\\tests\\integration\\test_workflow_engine.py, line 48       def test_initialization(self, workflow_engine, execution_context): E       fixture 'workflow_engine' not found >       available fixtures: anyio_backend, anyio_backend_name, anyio_backend_options, cache, capfd, capfdbinary, caplog, capsys, capsysbinary, client, db, doctest_namespace, ensure_service_registry_initialized, event_loop, monkeypatch, pytestconfig, record_property, record_testsuite_property, record_xml_attribute, recwarn, tmp_path, tmp_path_factory, tmpdir, tmpdir_factory, unused_tcp_port, unused_tcp_port_factory, unused_udp_port, unused_udp_port_factory >       use 'pytest --fixtures [testpath]' for help on them.  C:\\work\\AARD\\backend\\tests\\integration\\test_workflow_engine.py:48\"",
    "time": "0.001",
    "file": ""
  },
  {
    "test": "backend.tests.quick_test.TestWorkflowEngineBasic::test_transition_to_parsing",
    "outcome": "error",
    "message": "failed on setup with \"file C:\\work\\AARD\\backend\\tests\\integration\\test_workflow_engine.py, line 59       def test_transition_to_parsing(self, workflow_engine): E       fixture 'workflow_engine' not found >       available fixtures: anyio_backend, anyio_backend_name, anyio_backend_options, cache, capfd, capfdbinary, caplog, capsys, capsysbinary, client, db, doctest_namespace, ensure_service_registry_initialized, event_loop, monkeypatch, pytestconfig, record_property, record_testsuite_property, record_xml_attribute, recwarn, tmp_path, tmp_path_factory, tmpdir, tmpdir_factory, unused_tcp_port, unused_tcp_port_factory, unused_udp_port, unused_udp_port_factory >       use 'pytest --fixtures [testpath]' for help on them.  C:\\work\\AARD\\backend\\tests\\integration\\test_workflow_engine.py:59\"",
    "time": "0.000",
    "file": ""
  },
  {
    "test": "backend.tests.quick_test.TestWorkflowEngineBasic::test_transition_to_planning",
    "outcome": "error",
    "message": "failed on setup with \"file C:\\work\\AARD\\backend\\tests\\integration\\test_workflow_engine.py, line 71       def test_transition_to_planning(self, workflow_engine): E       fixture 'workflow_engine' not found >       available fixtures: anyio_backend, anyio_backend_name, anyio_backend_options, cache, capfd, capfdbinary, caplog, capsys, capsysbinary, client, db, doctest_namespace, ensure_service_registry_initialized, event_loop, monkeypatch, pytestconfig, record_property, record_testsuite_property, record_xml_attribute, recwarn, tmp_path, tmp_path_factory, tmpdir, tmpdir_factory, unused_tcp_port, unused_tcp_port_factory, unused_udp_port, unused_udp_port_factory >       use 'pytest --fixtures [testpath]' for help on them.  C:\\work\\AARD\\backend\\tests\\integration\\test_workflow_engine.py:71\"",
    "time": "0.000",
    "file": ""
  },
  {
    "test": "backend.tests.quick_test.TestWorkflowEngineBasic::test_invalid_transition",
    "outcome": "error",
    "message": "failed on setup with \"file C:\\work\\AARD\\backend\\tests\\integration\\test_workflow_engine.py, line 84       def test_invalid_transition(self, workflow_engine): E       fixture 'workflow_engine' not found >       available fixtures: anyio_backend, anyio_backend_name, anyio_backend_options, cache, capfd, capfdbinary, caplog, capsys, capsysbinary, client, db, doctest_namespace, ensure_service_registry_initialized, event_loop, monkeypatch, pytestconfig, record_property, record_testsuite_property, record_xml_attribute, recwarn, tmp_path, tmp_path_factory, tmpdir, tmpdir_factory, unused_tcp_port, unused_tcp_port_factory, unused_udp_port, unused_udp_port_factory >       use 'pytest --fixtures [testpath]' for help on them.  C:\\work\\AARD\\backend\\tests\\integration\\test_workflow_engine.py:84\"",
    "time": "0.000",
    "file": ""
  },
  {
    "test": "backend.tests.quick_test.TestWorkflowEngineBasic::test_forced_transition",
    "outcome": "error",
    "message": "failed on setup with \"file C:\\work\\AARD\\backend\\tests\\integration\\test_workflow_engine.py, line 97       def test_forced_transition(self, workflow_engine): E       fixture 'workflow_engine' not found >       available fixtures: anyio_backend, anyio_backend_name, anyio_backend_options, cache, capfd, capfdbinary, caplog, capsys, capsysbinary, client, db, doctest_namespace, ensure_service_registry_initialized, event_loop, monkeypatch, pytestconfig, record_property, record_testsuite_property, record_xml_attribute, recwarn, tmp_path, tmp_path_factory, tmpdir, tmpdir_factory, unused_tcp_port, unused_tcp_port_factory, unused_udp_port, unused_udp_port_factory >       use 'pytest --fixtures [testpath]' for help on them.  C:\\work\\AARD\\backend\\tests\\integration\\test_workflow_engine.py:97\"",
    "time": "0.000",
    "file": ""
  },
  {
    "test": "backend.tests.quick_test.TestWorkflowEngineBasic::test_transition_history",
    "outcome": "error",
    "message": "failed on setup with \"file C:\\work\\AARD\\backend\\tests\\integration\\test_workflow_engine.py, line 111       def test_transition_history(self, workflow_engine): E       fixture 'workflow_engine' not found >       available fixtures: anyio_backend, anyio_backend_name, anyio_backend_options, cache, capfd, capfdbinary, caplog, capsys, capsysbinary, client, db, doctest_namespace, ensure_service_registry_initialized, event_loop, monkeypatch, pytestconfig, record_property, record_testsuite_property, record_xml_attribute, recwarn, tmp_path, tmp_path_factory, tmpdir, tmpdir_factory, unused_tcp_port, unused_tcp_port_factory, unused_udp_port, unused_udp_port_factory >       use 'pytest --fixtures [testpath]' for help on them.  C:\\work\\AARD\\backend\\tests\\integration\\test_workflow_engine.py:111\"",
    "time": "0.000",
    "file": ""
  },
  {
    "test": "backend.tests.quick_test::test_level1_basic_context_creation",
    "outcome": "error",
    "message": "failed on setup with \"file C:\\work\\AARD\\backend\\tests\\integration\\test_phase3_full_integration.py, line 103   @pytest.mark.asyncio   async def test_level1_basic_context_creation(db_session):       \"\"\"Уровень 1: Базовое создание ExecutionContext\"\"\"       print(\"\\n=== УРОВЕНЬ 1: Базовое создание ExecutionContext ===\")        # Создание контекста из сессии       context = ExecutionContext.from_db_session(db_session)        assert context is not None       assert context.db == db_session       assert context.workflow_id is not None       assert len(context.workflow_id) > 0       # trace_id может быть None, если нет активного OpenTelemetry span (нормально для тестов)       # assert context.trace_id is not None        print(f\"✅ ExecutionContext создан: workflow_id={context.workflow_id[:8]}...\") E       fixture 'db_session' not found >       available fixtures: anyio_backend, anyio_backend_name, anyio_backend_options, cache, capfd, capfdbinary, caplog, capsys, capsysbinary, client, db, doctest_namespace, ensure_service_registry_initialized, event_loop, monkeypatch, pytestconfig, record_property, record_testsuite_property, record_xml_attribute, recwarn, tmp_path, tmp_path_factory, tmpdir, tmpdir_factory, unused_tcp_port, unused_tcp_port_factory, unused_udp_port, unused_udp_port_factory >       use 'pytest --fixtures [testpath]' for help on them.  C:\\work\\AARD\\backend\\tests\\integration\\test_phase3_full_integration.py:103\"",
    "time": "0.002",
    "file": ""
  },
  {
    "test": "backend.tests.quick_test.TestWorkflowEngineIntegration::test_workflow_engine_initialization_in_orchestrator",
    "outcome": "error",
    "message": "failed on setup with \"file C:\\work\\AARD\\backend\\tests\\integration\\test_phase4_integration.py, line 107       @pytest.mark.asyncio       async def test_workflow_engine_initialization_in_orchestrator(self, execution_context):           \"\"\"Тест инициализации WorkflowEngine в RequestOrchestrator\"\"\"           orchestrator = RequestOrchestrator()            # Создаем минимальный запрос для инициализации workflow           message = \"Test message\"            # Мокаем LLM вызовы чтобы не делать реальные запросы           with patch('app.core.request_orchestrator.OllamaClient') as mock_ollama:               mock_client = Mock()               mock_client.generate = AsyncMock(return_value=Mock(                   response=\"Test response\",                   model=\"test-model\",                   tokens_used=100               ))               mock_ollama.return_value = mock_client                result = await orchestrator.process_request(                   message=message,                   context=execution_context,                   task_type=\"general_chat\"               )            # Проверяем, что workflow был инициализирован           workflow_engine = WorkflowEngine.from_context(execution_context)           # WorkflowEngine создается внутри process_request, но мы можем проверить через состояние           # В реальном сценарии workflow должен быть в состоянии COMPLETED или другом финальном            assert result is not None           assert result.response is not None E       fixture 'execution_context' not found >       available fixtures: anyio_backend, anyio_backend_name, anyio_backend_options, cache, capfd, capfdbinary, caplog, capsys, capsysbinary, client, db, doctest_namespace, ensure_service_registry_initialized, event_loop, monkeypatch, pytestconfig, record_property, record_testsuite_property, record_xml_attribute, recwarn, tmp_path, tmp_path_factory, tmpdir, tmpdir_factory, unused_tcp_port, unused_tcp_port_factory, unused_udp_port, unused_udp_port_factory >       use 'pytest --fixtures [testpath]' for help on them.  C:\\work\\AARD\\backend\\tests\\integration\\test_phase4_integration.py:107\"",
    "time": "0.002",
    "file": ""
  },
  {
    "test": "backend.tests.quick_test.TestWorkflowEngineIntegration::test_workflow_state_transitions_in_code_generation",
    "outcome": "error",
    "message": "failed on setup with \"file C:\\work\\AARD\\backend\\tests\\integration\\test_phase4_integration.py, line 139       @pytest.mark.asyncio       async def test_workflow_state_transitions_in_code_generation(           self, execution_context, real_model_and_server, test_agent       ):           \"\"\"Тест переходов состояний workflow при генерации кода\"\"\"           model, server = real_model_and_server            # Сохраняем модель и server в контекст           execution_context.metadata = {               \"model\": model.model_name,               \"server_id\": str(server.id),               \"server_url\": server.get_api_url()           }            orchestrator = RequestOrchestrator()            # Простой запрос на генерацию кода           message = \"Create a function that adds two numbers\"            try:               result = await orchestrator.process_request(                   message=message,                   context=execution_context,                   task_type=\"code_generation\",                   model=model.model_name,                   server_id=str(server.id)               )                # Проверяем, что workflow прошел через нужные состояния               workflow_engine = WorkflowEngine.from_context(execution_context)               current_state = workflow_engine.get_current_state()                # Workflow должен быть в финальном состоянии (COMPLETED или FAILED)               assert current_state in [                   WorkflowState.COMPLETED,                   WorkflowState.FAILED,                   WorkflowState.CANCELLED               ], f\"Unexpected workflow state: {current_state}\"                # Проверяем историю переходов               history = workflow_engine.get_transition_history()               assert len(history) > 0, \"Workflow should have transition history\"                # Первое состояние должно быть INITIALIZED               assert history[0].from_state is None or history[0].from_state == WorkflowState.INITIALIZED            except Exception as e:               pytest.skip(f\"Test requires working LLM: {e}\") E       fixture 'execution_context' not found >       available fixtures: anyio_backend, anyio_backend_name, anyio_backend_options, cache, capfd, capfdbinary, caplog, capsys, capsysbinary, client, db, doctest_namespace, ensure_service_registry_initialized, event_loop, monkeypatch, pytestconfig, record_property, record_testsuite_property, record_xml_attribute, recwarn, tmp_path, tmp_path_factory, tmpdir, tmpdir_factory, unused_tcp_port, unused_tcp_port_factory, unused_udp_port, unused_udp_port_factory >       use 'pytest --fixtures [testpath]' for help on them.  C:\\work\\AARD\\backend\\tests\\integration\\test_phase4_integration.py:139\"",
    "time": "0.001",
    "file": ""
  },
  {
    "test": "backend.tests.test_agent_conversation_model::test_agent_conversation_creation",
    "outcome": "passed",
    "message": "",
    "time": "5.195",
    "file": ""
  },
  {
    "test": "backend.tests.test_agent_conversation_model::test_agent_conversation_add_message",
    "outcome": "passed",
    "message": "",
    "time": "5.175",
    "file": ""
  },
  {
    "test": "backend.tests.test_agent_conversation_model::test_agent_conversation_multiple_messages",
    "outcome": "passed",
    "message": "",
    "time": "5.203",
    "file": ""
  },
  {
    "test": "backend.tests.test_agent_conversation_model::test_agent_conversation_participants",
    "outcome": "passed",
    "message": "",
    "time": "5.189",
    "file": ""
  },
  {
    "test": "backend.tests.test_agent_conversation_model::test_agent_conversation_context",
    "outcome": "passed",
    "message": "",
    "time": "5.176",
    "file": ""
  },
  {
    "test": "backend.tests.test_agent_conversation_model::test_agent_conversation_complete",
    "outcome": "passed",
    "message": "",
    "time": "5.163",
    "file": ""
  },
  {
    "test": "backend.tests.test_agent_conversation_model::test_agent_conversation_task_relationship",
    "outcome": "passed",
    "message": "",
    "time": "5.182",
    "file": ""
  },
  {
    "test": "backend.tests.test_agent_conversation_model::test_agent_conversation_to_dict",
    "outcome": "passed",
    "message": "",
    "time": "5.191",
    "file": ""
  },
  {
    "test": "backend.tests.test_agent_conversation_model::test_agent_conversation_default_values",
    "outcome": "passed",
    "message": "",
    "time": "5.203",
    "file": ""
  },
  {
    "test": "backend.tests.test_agent_dialog_api::test_create_conversation",
    "outcome": "passed",
    "message": "",
    "time": "5.468",
    "file": ""
  },
  {
    "test": "backend.tests.test_agent_dialog_api::test_create_conversation_insufficient_participants",
    "outcome": "passed",
    "message": "",
    "time": "0.612",
    "file": ""
  },
  {
    "test": "backend.tests.test_agent_dialog_api::test_get_conversation",
    "outcome": "passed",
    "message": "",
    "time": "0.663",
    "file": ""
  },
  {
    "test": "backend.tests.test_agent_dialog_api::test_get_conversation_not_found",
    "outcome": "passed",
    "message": "",
    "time": "0.748",
    "file": ""
  },
  {
    "test": "backend.tests.test_agent_dialog_api::test_list_conversations",
    "outcome": "passed",
    "message": "",
    "time": "0.631",
    "file": ""
  },
  {
    "test": "backend.tests.test_agent_dialog_api::test_list_conversations_by_task",
    "outcome": "passed",
    "message": "",
    "time": "0.714",
    "file": ""
  },
  {
    "test": "backend.tests.test_agent_dialog_api::test_add_message",
    "outcome": "passed",
    "message": "",
    "time": "0.627",
    "file": ""
  },
  {
    "test": "backend.tests.test_agent_dialog_api::test_add_message_non_participant",
    "outcome": "passed",
    "message": "",
    "time": "0.703",
    "file": ""
  },
  {
    "test": "backend.tests.test_agent_dialog_api::test_send_message_to_participants",
    "outcome": "passed",
    "message": "",
    "time": "0.784",
    "file": ""
  },
  {
    "test": "backend.tests.test_agent_dialog_api::test_update_context",
    "outcome": "passed",
    "message": "",
    "time": "0.800",
    "file": ""
  },
  {
    "test": "backend.tests.test_agent_dialog_api::test_complete_conversation",
    "outcome": "passed",
    "message": "",
    "time": "0.702",
    "file": ""
  },
  {
    "test": "backend.tests.test_agent_dialog_api::test_pause_resume_conversation",
    "outcome": "passed",
    "message": "",
    "time": "0.688",
    "file": ""
  },
  {
    "test": "backend.tests.test_agent_dialog_api::test_get_messages",
    "outcome": "passed",
    "message": "",
    "time": "0.812",
    "file": ""
  },
  {
    "test": "backend.tests.test_agent_dialog_service::test_create_conversation",
    "outcome": "passed",
    "message": "",
    "time": "0.681",
    "file": ""
  },
  {
    "test": "backend.tests.test_agent_dialog_service::test_create_conversation_insufficient_participants",
    "outcome": "passed",
    "message": "",
    "time": "0.638",
    "file": ""
  },
  {
    "test": "backend.tests.test_agent_dialog_service::test_create_conversation_invalid_agent",
    "outcome": "passed",
    "message": "",
    "time": "0.630",
    "file": ""
  },
  {
    "test": "backend.tests.test_agent_dialog_service::test_get_conversation",
    "outcome": "passed",
    "message": "",
    "time": "0.608",
    "file": ""
  },
  {
    "test": "backend.tests.test_agent_dialog_service::test_add_message",
    "outcome": "passed",
    "message": "",
    "time": "0.560",
    "file": ""
  },
  {
    "test": "backend.tests.test_agent_dialog_service::test_add_message_non_participant",
    "outcome": "passed",
    "message": "",
    "time": "0.644",
    "file": ""
  },
  {
    "test": "backend.tests.test_agent_dialog_service::test_update_context",
    "outcome": "passed",
    "message": "",
    "time": "0.633",
    "file": ""
  },
  {
    "test": "backend.tests.test_agent_dialog_service::test_is_conversation_complete",
    "outcome": "passed",
    "message": "",
    "time": "0.677",
    "file": ""
  },
  {
    "test": "backend.tests.test_agent_dialog_service::test_complete_conversation",
    "outcome": "passed",
    "message": "",
    "time": "0.667",
    "file": ""
  },
  {
    "test": "backend.tests.test_agent_dialog_service::test_pause_and_resume_conversation",
    "outcome": "passed",
    "message": "",
    "time": "0.681",
    "file": ""
  },
  {
    "test": "backend.tests.test_agent_dialog_service::test_get_conversations_by_task",
    "outcome": "passed",
    "message": "",
    "time": "0.746",
    "file": ""
  },
  {
    "test": "backend.tests.test_agent_dialog_service::test_get_conversations_by_agent",
    "outcome": "passed",
    "message": "",
    "time": "0.696",
    "file": ""
  },
  {
    "test": "backend.tests.test_agent_selection.TestAgentSelection::test_select_agent_for_task_no_capabilities",
    "outcome": "passed",
    "message": "",
    "time": "0.003",
    "file": ""
  },
  {
    "test": "backend.tests.test_agent_selection.TestAgentSelection::test_select_agent_for_task_with_capabilities",
    "outcome": "passed",
    "message": "",
    "time": "0.002",
    "file": ""
  },
  {
    "test": "backend.tests.test_agent_selection.TestAgentSelection::test_select_agent_preferred_agent",
    "outcome": "passed",
    "message": "",
    "time": "0.002",
    "file": ""
  },
  {
    "test": "backend.tests.test_agent_selection.TestAgentSelection::test_select_agent_no_matching_agents",
    "outcome": "passed",
    "message": "",
    "time": "0.001",
    "file": ""
  },
  {
    "test": "backend.tests.test_agent_team_coordination::test_distribute_task_sequential",
    "outcome": "passed",
    "message": "",
    "time": "0.671",
    "file": ""
  },
  {
    "test": "backend.tests.test_agent_team_coordination::test_distribute_task_parallel",
    "outcome": "passed",
    "message": "",
    "time": "0.616",
    "file": ""
  },
  {
    "test": "backend.tests.test_agent_team_coordination::test_distribute_task_hierarchical",
    "outcome": "passed",
    "message": "",
    "time": "0.656",
    "file": ""
  },
  {
    "test": "backend.tests.test_agent_team_coordination::test_distribute_task_to_role",
    "outcome": "passed",
    "message": "",
    "time": "0.682",
    "file": ""
  },
  {
    "test": "backend.tests.test_agent_team_coordination::test_distribute_task_inactive_team",
    "outcome": "passed",
    "message": "",
    "time": "0.656",
    "file": ""
  },
  {
    "test": "backend.tests.test_agent_team_coordination::test_distribute_task_no_agents",
    "outcome": "passed",
    "message": "",
    "time": "0.616",
    "file": ""
  },
  {
    "test": "backend.tests.test_agent_team_model::test_agent_team_creation",
    "outcome": "passed",
    "message": "",
    "time": "0.635",
    "file": ""
  },
  {
    "test": "backend.tests.test_agent_team_model::test_agent_team_unique_name",
    "outcome": "passed",
    "message": "",
    "time": "0.608",
    "file": ""
  },
  {
    "test": "backend.tests.test_agent_team_model::test_agent_team_defaults",
    "outcome": "passed",
    "message": "",
    "time": "0.593",
    "file": ""
  },
  {
    "test": "backend.tests.test_agent_team_model::test_agent_team_to_dict",
    "outcome": "passed",
    "message": "",
    "time": "0.606",
    "file": ""
  },
  {
    "test": "backend.tests.test_agent_team_model::test_agent_team_coordination_strategies",
    "outcome": "passed",
    "message": "",
    "time": "0.701",
    "file": ""
  },
  {
    "test": "backend.tests.test_agent_team_model::test_agent_team_status_enum",
    "outcome": "passed",
    "message": "",
    "time": "0.590",
    "file": ""
  },
  {
    "test": "backend.tests.test_agent_team_service::test_create_team",
    "outcome": "passed",
    "message": "",
    "time": "0.665",
    "file": ""
  },
  {
    "test": "backend.tests.test_agent_team_service::test_create_team_duplicate_name",
    "outcome": "passed",
    "message": "",
    "time": "0.866",
    "file": ""
  },
  {
    "test": "backend.tests.test_agent_team_service::test_get_team",
    "outcome": "passed",
    "message": "",
    "time": "0.659",
    "file": ""
  },
  {
    "test": "backend.tests.test_agent_team_service::test_get_team_not_found",
    "outcome": "passed",
    "message": "",
    "time": "0.634",
    "file": ""
  },
  {
    "test": "backend.tests.test_agent_team_service::test_list_teams",
    "outcome": "passed",
    "message": "",
    "time": "0.674",
    "file": ""
  },
  {
    "test": "backend.tests.test_agent_team_service::test_list_teams_by_status",
    "outcome": "passed",
    "message": "",
    "time": "0.620",
    "file": ""
  },
  {
    "test": "backend.tests.test_agent_team_service::test_update_team",
    "outcome": "passed",
    "message": "",
    "time": "0.589",
    "file": ""
  },
  {
    "test": "backend.tests.test_agent_team_service::test_add_agent_to_team",
    "outcome": "passed",
    "message": "",
    "time": "0.587",
    "file": ""
  },
  {
    "test": "backend.tests.test_agent_team_service::test_add_agent_to_team_duplicate",
    "outcome": "passed",
    "message": "",
    "time": "0.634",
    "file": ""
  },
  {
    "test": "backend.tests.test_agent_team_service::test_remove_agent_from_team",
    "outcome": "passed",
    "message": "",
    "time": "0.664",
    "file": ""
  },
  {
    "test": "backend.tests.test_agent_team_service::test_set_team_lead",
    "outcome": "passed",
    "message": "",
    "time": "0.673",
    "file": ""
  },
  {
    "test": "backend.tests.test_agent_team_service::test_get_agents_by_role",
    "outcome": "passed",
    "message": "",
    "time": "0.674",
    "file": ""
  },
  {
    "test": "backend.tests.test_agent_team_service::test_activate_team",
    "outcome": "passed",
    "message": "",
    "time": "0.610",
    "file": ""
  },
  {
    "test": "backend.tests.test_agent_team_service::test_pause_team",
    "outcome": "passed",
    "message": "",
    "time": "0.650",
    "file": ""
  },
  {
    "test": "backend.tests.test_agent_team_service::test_delete_team",
    "outcome": "passed",
    "message": "",
    "time": "0.611",
    "file": ""
  },
  {
    "test": "backend.tests.test_alternative_plan_generation::test_generate_alternative_plans_basic",
    "outcome": "passed",
    "message": "",
    "time": "0.541",
    "file": ""
  },
  {
    "test": "backend.tests.test_alternative_plan_generation::test_generate_alternative_plans_three_variants",
    "outcome": "passed",
    "message": "",
    "time": "0.435",
    "file": ""
  },
  {
    "test": "backend.tests.test_alternative_plan_generation::test_generate_alternative_plans_parallel_execution",
    "outcome": "passed",
    "message": "",
    "time": "0.940",
    "file": ""
  },
  {
    "test": "backend.tests.test_alternative_plan_generation::test_generate_alternative_plans_different_strategies",
    "outcome": "passed",
    "message": "",
    "time": "0.451",
    "file": ""
  },
  {
    "test": "backend.tests.test_alternative_plan_generation::test_generate_alternative_plans_with_context",
    "outcome": "passed",
    "message": "",
    "time": "0.309",
    "file": ""
  },
  {
    "test": "backend.tests.test_alternative_plan_generation::test_generate_alternative_plans_limit_enforcement",
    "outcome": "passed",
    "message": "",
    "time": "0.705",
    "file": ""
  },
  {
    "test": "backend.tests.test_audit_scheduler::test_scheduler_initialization",
    "outcome": "passed",
    "message": "",
    "time": "0.000",
    "file": ""
  },
  {
    "test": "backend.tests.test_audit_scheduler::test_get_schedule",
    "outcome": "passed",
    "message": "",
    "time": "0.000",
    "file": ""
  },
  {
    "test": "backend.tests.test_audit_scheduler::test_update_schedule",
    "outcome": "passed",
    "message": "",
    "time": "0.000",
    "file": ""
  },
  {
    "test": "backend.tests.test_audit_scheduler::test_update_schedule_invalid_type",
    "outcome": "passed",
    "message": "",
    "time": "0.000",
    "file": ""
  },
  {
    "test": "backend.tests.test_audit_scheduler::test_start_stop",
    "outcome": "passed",
    "message": "",
    "time": "0.002",
    "file": ""
  },
  {
    "test": "backend.tests.test_audit_scheduler::test_audit_already_exists",
    "outcome": "passed",
    "message": "",
    "time": "0.005",
    "file": ""
  },
  {
    "test": "backend.tests.test_audit_scheduler::test_run_audit_now",
    "outcome": "passed",
    "message": "",
    "time": "0.014",
    "file": ""
  },
  {
    "test": "backend.tests.test_audit_scheduler::test_check_daily_audit_time",
    "outcome": "passed",
    "message": "",
    "time": "0.000",
    "file": ""
  },
  {
    "test": "backend.tests.test_audit_scheduler::test_check_weekly_audit_time",
    "outcome": "passed",
    "message": "",
    "time": "0.000",
    "file": ""
  },
  {
    "test": "backend.tests.test_audit_scheduler::test_check_monthly_audit_time",
    "outcome": "passed",
    "message": "",
    "time": "0.000",
    "file": ""
  },
  {
    "test": "backend.tests.test_audit_trends_analysis::test_analyze_trends_improving",
    "outcome": "passed",
    "message": "",
    "time": "0.134",
    "file": ""
  },
  {
    "test": "backend.tests.test_audit_trends_analysis::test_analyze_trends_insufficient_data",
    "outcome": "passed",
    "message": "",
    "time": "0.075",
    "file": ""
  },
  {
    "test": "backend.tests.test_audit_trends_analysis::test_detect_improvements_degradations",
    "outcome": "passed",
    "message": "",
    "time": "0.082",
    "file": ""
  },
  {
    "test": "backend.tests.test_audit_trends_analysis::test_generate_smart_recommendations",
    "outcome": "passed",
    "message": "",
    "time": "0.063",
    "file": ""
  },
  {
    "test": "backend.tests.test_audit_trends_analysis::test_generate_smart_recommendations_no_issues",
    "outcome": "passed",
    "message": "",
    "time": "0.068",
    "file": ""
  },
  {
    "test": "backend.tests.test_audit_trends_analysis::test_analyze_trends_with_llm_stub",
    "outcome": "passed",
    "message": "",
    "time": "20.659",
    "file": ""
  },
  {
    "test": "backend.tests.test_audit_trends_analysis::test_generate_enhanced_report",
    "outcome": "passed",
    "message": "",
    "time": "0.147",
    "file": ""
  },
  {
    "test": "backend.tests.test_audit_trends_analysis::test_generate_fallback_insights",
    "outcome": "passed",
    "message": "",
    "time": "0.058",
    "file": ""
  },
  {
    "test": "backend.tests.test_audit_trends_analysis::test_format_trends_for_llm",
    "outcome": "passed",
    "message": "",
    "time": "0.179",
    "file": ""
  },
  {
    "test": "backend.tests.test_auto_replan_service::test_auto_replan_on_error_creates_new_plan",
    "outcome": "passed",
    "message": "",
    "time": "0.535",
    "file": ""
  },
  {
    "test": "backend.tests.test_auto_replan_service::test_auto_replan_on_error_with_classification",
    "outcome": "passed",
    "message": "",
    "time": "0.623",
    "file": ""
  },
  {
    "test": "backend.tests.test_auto_replan_service::test_auto_replan_on_error_includes_error_context",
    "outcome": "passed",
    "message": "",
    "time": "0.624",
    "file": ""
  },
  {
    "test": "backend.tests.test_auto_replan_service::test_auto_replan_on_error_handles_failure",
    "outcome": "passed",
    "message": "",
    "time": "0.623",
    "file": ""
  },
  {
    "test": "backend.tests.test_auto_replan_service::test_auto_replan_on_error_reason_formatting",
    "outcome": "passed",
    "message": "",
    "time": "0.684",
    "file": ""
  },
  {
    "test": "backend.tests.test_benchmark_api::test_benchmark_router_exists",
    "outcome": "passed",
    "message": "",
    "time": "0.000",
    "file": ""
  },
  {
    "test": "backend.tests.test_benchmark_api::test_benchmark_router_routes",
    "outcome": "passed",
    "message": "",
    "time": "0.000",
    "file": ""
  },
  {
    "test": "backend.tests.test_benchmark_api::test_benchmark_service_integration",
    "outcome": "passed",
    "message": "",
    "time": "0.013",
    "file": ""
  },
  {
    "test": "backend.tests.test_benchmark_evaluation::test_simple_evaluate_exact_match",
    "outcome": "passed",
    "message": "",
    "time": "0.024",
    "file": ""
  },
  {
    "test": "backend.tests.test_benchmark_evaluation::test_simple_evaluate_contains_expected",
    "outcome": "passed",
    "message": "",
    "time": "0.038",
    "file": ""
  },
  {
    "test": "backend.tests.test_benchmark_evaluation::test_simple_evaluate_no_match",
    "outcome": "passed",
    "message": "",
    "time": "0.031",
    "file": ""
  },
  {
    "test": "backend.tests.test_benchmark_evaluation::test_simple_evaluate_no_expected_output",
    "outcome": "passed",
    "message": "",
    "time": "0.029",
    "file": ""
  },
  {
    "test": "backend.tests.test_benchmark_evaluation::test_calculate_score_from_metrics",
    "outcome": "passed",
    "message": "",
    "time": "0.001",
    "file": ""
  },
  {
    "test": "backend.tests.test_benchmark_evaluation::test_calculate_score_with_weights",
    "outcome": "passed",
    "message": "",
    "time": "0.001",
    "file": ""
  },
  {
    "test": "backend.tests.test_benchmark_evaluation::test_evaluate_result_no_output",
    "outcome": "passed",
    "message": "",
    "time": "0.037",
    "file": ""
  },
  {
    "test": "backend.tests.test_benchmark_evaluation::test_evaluate_result_with_output",
    "outcome": "passed",
    "message": "",
    "time": "0.043",
    "file": ""
  },
  {
    "test": "backend.tests.test_benchmark_execution::test_run_benchmark_basic",
    "outcome": "passed",
    "message": "",
    "time": "3.021",
    "file": ""
  },
  {
    "test": "backend.tests.test_benchmark_execution::test_compare_models_structure",
    "outcome": "passed",
    "message": "",
    "time": "0.020",
    "file": ""
  },
  {
    "test": "backend.tests.test_benchmark_execution::test_run_suite_structure",
    "outcome": "passed",
    "message": "",
    "time": "0.011",
    "file": ""
  },
  {
    "test": "backend.tests.test_benchmark_execution::test_task_type_mapping",
    "outcome": "passed",
    "message": "",
    "time": "0.000",
    "file": ""
  },
  {
    "test": "backend.tests.test_benchmark_result_model::test_create_benchmark_result",
    "outcome": "passed",
    "message": "",
    "time": "0.022",
    "file": ""
  },
  {
    "test": "backend.tests.test_benchmark_result_model::test_benchmark_result_failed",
    "outcome": "passed",
    "message": "",
    "time": "0.020",
    "file": ""
  },
  {
    "test": "backend.tests.test_benchmark_result_model::test_benchmark_result_to_dict",
    "outcome": "passed",
    "message": "",
    "time": "0.023",
    "file": ""
  },
  {
    "test": "backend.tests.test_benchmark_result_model::test_benchmark_result_relationship",
    "outcome": "passed",
    "message": "",
    "time": "0.036",
    "file": ""
  },
  {
    "test": "backend.tests.test_benchmark_service::test_import_task",
    "outcome": "passed",
    "message": "",
    "time": "0.014",
    "file": ""
  },
  {
    "test": "backend.tests.test_benchmark_service::test_import_task_duplicate",
    "outcome": "passed",
    "message": "",
    "time": "0.017",
    "file": ""
  },
  {
    "test": "backend.tests.test_benchmark_service::test_load_tasks_from_file",
    "outcome": "passed",
    "message": "",
    "time": "0.003",
    "file": ""
  },
  {
    "test": "backend.tests.test_benchmark_service::test_list_tasks",
    "outcome": "passed",
    "message": "",
    "time": "0.018",
    "file": ""
  },
  {
    "test": "backend.tests.test_benchmark_service::test_get_task_count_by_type",
    "outcome": "passed",
    "message": "",
    "time": "0.009",
    "file": ""
  },
  {
    "test": "backend.tests.test_benchmark_service::test_import_tasks_from_directory",
    "outcome": "passed",
    "message": "",
    "time": "0.237",
    "file": ""
  },
  {
    "test": "backend.tests.test_benchmark_task_model::test_create_benchmark_task",
    "outcome": "passed",
    "message": "",
    "time": "0.007",
    "file": ""
  },
  {
    "test": "backend.tests.test_benchmark_task_model::test_benchmark_task_unique_name",
    "outcome": "passed",
    "message": "",
    "time": "0.009",
    "file": ""
  },
  {
    "test": "backend.tests.test_benchmark_task_model::test_benchmark_task_to_dict",
    "outcome": "passed",
    "message": "",
    "time": "0.008",
    "file": ""
  },
  {
    "test": "backend.tests.test_benchmark_task_model::test_benchmark_task_types",
    "outcome": "passed",
    "message": "",
    "time": "0.018",
    "file": ""
  },
  {
    "test": "backend.tests.test_contracts_api::test_execution_event_contract",
    "outcome": "passed",
    "message": "",
    "time": "0.932",
    "file": ""
  },
  {
    "test": "backend.tests.test_contracts_api::test_prompt_assignment_contract_api",
    "outcome": "passed",
    "message": "",
    "time": "0.885",
    "file": ""
  },
  {
    "test": "backend.tests.test_contracts_negative::test_create_prompt_invalid_type",
    "outcome": "passed",
    "message": "",
    "time": "0.868",
    "file": ""
  },
  {
    "test": "backend.tests.test_contracts_negative::test_assign_requires_auth",
    "outcome": "passed",
    "message": "",
    "time": "0.850",
    "file": ""
  },
  {
    "test": "backend.tests.test_contracts_negative::test_assign_invalid_uuid_fields_return_422",
    "outcome": "passed",
    "message": "",
    "time": "0.922",
    "file": ""
  },
  {
    "test": "backend.tests.test_contracts_negative::test_events_recent_invalid_limit_returns_422",
    "outcome": "passed",
    "message": "",
    "time": "1.333",
    "file": ""
  },
  {
    "test": "backend.tests.test_contracts_negative::test_delete_assignment_requires_auth",
    "outcome": "passed",
    "message": "",
    "time": "0.919",
    "file": ""
  },
  {
    "test": "backend.tests.test_embedding_service::test_embedding_service_initialization",
    "outcome": "passed",
    "message": "",
    "time": "0.000",
    "file": ""
  },
  {
    "test": "backend.tests.test_embedding_service::test_normalize_vector",
    "outcome": "passed",
    "message": "",
    "time": "0.000",
    "file": ""
  },
  {
    "test": "backend.tests.test_embedding_service::test_cosine_similarity",
    "outcome": "passed",
    "message": "",
    "time": "0.000",
    "file": ""
  },
  {
    "test": "backend.tests.test_embedding_service::test_cache_embedding",
    "outcome": "passed",
    "message": "",
    "time": "0.000",
    "file": ""
  },
  {
    "test": "backend.tests.test_embedding_service::test_clear_cache",
    "outcome": "passed",
    "message": "",
    "time": "0.000",
    "file": ""
  },
  {
    "test": "backend.tests.test_embedding_service::test_get_cache_stats",
    "outcome": "passed",
    "message": "",
    "time": "0.000",
    "file": ""
  },
  {
    "test": "backend.tests.test_embedding_service::test_generate_embedding_empty_text",
    "outcome": "passed",
    "message": "",
    "time": "0.002",
    "file": ""
  },
  {
    "test": "backend.tests.test_embedding_service::test_generate_embedding_with_cache",
    "outcome": "passed",
    "message": "",
    "time": "0.003",
    "file": ""
  },
  {
    "test": "backend.tests.test_embedding_service::test_generate_embeddings_batch",
    "outcome": "passed",
    "message": "",
    "time": "0.002",
    "file": ""
  },
  {
    "test": "backend.tests.test_embedding_service::test_generate_embedding_error_handling",
    "outcome": "passed",
    "message": "",
    "time": "0.004",
    "file": ""
  },
  {
    "test": "backend.tests.test_execution_context::test_execution_context_creation",
    "outcome": "passed",
    "message": "",
    "time": "0.623",
    "file": ""
  },
  {
    "test": "backend.tests.test_execution_context::test_execution_context_with_workflow_id",
    "outcome": "passed",
    "message": "",
    "time": "0.609",
    "file": ""
  },
  {
    "test": "backend.tests.test_execution_context::test_execution_context_metadata",
    "outcome": "passed",
    "message": "",
    "time": "0.704",
    "file": ""
  },
  {
    "test": "backend.tests.test_execution_context::test_execution_context_prompt_manager",
    "outcome": "passed",
    "message": "",
    "time": "0.789",
    "file": ""
  },
  {
    "test": "backend.tests.test_execution_context::test_execution_context_repr",
    "outcome": "passed",
    "message": "",
    "time": "0.703",
    "file": ""
  },
  {
    "test": "backend.tests.test_execution_error_detection.TestExecutionErrorDetection::test_critical_plan_structure_error",
    "outcome": "passed",
    "message": "",
    "time": "0.000",
    "file": ""
  },
  {
    "test": "backend.tests.test_execution_error_detection.TestExecutionErrorDetection::test_critical_dependency_error",
    "outcome": "passed",
    "message": "",
    "time": "0.000",
    "file": ""
  },
  {
    "test": "backend.tests.test_execution_error_detection.TestExecutionErrorDetection::test_critical_environment_error",
    "outcome": "passed",
    "message": "",
    "time": "0.000",
    "file": ""
  },
  {
    "test": "backend.tests.test_execution_error_detection.TestExecutionErrorDetection::test_high_severity_agent_error",
    "outcome": "passed",
    "message": "",
    "time": "0.001",
    "file": ""
  },
  {
    "test": "backend.tests.test_execution_error_detection.TestExecutionErrorDetection::test_high_severity_validation_error",
    "outcome": "passed",
    "message": "",
    "time": "0.000",
    "file": ""
  },
  {
    "test": "backend.tests.test_execution_error_detection.TestExecutionErrorDetection::test_timeout_error",
    "outcome": "passed",
    "message": "",
    "time": "0.000",
    "file": ""
  },
  {
    "test": "backend.tests.test_execution_error_detection.TestExecutionErrorDetection::test_timeout_after_retries",
    "outcome": "passed",
    "message": "",
    "time": "0.000",
    "file": ""
  },
  {
    "test": "backend.tests.test_execution_error_detection.TestExecutionErrorDetection::test_medium_severity_unknown_error",
    "outcome": "passed",
    "message": "",
    "time": "0.000",
    "file": ""
  },
  {
    "test": "backend.tests.test_execution_error_detection.TestExecutionErrorDetection::test_requires_replanning_function",
    "outcome": "passed",
    "message": "",
    "time": "0.000",
    "file": ""
  },
  {
    "test": "backend.tests.test_execution_error_detection.TestExecutionErrorDetection::test_error_with_context",
    "outcome": "passed",
    "message": "",
    "time": "0.000",
    "file": ""
  },
  {
    "test": "backend.tests.test_execution_error_detection.TestExecutionErrorDetection::test_error_with_type",
    "outcome": "passed",
    "message": "",
    "time": "0.000",
    "file": ""
  },
  {
    "test": "backend.tests.test_execution_error_detection.TestExecutionErrorDetection::test_error_to_dict",
    "outcome": "passed",
    "message": "",
    "time": "0.000",
    "file": ""
  },
  {
    "test": "backend.tests.test_execution_error_detection.TestExecutionErrorDetection::test_case_insensitive_patterns",
    "outcome": "passed",
    "message": "",
    "time": "0.000",
    "file": ""
  },
  {
    "test": "backend.tests.test_execution_error_detection.TestExecutionErrorDetection::test_multiple_pattern_matching",
    "outcome": "passed",
    "message": "",
    "time": "0.000",
    "file": ""
  },
  {
    "test": "backend.tests.test_execution_error_detection.TestExecutionErrorDetection::test_resource_error_detection",
    "outcome": "passed",
    "message": "",
    "time": "0.001",
    "file": ""
  },
  {
    "test": "backend.tests.test_execution_error_detection.TestExecutionErrorDetection::test_circular_dependency_error",
    "outcome": "passed",
    "message": "",
    "time": "0.000",
    "file": ""
  },
  {
    "test": "backend.tests.test_integration_basic::test_basic_orchestrator_works",
    "outcome": "skipped",
    "message": "Server with URL containing 10.39.0.6 not found in database",
    "time": "0.594",
    "file": ""
  },
  {
    "test": "backend.tests.test_integration_code_generation::test_code_generation_simple_function",
    "outcome": "skipped",
    "message": "Server with URL containing 10.39.0.6 not found",
    "time": "0.584",
    "file": ""
  },
  {
    "test": "backend.tests.test_integration_code_generation::test_code_generation_with_planning",
    "outcome": "skipped",
    "message": "Server with URL containing 10.39.0.6 not found",
    "time": "0.621",
    "file": ""
  },
  {
    "test": "backend.tests.test_integration_code_generation::test_code_generation_prompt_metrics",
    "outcome": "skipped",
    "message": "Server with URL containing 10.39.0.6 not found",
    "time": "0.650",
    "file": ""
  },
  {
    "test": "backend.tests.test_integration_code_generation::test_planning_only",
    "outcome": "skipped",
    "message": "Server with URL containing 10.39.0.6 not found",
    "time": "0.570",
    "file": ""
  },
  {
    "test": "backend.tests.test_integration_complex_task::test_complex_task_multi_step",
    "outcome": "skipped",
    "message": "No Ollama servers configured",
    "time": "0.554",
    "file": ""
  },
  {
    "test": "backend.tests.test_integration_complex_task::test_complex_task_with_context",
    "outcome": "skipped",
    "message": "No Ollama servers configured",
    "time": "0.668",
    "file": ""
  },
  {
    "test": "backend.tests.test_integration_complex_task::test_full_workflow_with_prompts",
    "outcome": "skipped",
    "message": "No Ollama servers configured",
    "time": "0.669",
    "file": ""
  },
  {
    "test": "backend.tests.test_integration_complex_task::test_error_handling_and_fallback",
    "outcome": "skipped",
    "message": "No Ollama servers configured",
    "time": "0.691",
    "file": ""
  },
  {
    "test": "backend.tests.test_integration_comprehensive.TestEndToEndWorkflow::test_full_workflow_with_autonomy_levels",
    "outcome": "passed",
    "message": "",
    "time": "0.032",
    "file": ""
  },
  {
    "test": "backend.tests.test_integration_comprehensive.TestEndToEndWorkflow::test_adaptive_approval_with_autonomy",
    "outcome": "passed",
    "message": "",
    "time": "0.041",
    "file": ""
  },
  {
    "test": "backend.tests.test_integration_comprehensive.TestEndToEndWorkflow::test_agent_approval_workflow",
    "outcome": "passed",
    "message": "",
    "time": "0.015",
    "file": ""
  },
  {
    "test": "backend.tests.test_integration_comprehensive.TestDualModelIntegration::test_planner_coder_separation",
    "outcome": "passed",
    "message": "",
    "time": "0.019",
    "file": ""
  },
  {
    "test": "backend.tests.test_integration_comprehensive.TestDualModelIntegration::test_function_call_creation",
    "outcome": "passed",
    "message": "",
    "time": "0.011",
    "file": ""
  },
  {
    "test": "backend.tests.test_integration_comprehensive.TestComponentIntegration::test_all_services_use_execution_context",
    "outcome": "passed",
    "message": "",
    "time": "0.001",
    "file": ""
  },
  {
    "test": "backend.tests.test_integration_comprehensive.TestComponentIntegration::test_workflow_engine_available",
    "outcome": "passed",
    "message": "",
    "time": "0.001",
    "file": ""
  },
  {
    "test": "backend.tests.test_integration_comprehensive.TestComponentIntegration::test_prompt_manager_available",
    "outcome": "passed",
    "message": "",
    "time": "0.001",
    "file": ""
  },
  {
    "test": "backend.tests.test_integration_prompt_improvement::test_prompt_usage_tracking",
    "outcome": "skipped",
    "message": "No Ollama servers configured",
    "time": "0.723",
    "file": ""
  },
  {
    "test": "backend.tests.test_integration_prompt_improvement::test_prompt_improvement_analysis",
    "outcome": "skipped",
    "message": "No Ollama servers configured",
    "time": "0.613",
    "file": ""
  },
  {
    "test": "backend.tests.test_integration_prompt_improvement::test_ab_testing_prompts",
    "outcome": "skipped",
    "message": "No Ollama servers configured",
    "time": "0.606",
    "file": ""
  },
  {
    "test": "backend.tests.test_integration_prompt_improvement::test_prompt_metrics_aggregation",
    "outcome": "skipped",
    "message": "No Ollama servers configured",
    "time": "0.776",
    "file": ""
  },
  {
    "test": "backend.tests.test_integration_simple_question::test_simple_question_basic",
    "outcome": "skipped",
    "message": "No Ollama servers configured in database",
    "time": "0.654",
    "file": ""
  },
  {
    "test": "backend.tests.test_integration_simple_question::test_simple_question_greeting",
    "outcome": "skipped",
    "message": "Server with URL containing 10.39.0.6 not found",
    "time": "0.674",
    "file": ""
  },
  {
    "test": "backend.tests.test_integration_simple_question::test_simple_question_factual",
    "outcome": "skipped",
    "message": "Server with URL containing 10.39.0.6 not found",
    "time": "0.597",
    "file": ""
  },
  {
    "test": "backend.tests.test_integration_simple_question::test_simple_question_explanation",
    "outcome": "skipped",
    "message": "Server with URL containing 10.39.0.6 not found",
    "time": "0.632",
    "file": ""
  },
  {
    "test": "backend.tests.test_integration_simple_question::test_simple_question_prompt_manager_integration",
    "outcome": "skipped",
    "message": "Server with URL containing 10.39.0.6 not found",
    "time": "0.604",
    "file": ""
  },
  {
    "test": "backend.tests.test_interpretation_llm_integration::test_interpretation_with_ollama_if_available",
    "outcome": "passed",
    "message": "",
    "time": "21.180",
    "file": ""
  },
  {
    "test": "backend.tests.test_interpretation_llm_integration::test_interpretation_handles_ollama_failure_gracefully",
    "outcome": "passed",
    "message": "",
    "time": "0.898",
    "file": ""
  },
  {
    "test": "backend.tests.test_memory_service_integration::test_memory_service_with_execution_context",
    "outcome": "passed",
    "message": "",
    "time": "0.001",
    "file": ""
  },
  {
    "test": "backend.tests.test_memory_service_integration::test_memory_service_backward_compatibility",
    "outcome": "passed",
    "message": "",
    "time": "0.000",
    "file": ""
  },
  {
    "test": "backend.tests.test_memory_service_integration::test_memory_service_save_memory_with_context",
    "outcome": "passed",
    "message": "",
    "time": "0.018",
    "file": ""
  },
  {
    "test": "backend.tests.test_memory_vector_search::test_search_memories_vector_no_embeddings",
    "outcome": "passed",
    "message": "",
    "time": "0.010",
    "file": ""
  },
  {
    "test": "backend.tests.test_memory_vector_search::test_search_memories_vector_with_embeddings",
    "outcome": "passed",
    "message": "",
    "time": "0.007",
    "file": ""
  },
  {
    "test": "backend.tests.test_memory_vector_search::test_search_memories_vector_error_handling",
    "outcome": "passed",
    "message": "",
    "time": "0.011",
    "file": ""
  },
  {
    "test": "backend.tests.test_memory_vector_search::test_search_memories_vector_filters",
    "outcome": "passed",
    "message": "",
    "time": "0.004",
    "file": ""
  },
  {
    "test": "backend.tests.test_meta_learning_service_integration::test_meta_learning_service_with_execution_context",
    "outcome": "passed",
    "message": "",
    "time": "0.002",
    "file": ""
  },
  {
    "test": "backend.tests.test_meta_learning_service_integration::test_meta_learning_service_backward_compatibility",
    "outcome": "passed",
    "message": "",
    "time": "0.002",
    "file": ""
  },
  {
    "test": "backend.tests.test_meta_learning_service_integration::test_meta_learning_service_analyze_patterns_with_context",
    "outcome": "passed",
    "message": "",
    "time": "0.008",
    "file": ""
  },
  {
    "test": "backend.tests.test_ollama_client::test_model_selection",
    "outcome": "passed",
    "message": "",
    "time": "0.001",
    "file": ""
  },
  {
    "test": "backend.tests.test_ollama_client::test_cache_key_generation",
    "outcome": "passed",
    "message": "",
    "time": "0.000",
    "file": ""
  },
  {
    "test": "backend.tests.test_ollama_client::test_health_check",
    "outcome": "passed",
    "message": "",
    "time": "0.238",
    "file": ""
  },
  {
    "test": "backend.tests.test_phase1_critical_fixes.TestCriticalBugs::test_execute_decision_step_exists",
    "outcome": "passed",
    "message": "",
    "time": "0.001",
    "file": ""
  },
  {
    "test": "backend.tests.test_phase1_critical_fixes.TestCriticalBugs::test_execute_validation_step_exists",
    "outcome": "passed",
    "message": "",
    "time": "0.000",
    "file": ""
  },
  {
    "test": "backend.tests.test_phase1_critical_fixes.TestCriticalBugs::test_execute_with_team_exists",
    "outcome": "passed",
    "message": "",
    "time": "0.000",
    "file": ""
  },
  {
    "test": "backend.tests.test_phase1_critical_fixes.TestCriticalBugs::test_web_search_tool_integration",
    "outcome": "passed",
    "message": "",
    "time": "0.000",
    "file": ""
  },
  {
    "test": "backend.tests.test_phase1_critical_fixes.TestComponentUnification::test_workflow_engine_in_execution_context",
    "outcome": "passed",
    "message": "",
    "time": "0.000",
    "file": ""
  },
  {
    "test": "backend.tests.test_phase1_critical_fixes.TestComponentUnification::test_prompt_manager_in_execution_context",
    "outcome": "passed",
    "message": "",
    "time": "0.001",
    "file": ""
  },
  {
    "test": "backend.tests.test_phase1_critical_fixes.TestComponentUnification::test_planning_service_uses_workflow_engine",
    "outcome": "passed",
    "message": "",
    "time": "0.001",
    "file": ""
  },
  {
    "test": "backend.tests.test_phase1_critical_fixes.TestComponentUnification::test_execution_service_uses_workflow_engine",
    "outcome": "passed",
    "message": "",
    "time": "0.002",
    "file": ""
  },
  {
    "test": "backend.tests.test_phase1_critical_fixes.TestWebSearchIntegration::test_web_search_requires_approval",
    "outcome": "passed",
    "message": "",
    "time": "0.001",
    "file": ""
  },
  {
    "test": "backend.tests.test_phase2_dual_model.TestPlannerAgent::test_planner_agent_creation",
    "outcome": "passed",
    "message": "",
    "time": "0.017",
    "file": ""
  },
  {
    "test": "backend.tests.test_phase2_dual_model.TestPlannerAgent::test_planner_agent_analyze_task",
    "outcome": "passed",
    "message": "",
    "time": "0.018",
    "file": ""
  },
  {
    "test": "backend.tests.test_phase2_dual_model.TestCoderAgent::test_coder_agent_creation",
    "outcome": "passed",
    "message": "",
    "time": "0.016",
    "file": ""
  },
  {
    "test": "backend.tests.test_phase2_dual_model.TestDualModelIntegration::test_planning_service_has_planner_agent",
    "outcome": "passed",
    "message": "",
    "time": "0.001",
    "file": ""
  },
  {
    "test": "backend.tests.test_phase2_dual_model.TestDualModelIntegration::test_execution_service_has_coder_agent",
    "outcome": "passed",
    "message": "",
    "time": "0.001",
    "file": ""
  },
  {
    "test": "backend.tests.test_phase2_dual_model.TestDualModelIntegration::test_planner_agent_creates_function_call",
    "outcome": "passed",
    "message": "",
    "time": "0.017",
    "file": ""
  },
  {
    "test": "backend.tests.test_phase2_dual_model.TestDualModelIntegration::test_function_call_protocol",
    "outcome": "passed",
    "message": "",
    "time": "0.000",
    "file": ""
  },
  {
    "test": "backend.tests.test_phase3_autonomy_levels.TestAutonomyLevels::test_task_has_autonomy_level",
    "outcome": "passed",
    "message": "",
    "time": "0.006",
    "file": ""
  },
  {
    "test": "backend.tests.test_phase3_autonomy_levels.TestAutonomyLevels::test_adaptive_approval_considers_autonomy_level",
    "outcome": "passed",
    "message": "",
    "time": "0.016",
    "file": ""
  },
  {
    "test": "backend.tests.test_phase3_autonomy_levels.TestAgentApprovalAgent::test_aaa_creation",
    "outcome": "passed",
    "message": "",
    "time": "0.006",
    "file": ""
  },
  {
    "test": "backend.tests.test_phase3_autonomy_levels.TestAgentApprovalAgent::test_aaa_validates_agent_creation",
    "outcome": "passed",
    "message": "",
    "time": "0.008",
    "file": ""
  },
  {
    "test": "backend.tests.test_phase3_autonomy_levels.TestTaskLifecycleManager::test_lifecycle_manager_creation",
    "outcome": "passed",
    "message": "",
    "time": "0.000",
    "file": ""
  },
  {
    "test": "backend.tests.test_phase3_autonomy_levels.TestTaskLifecycleManager::test_lifecycle_transitions",
    "outcome": "passed",
    "message": "",
    "time": "0.019",
    "file": ""
  },
  {
    "test": "backend.tests.test_phase3_autonomy_levels.TestTaskLifecycleManager::test_lifecycle_forbidden_transition",
    "outcome": "passed",
    "message": "",
    "time": "0.006",
    "file": ""
  },
  {
    "test": "backend.tests.test_phase3_autonomy_levels.TestTaskLifecycleManager::test_lifecycle_role_permissions",
    "outcome": "passed",
    "message": "",
    "time": "0.006",
    "file": ""
  },
  {
    "test": "backend.tests.test_phase4_workflow_engine.TestTaskLifecycleIntegration::test_planning_service_uses_lifecycle_manager",
    "outcome": "passed",
    "message": "",
    "time": "0.001",
    "file": ""
  },
  {
    "test": "backend.tests.test_phase4_workflow_engine.TestTaskLifecycleIntegration::test_lifecycle_manager_in_planning",
    "outcome": "passed",
    "message": "",
    "time": "0.019",
    "file": ""
  },
  {
    "test": "backend.tests.test_phase4_workflow_engine.TestReplanning::test_planning_service_has_replan_method",
    "outcome": "passed",
    "message": "",
    "time": "0.001",
    "file": ""
  },
  {
    "test": "backend.tests.test_phase4_workflow_engine.TestReplanning::test_planning_service_has_auto_replan_on_error",
    "outcome": "passed",
    "message": "",
    "time": "0.001",
    "file": ""
  },
  {
    "test": "backend.tests.test_phase4_workflow_engine.TestReplanning::test_replanning_uses_memory",
    "outcome": "passed",
    "message": "",
    "time": "0.002",
    "file": ""
  },
  {
    "test": "backend.tests.test_phase4_workflow_engine.TestMemoryIntegration::test_execution_saves_to_memory",
    "outcome": "passed",
    "message": "",
    "time": "0.013",
    "file": ""
  },
  {
    "test": "backend.tests.test_plan_evaluation::test_evaluate_plan_basic",
    "outcome": "passed",
    "message": "",
    "time": "0.014",
    "file": ""
  },
  {
    "test": "backend.tests.test_plan_evaluation::test_evaluate_execution_time",
    "outcome": "passed",
    "message": "",
    "time": "0.020",
    "file": ""
  },
  {
    "test": "backend.tests.test_plan_evaluation::test_evaluate_efficiency",
    "outcome": "passed",
    "message": "",
    "time": "0.025",
    "file": ""
  },
  {
    "test": "backend.tests.test_plan_evaluation::test_evaluate_risk_level",
    "outcome": "passed",
    "message": "",
    "time": "0.026",
    "file": ""
  },
  {
    "test": "backend.tests.test_plan_evaluation::test_evaluate_approval_points",
    "outcome": "passed",
    "message": "",
    "time": "0.011",
    "file": ""
  },
  {
    "test": "backend.tests.test_plan_evaluation::test_evaluate_plans_ranking",
    "outcome": "passed",
    "message": "",
    "time": "0.029",
    "file": ""
  },
  {
    "test": "backend.tests.test_plan_evaluation::test_evaluate_plans_custom_weights",
    "outcome": "passed",
    "message": "",
    "time": "0.021",
    "file": ""
  },
  {
    "test": "backend.tests.test_plan_evaluation::test_compare_plans",
    "outcome": "passed",
    "message": "",
    "time": "0.026",
    "file": ""
  },
  {
    "test": "backend.tests.test_plan_evaluation::test_generate_recommendations",
    "outcome": "passed",
    "message": "",
    "time": "0.013",
    "file": ""
  },
  {
    "test": "backend.tests.test_plan_evaluation::test_evaluate_plan_no_duration",
    "outcome": "passed",
    "message": "",
    "time": "0.014",
    "file": ""
  },
  {
    "test": "backend.tests.test_plan_evaluation::test_evaluate_plan_empty_steps",
    "outcome": "passed",
    "message": "",
    "time": "0.014",
    "file": ""
  },
  {
    "test": "backend.tests.test_plan_execution.TestStepExecutor::test_execute_step_success",
    "outcome": "passed",
    "message": "",
    "time": "0.012",
    "file": ""
  },
  {
    "test": "backend.tests.test_plan_execution.TestStepExecutor::test_execute_step_failure",
    "outcome": "passed",
    "message": "",
    "time": "0.008",
    "file": ""
  },
  {
    "test": "backend.tests.test_plan_execution.TestStepExecutor::test_execute_step_approval_required",
    "outcome": "passed",
    "message": "",
    "time": "0.007",
    "file": ""
  },
  {
    "test": "backend.tests.test_plan_execution.TestStepExecutor::test_execute_step_unknown_type",
    "outcome": "passed",
    "message": "",
    "time": "0.009",
    "file": ""
  },
  {
    "test": "backend.tests.test_plan_execution.TestExecutionService::test_execute_plan_not_found",
    "outcome": "passed",
    "message": "",
    "time": "0.002",
    "file": ""
  },
  {
    "test": "backend.tests.test_plan_execution.TestExecutionService::test_execute_plan_not_approved",
    "outcome": "passed",
    "message": "",
    "time": "0.004",
    "file": ""
  },
  {
    "test": "backend.tests.test_plan_execution.TestExecutionService::test_execute_plan_no_steps",
    "outcome": "passed",
    "message": "",
    "time": "39.899",
    "file": ""
  },
  {
    "test": "backend.tests.test_plan_execution.TestExecutionService::test_execute_plan_success",
    "outcome": "passed",
    "message": "",
    "time": "0.006",
    "file": ""
  },
  {
    "test": "backend.tests.test_plan_execution.TestExecutionService::test_execute_plan_dependency_error",
    "outcome": "passed",
    "message": "",
    "time": "40.253",
    "file": ""
  },
  {
    "test": "backend.tests.test_plan_execution.TestExecutionService::test_execute_plan_step_failure",
    "outcome": "passed",
    "message": "",
    "time": "0.006",
    "file": ""
  },
  {
    "test": "backend.tests.test_plan_execution.TestExecutionService::test_get_execution_status",
    "outcome": "passed",
    "message": "",
    "time": "0.001",
    "file": ""
  },
  {
    "test": "backend.tests.test_plan_template_extraction.TestPlanTemplateExtraction::test_extract_template_on_plan_completion",
    "outcome": "failure",
    "message": "assert None is not None",
    "time": "0.004",
    "file": ""
  },
  {
    "test": "backend.tests.test_plan_template_extraction.TestPlanTemplateExtraction::test_extract_template_quality_criteria_min_steps",
    "outcome": "passed",
    "message": "",
    "time": "0.002",
    "file": ""
  },
  {
    "test": "backend.tests.test_plan_template_extraction.TestPlanTemplateExtraction::test_extract_template_quality_criteria_duration",
    "outcome": "passed",
    "message": "",
    "time": "0.001",
    "file": ""
  },
  {
    "test": "backend.tests.test_plan_template_extraction.TestPlanTemplateExtraction::test_extract_template_skips_if_already_extracted",
    "outcome": "passed",
    "message": "",
    "time": "0.002",
    "file": ""
  },
  {
    "test": "backend.tests.test_plan_template_extraction.TestPlanTemplateExtraction::test_extract_template_disabled",
    "outcome": "passed",
    "message": "",
    "time": "0.003",
    "file": ""
  },
  {
    "test": "backend.tests.test_plan_template_service.TestPlanTemplateService::test_extract_template_from_plan_success",
    "outcome": "failure",
    "message": "assert None is not None",
    "time": "0.004",
    "file": ""
  },
  {
    "test": "backend.tests.test_plan_template_service.TestPlanTemplateService::test_extract_template_from_non_completed_plan",
    "outcome": "passed",
    "message": "",
    "time": "0.002",
    "file": ""
  },
  {
    "test": "backend.tests.test_plan_template_service.TestPlanTemplateService::test_extract_template_plan_not_found",
    "outcome": "passed",
    "message": "",
    "time": "0.002",
    "file": ""
  },
  {
    "test": "backend.tests.test_plan_template_service.TestPlanTemplateService::test_abstract_text",
    "outcome": "passed",
    "message": "",
    "time": "0.001",
    "file": ""
  },
  {
    "test": "backend.tests.test_plan_template_service.TestPlanTemplateService::test_infer_category",
    "outcome": "passed",
    "message": "",
    "time": "0.001",
    "file": ""
  },
  {
    "test": "backend.tests.test_plan_template_service.TestPlanTemplateService::test_infer_tags",
    "outcome": "passed",
    "message": "",
    "time": "0.001",
    "file": ""
  },
  {
    "test": "backend.tests.test_plan_template_service.TestPlanTemplateService::test_find_matching_templates_text_search",
    "outcome": "passed",
    "message": "",
    "time": "0.002",
    "file": ""
  },
  {
    "test": "backend.tests.test_plan_template_service.TestPlanTemplateService::test_find_matching_templates_with_category_filter",
    "outcome": "passed",
    "message": "",
    "time": "0.002",
    "file": ""
  },
  {
    "test": "backend.tests.test_plan_template_service.TestPlanTemplateService::test_rank_templates",
    "outcome": "passed",
    "message": "",
    "time": "0.002",
    "file": ""
  },
  {
    "test": "backend.tests.test_plan_template_service.TestPlanTemplateService::test_get_template",
    "outcome": "failure",
    "message": "TypeError: 'Mock' object is not subscriptable",
    "time": "0.002",
    "file": ""
  },
  {
    "test": "backend.tests.test_plan_template_service.TestPlanTemplateService::test_list_templates",
    "outcome": "passed",
    "message": "",
    "time": "0.002",
    "file": ""
  },
  {
    "test": "backend.tests.test_plan_template_service.TestPlanTemplateService::test_update_template_usage",
    "outcome": "failure",
    "message": "TypeError: 'Mock' object is not subscriptable",
    "time": "0.002",
    "file": ""
  },
  {
    "test": "backend.tests.test_plan_tree_api.TestPlanTreeAPI::test_get_plan_tree_success",
    "outcome": "passed",
    "message": "",
    "time": "0.027",
    "file": ""
  },
  {
    "test": "backend.tests.test_plan_tree_api.TestPlanTreeAPI::test_get_plan_tree_not_found",
    "outcome": "passed",
    "message": "",
    "time": "0.008",
    "file": ""
  },
  {
    "test": "backend.tests.test_plan_tree_api.TestPlanTreeAPI::test_get_plan_tree_with_metadata",
    "outcome": "passed",
    "message": "",
    "time": "0.024",
    "file": ""
  },
  {
    "test": "backend.tests.test_plan_tree_api.TestPlanTreeAPI::test_get_plan_tree_without_metadata",
    "outcome": "passed",
    "message": "",
    "time": "0.021",
    "file": ""
  },
  {
    "test": "backend.tests.test_plan_tree_api.TestPlanTreeAPI::test_get_plan_tree_empty_steps",
    "outcome": "passed",
    "message": "",
    "time": "0.020",
    "file": ""
  },
  {
    "test": "backend.tests.test_plan_tree_api.TestPlanTreeAPI::test_get_plan_tree_hierarchy_structure",
    "outcome": "passed",
    "message": "",
    "time": "0.028",
    "file": ""
  },
  {
    "test": "backend.tests.test_plan_tree_api.TestPlanTreeAPI::test_get_plan_tree_includes_plan_info",
    "outcome": "passed",
    "message": "",
    "time": "0.022",
    "file": ""
  },
  {
    "test": "backend.tests.test_plan_tree_service.TestPlanTreeService::test_empty_steps",
    "outcome": "failure",
    "message": "KeyError: 'has_hierarchy'",
    "time": "0.000",
    "file": ""
  },
  {
    "test": "backend.tests.test_plan_tree_service.TestPlanTreeService::test_single_step",
    "outcome": "passed",
    "message": "",
    "time": "0.000",
    "file": ""
  },
  {
    "test": "backend.tests.test_plan_tree_service.TestPlanTreeService::test_linear_steps",
    "outcome": "passed",
    "message": "",
    "time": "0.000",
    "file": ""
  },
  {
    "test": "backend.tests.test_plan_tree_service.TestPlanTreeService::test_branched_steps",
    "outcome": "passed",
    "message": "",
    "time": "0.000",
    "file": ""
  },
  {
    "test": "backend.tests.test_plan_tree_service.TestPlanTreeService::test_multiple_roots",
    "outcome": "passed",
    "message": "",
    "time": "0.000",
    "file": ""
  },
  {
    "test": "backend.tests.test_plan_tree_service.TestPlanTreeService::test_complex_hierarchy",
    "outcome": "passed",
    "message": "",
    "time": "0.000",
    "file": ""
  },
  {
    "test": "backend.tests.test_plan_tree_service.TestPlanTreeService::test_include_metadata",
    "outcome": "passed",
    "message": "",
    "time": "0.000",
    "file": ""
  },
  {
    "test": "backend.tests.test_plan_tree_service.TestPlanTreeService::test_exclude_metadata",
    "outcome": "passed",
    "message": "",
    "time": "0.000",
    "file": ""
  },
  {
    "test": "backend.tests.test_plan_tree_service.TestPlanTreeService::test_build_flat_tree",
    "outcome": "passed",
    "message": "",
    "time": "0.000",
    "file": ""
  },
  {
    "test": "backend.tests.test_plan_tree_service.TestPlanTreeService::test_level_calculation",
    "outcome": "passed",
    "message": "",
    "time": "0.000",
    "file": ""
  },
  {
    "test": "backend.tests.test_planning_service_unit.TestPlanningServiceUnit::test_estimate_duration_empty_steps",
    "outcome": "passed",
    "message": "",
    "time": "0.001",
    "file": ""
  },
  {
    "test": "backend.tests.test_planning_service_unit.TestPlanningServiceUnit::test_estimate_duration_with_default_timeout",
    "outcome": "passed",
    "message": "",
    "time": "0.000",
    "file": ""
  },
  {
    "test": "backend.tests.test_planning_service_unit.TestPlanningServiceUnit::test_estimate_duration_with_custom_timeout",
    "outcome": "passed",
    "message": "",
    "time": "0.000",
    "file": ""
  },
  {
    "test": "backend.tests.test_planning_service_unit.TestPlanningServiceUnit::test_parse_and_validate_json_valid",
    "outcome": "passed",
    "message": "",
    "time": "0.001",
    "file": ""
  },
  {
    "test": "backend.tests.test_planning_service_unit.TestPlanningServiceUnit::test_parse_and_validate_json_with_code_block",
    "outcome": "passed",
    "message": "",
    "time": "0.000",
    "file": ""
  },
  {
    "test": "backend.tests.test_planning_service_unit.TestPlanningServiceUnit::test_parse_and_validate_json_with_markdown",
    "outcome": "passed",
    "message": "",
    "time": "0.000",
    "file": ""
  },
  {
    "test": "backend.tests.test_planning_service_unit.TestPlanningServiceUnit::test_parse_and_validate_json_array",
    "outcome": "passed",
    "message": "",
    "time": "0.001",
    "file": ""
  },
  {
    "test": "backend.tests.test_planning_service_unit.TestPlanningServiceUnit::test_parse_and_validate_json_invalid",
    "outcome": "passed",
    "message": "",
    "time": "0.002",
    "file": ""
  },
  {
    "test": "backend.tests.test_planning_service_unit.TestPlanningServiceUnit::test_parse_json_from_response",
    "outcome": "passed",
    "message": "",
    "time": "0.001",
    "file": ""
  },
  {
    "test": "backend.tests.test_planning_service_unit.TestPlanningServiceUnit::test_get_plan_found",
    "outcome": "passed",
    "message": "",
    "time": "0.003",
    "file": ""
  },
  {
    "test": "backend.tests.test_planning_service_unit.TestPlanningServiceUnit::test_get_plan_not_found",
    "outcome": "passed",
    "message": "",
    "time": "0.002",
    "file": ""
  },
  {
    "test": "backend.tests.test_planning_service_unit.TestPlanningServiceUnit::test_get_plans_for_task",
    "outcome": "passed",
    "message": "",
    "time": "0.002",
    "file": ""
  },
  {
    "test": "backend.tests.test_planning_service_unit.TestPlanningServiceUnit::test_approve_plan_success",
    "outcome": "passed",
    "message": "",
    "time": "0.004",
    "file": ""
  },
  {
    "test": "backend.tests.test_planning_service_unit.TestPlanningServiceUnit::test_approve_plan_not_found",
    "outcome": "passed",
    "message": "",
    "time": "0.003",
    "file": ""
  },
  {
    "test": "backend.tests.test_planning_service_unit.TestPlanningServiceUnit::test_start_execution_success",
    "outcome": "passed",
    "message": "",
    "time": "0.003",
    "file": ""
  },
  {
    "test": "backend.tests.test_planning_service_unit.TestPlanningServiceUnit::test_start_execution_not_approved",
    "outcome": "passed",
    "message": "",
    "time": "0.002",
    "file": ""
  },
  {
    "test": "backend.tests.test_planning_service_unit.TestPlanningServiceUnit::test_start_execution_not_found",
    "outcome": "passed",
    "message": "",
    "time": "0.002",
    "file": ""
  },
  {
    "test": "backend.tests.test_planning_with_teams::test_plan_with_team",
    "outcome": "failure",
    "message": "AttributeError: 'PlanningService' object has no attribute 'create_plan'. Did you mean: 'generate_plan'?",
    "time": "5.185",
    "file": ""
  },
  {
    "test": "backend.tests.test_planning_with_teams::test_plan_with_team_and_role",
    "outcome": "failure",
    "message": "assert ('team' in \"'planningservice' object has no attribute 'create_plan'\" or 'llm' in \"'planningservice' object has no attribute 'create_plan'\" or 'model' in \"'planningservice' object has no attribute 'create_plan'\")  +  where \"'planningservice' object has no attribute 'create_plan'\" = <built-in method lower of str object at 0x000001AD2489F7B0>()  +    where <built-in method lower of str object at 0x000001AD2489F7B0> = \"'PlanningService' object has no attribute 'create_plan'\".lower  +      where \"'PlanningService' object has no attribute 'create_plan'\" = str(AttributeError(\"'PlanningService' object has no attribute 'create_plan'\"))  +  and   \"'planningservice' object has no attribute 'create_plan'\" = <built-in method lower of str object at 0x000001AD2489F7B0>()  +    where <built-in method lower of str object at 0x000001AD2489F7B0> = \"'PlanningService' object has no attribute 'create_plan'\".lower  +      where \"'PlanningService' object has no attribute 'create_plan'\" = str(AttributeError(\"'PlanningService' object has no attribute 'create_plan'\"))  +  and   \"'planningservice' object has no attribute 'create_plan'\" = <built-in method lower of str object at 0x000001AD2489F7B0>()  +    where <built-in method lower of str object at 0x000001AD2489F7B0> = \"'PlanningService' object has no attribute 'create_plan'\".lower  +      where \"'PlanningService' object has no attribute 'create_plan'\" = str(AttributeError(\"'PlanningService' object has no attribute 'create_plan'\"))",
    "time": "5.170",
    "file": ""
  },
  {
    "test": "backend.tests.test_planning_with_teams::test_plan_team_takes_precedence_over_agent",
    "outcome": "failure",
    "message": "assert ('team' in \"'planningservice' object has no attribute 'create_plan'\" or 'llm' in \"'planningservice' object has no attribute 'create_plan'\" or 'model' in \"'planningservice' object has no attribute 'create_plan'\")  +  where \"'planningservice' object has no attribute 'create_plan'\" = <built-in method lower of str object at 0x000001AD2489F9F0>()  +    where <built-in method lower of str object at 0x000001AD2489F9F0> = \"'PlanningService' object has no attribute 'create_plan'\".lower  +      where \"'PlanningService' object has no attribute 'create_plan'\" = str(AttributeError(\"'PlanningService' object has no attribute 'create_plan'\"))  +  and   \"'planningservice' object has no attribute 'create_plan'\" = <built-in method lower of str object at 0x000001AD2489F9F0>()  +    where <built-in method lower of str object at 0x000001AD2489F9F0> = \"'PlanningService' object has no attribute 'create_plan'\".lower  +      where \"'PlanningService' object has no attribute 'create_plan'\" = str(AttributeError(\"'PlanningService' object has no attribute 'create_plan'\"))  +  and   \"'planningservice' object has no attribute 'create_plan'\" = <built-in method lower of str object at 0x000001AD2489F9F0>()  +    where <built-in method lower of str object at 0x000001AD2489F9F0> = \"'PlanningService' object has no attribute 'create_plan'\".lower  +      where \"'PlanningService' object has no attribute 'create_plan'\" = str(AttributeError(\"'PlanningService' object has no attribute 'create_plan'\"))",
    "time": "5.148",
    "file": ""
  },
  {
    "test": "backend.tests.test_project_metrics_api::test_project_metrics_router_exists",
    "outcome": "passed",
    "message": "",
    "time": "0.000",
    "file": ""
  },
  {
    "test": "backend.tests.test_project_metrics_api::test_project_metrics_router_routes",
    "outcome": "passed",
    "message": "",
    "time": "0.000",
    "file": ""
  },
  {
    "test": "backend.tests.test_project_metrics_api::test_get_project_overview_service",
    "outcome": "passed",
    "message": "",
    "time": "0.131",
    "file": ""
  },
  {
    "test": "backend.tests.test_project_metrics_api::test_get_metric_trends_service",
    "outcome": "passed",
    "message": "",
    "time": "0.042",
    "file": ""
  },
  {
    "test": "backend.tests.test_project_metrics_api::test_compare_periods_service",
    "outcome": "error",
    "message": "failed on teardown with \"sqlalchemy.exc.OperationalError: (psycopg2.errors.QueryCanceled) canceling statement due to statement timeout  [SQL:  DROP TABLE memory_associations] (Background on this error at: https://sqlalche.me/e/20/e3q8)\"",
    "time": "5.081",
    "file": ""
  },
  {
    "test": "backend.tests.test_project_metrics_service::test_record_metric",
    "outcome": "passed",
    "message": "",
    "time": "0.130",
    "file": ""
  },
  {
    "test": "backend.tests.test_project_metrics_service::test_record_metric_update_existing",
    "outcome": "passed",
    "message": "",
    "time": "0.097",
    "file": ""
  },
  {
    "test": "backend.tests.test_project_metrics_service::test_collect_performance_metrics",
    "outcome": "passed",
    "message": "",
    "time": "0.108",
    "file": ""
  },
  {
    "test": "backend.tests.test_project_metrics_service::test_collect_task_distribution",
    "outcome": "passed",
    "message": "",
    "time": "0.079",
    "file": ""
  },
  {
    "test": "backend.tests.test_project_metrics_service::test_get_overview",
    "outcome": "passed",
    "message": "",
    "time": "0.111",
    "file": ""
  },
  {
    "test": "backend.tests.test_project_metrics_service::test_get_trends",
    "outcome": "passed",
    "message": "",
    "time": "0.091",
    "file": ""
  },
  {
    "test": "backend.tests.test_project_metrics_service::test_compare_periods",
    "outcome": "passed",
    "message": "",
    "time": "0.213",
    "file": ""
  },
  {
    "test": "backend.tests.test_prompt_assignments::test_create_prompt_assignment",
    "outcome": "passed",
    "message": "",
    "time": "0.536",
    "file": ""
  },
  {
    "test": "backend.tests.test_prompt_assignments::test_list_assignments_filters",
    "outcome": "passed",
    "message": "",
    "time": "0.705",
    "file": ""
  },
  {
    "test": "backend.tests.test_prompt_improvement_suggestions.TestPromptImprovementSuggestions::test_suggest_improvements_low_success_rate",
    "outcome": "passed",
    "message": "",
    "time": "0.326",
    "file": ""
  },
  {
    "test": "backend.tests.test_prompt_improvement_suggestions.TestPromptImprovementSuggestions::test_suggest_improvements_high_execution_time",
    "outcome": "passed",
    "message": "",
    "time": "0.615",
    "file": ""
  },
  {
    "test": "backend.tests.test_prompt_improvement_suggestions.TestPromptImprovementSuggestions::test_suggest_improvements_nonexistent",
    "outcome": "passed",
    "message": "",
    "time": "0.716",
    "file": ""
  },
  {
    "test": "backend.tests.test_prompt_improvement_suggestions.TestPromptImprovementSuggestions::test_suggestions_saved_to_history",
    "outcome": "passed",
    "message": "",
    "time": "0.675",
    "file": ""
  },
  {
    "test": "backend.tests.test_prompt_improvement_suggestions.TestPromptImprovementSuggestions::test_analyze_metrics",
    "outcome": "passed",
    "message": "",
    "time": "0.730",
    "file": ""
  },
  {
    "test": "backend.tests.test_prompt_improvement_suggestions.TestPromptImprovementSuggestions::test_analyze_improvement_history",
    "outcome": "passed",
    "message": "",
    "time": "41.531",
    "file": ""
  },
  {
    "test": "backend.tests.test_prompt_manager::test_prompt_manager_initialization",
    "outcome": "passed",
    "message": "",
    "time": "0.595",
    "file": ""
  },
  {
    "test": "backend.tests.test_prompt_manager::test_get_prompt_for_stage",
    "outcome": "passed",
    "message": "",
    "time": "0.588",
    "file": ""
  },
  {
    "test": "backend.tests.test_prompt_manager::test_record_prompt_usage",
    "outcome": "passed",
    "message": "",
    "time": "0.582",
    "file": ""
  },
  {
    "test": "backend.tests.test_prompt_manager::test_prompt_usage_creation",
    "outcome": "passed",
    "message": "",
    "time": "0.000",
    "file": ""
  },
  {
    "test": "backend.tests.test_prompt_manager::test_get_usage_summary",
    "outcome": "passed",
    "message": "",
    "time": "0.621",
    "file": ""
  },
  {
    "test": "backend.tests.test_prompt_metrics.TestPromptMetrics::test_record_usage_increments_count",
    "outcome": "passed",
    "message": "",
    "time": "0.210",
    "file": ""
  },
  {
    "test": "backend.tests.test_prompt_metrics.TestPromptMetrics::test_record_usage_with_execution_time",
    "outcome": "passed",
    "message": "",
    "time": "0.648",
    "file": ""
  },
  {
    "test": "backend.tests.test_prompt_metrics.TestPromptMetrics::test_record_usage_calculates_moving_average",
    "outcome": "passed",
    "message": "",
    "time": "0.604",
    "file": ""
  },
  {
    "test": "backend.tests.test_prompt_metrics.TestPromptMetrics::test_record_usage_without_execution_time",
    "outcome": "passed",
    "message": "",
    "time": "0.550",
    "file": ""
  },
  {
    "test": "backend.tests.test_prompt_metrics.TestPromptMetrics::test_record_usage_nonexistent_prompt",
    "outcome": "passed",
    "message": "",
    "time": "0.638",
    "file": ""
  },
  {
    "test": "backend.tests.test_prompt_metrics.TestPromptMetrics::test_multiple_usage_records",
    "outcome": "passed",
    "message": "",
    "time": "0.706",
    "file": ""
  },
  {
    "test": "backend.tests.test_prompt_reflection.TestPromptReflection::test_analyze_prompt_performance_success",
    "outcome": "passed",
    "message": "",
    "time": "0.670",
    "file": ""
  },
  {
    "test": "backend.tests.test_prompt_reflection.TestPromptReflection::test_analyze_prompt_performance_failure",
    "outcome": "passed",
    "message": "",
    "time": "20.820",
    "file": ""
  },
  {
    "test": "backend.tests.test_prompt_reflection.TestPromptReflection::test_analyze_prompt_performance_nonexistent",
    "outcome": "passed",
    "message": "",
    "time": "0.630",
    "file": ""
  },
  {
    "test": "backend.tests.test_prompt_reflection.TestPromptReflection::test_analysis_history_limit",
    "outcome": "passed",
    "message": "",
    "time": "1.017",
    "file": ""
  },
  {
    "test": "backend.tests.test_prompt_runtime_selector::test_prompt_runtime_selector_precedence",
    "outcome": "passed",
    "message": "",
    "time": "0.617",
    "file": ""
  },
  {
    "test": "backend.tests.test_prompt_runtime_selector_edges::test_experiment_over_agent_precedence",
    "outcome": "passed",
    "message": "",
    "time": "0.670",
    "file": ""
  },
  {
    "test": "backend.tests.test_prompt_runtime_selector_edges::test_model_server_filtering",
    "outcome": "passed",
    "message": "",
    "time": "0.699",
    "file": ""
  },
  {
    "test": "backend.tests.test_prompt_runtime_selector_edges::test_invalid_experiment_id_handling_returns_fallback",
    "outcome": "passed",
    "message": "",
    "time": "0.734",
    "file": ""
  },
  {
    "test": "backend.tests.test_prompt_runtime_selector_edges::test_no_component_role_returns_none",
    "outcome": "passed",
    "message": "",
    "time": "0.563",
    "file": ""
  },
  {
    "test": "backend.tests.test_prompt_service.TestPromptService::test_create_prompt",
    "outcome": "passed",
    "message": "",
    "time": "0.183",
    "file": ""
  },
  {
    "test": "backend.tests.test_prompt_service.TestPromptService::test_get_prompt",
    "outcome": "passed",
    "message": "",
    "time": "0.696",
    "file": ""
  },
  {
    "test": "backend.tests.test_prompt_service.TestPromptService::test_get_prompt_not_found",
    "outcome": "passed",
    "message": "",
    "time": "0.617",
    "file": ""
  },
  {
    "test": "backend.tests.test_prompt_service.TestPromptService::test_get_active_prompt",
    "outcome": "passed",
    "message": "",
    "time": "0.602",
    "file": ""
  },
  {
    "test": "backend.tests.test_prompt_service.TestPromptService::test_get_active_prompt_with_level",
    "outcome": "passed",
    "message": "",
    "time": "0.609",
    "file": ""
  },
  {
    "test": "backend.tests.test_prompt_service.TestPromptService::test_list_prompts",
    "outcome": "passed",
    "message": "",
    "time": "0.628",
    "file": ""
  },
  {
    "test": "backend.tests.test_prompt_service.TestPromptService::test_update_prompt",
    "outcome": "passed",
    "message": "",
    "time": "0.584",
    "file": ""
  },
  {
    "test": "backend.tests.test_prompt_service.TestPromptService::test_create_version",
    "outcome": "passed",
    "message": "",
    "time": "0.724",
    "file": ""
  },
  {
    "test": "backend.tests.test_prompt_service.TestPromptService::test_get_prompt_versions",
    "outcome": "passed",
    "message": "",
    "time": "0.683",
    "file": ""
  },
  {
    "test": "backend.tests.test_prompt_service.TestPromptService::test_deprecate_prompt",
    "outcome": "passed",
    "message": "",
    "time": "0.592",
    "file": ""
  },
  {
    "test": "backend.tests.test_prompt_service.TestPromptService::test_get_latest_version",
    "outcome": "passed",
    "message": "",
    "time": "0.664",
    "file": ""
  },
  {
    "test": "backend.tests.test_prompt_success_rate.TestPromptSuccessRate::test_record_success_updates_rate",
    "outcome": "passed",
    "message": "",
    "time": "0.653",
    "file": ""
  },
  {
    "test": "backend.tests.test_prompt_success_rate.TestPromptSuccessRate::test_record_failure_updates_rate",
    "outcome": "passed",
    "message": "",
    "time": "0.657",
    "file": ""
  },
  {
    "test": "backend.tests.test_prompt_success_rate.TestPromptSuccessRate::test_success_rate_calculation",
    "outcome": "passed",
    "message": "",
    "time": "0.681",
    "file": ""
  },
  {
    "test": "backend.tests.test_prompt_success_rate.TestPromptSuccessRate::test_sliding_window",
    "outcome": "passed",
    "message": "",
    "time": "2.058",
    "file": ""
  },
  {
    "test": "backend.tests.test_prompt_success_rate.TestPromptSuccessRate::test_success_rate_stored_in_history",
    "outcome": "passed",
    "message": "",
    "time": "0.686",
    "file": ""
  },
  {
    "test": "backend.tests.test_prompt_success_rate.TestPromptSuccessRate::test_record_result_nonexistent_prompt",
    "outcome": "passed",
    "message": "",
    "time": "0.736",
    "file": ""
  },
  {
    "test": "backend.tests.test_prompt_version_creation.TestPromptVersionCreation::test_create_improved_version_with_suggestions",
    "outcome": "passed",
    "message": "",
    "time": "0.577",
    "file": ""
  },
  {
    "test": "backend.tests.test_prompt_version_creation.TestPromptVersionCreation::test_create_improved_version_auto_suggestions",
    "outcome": "passed",
    "message": "",
    "time": "0.695",
    "file": ""
  },
  {
    "test": "backend.tests.test_prompt_version_creation.TestPromptVersionCreation::test_auto_create_improved_version_if_needed_low_success",
    "outcome": "passed",
    "message": "",
    "time": "0.648",
    "file": ""
  },
  {
    "test": "backend.tests.test_prompt_version_creation.TestPromptVersionCreation::test_auto_create_improved_version_if_needed_high_time",
    "outcome": "passed",
    "message": "",
    "time": "0.748",
    "file": ""
  },
  {
    "test": "backend.tests.test_prompt_version_creation.TestPromptVersionCreation::test_auto_create_improved_version_not_needed",
    "outcome": "passed",
    "message": "",
    "time": "0.774",
    "file": ""
  },
  {
    "test": "backend.tests.test_prompt_version_creation.TestPromptVersionCreation::test_create_improved_version_nonexistent",
    "outcome": "passed",
    "message": "",
    "time": "0.530",
    "file": ""
  },
  {
    "test": "backend.tests.test_prompts_api::test_prompt_assign_and_unassign_api",
    "outcome": "passed",
    "message": "",
    "time": "0.836",
    "file": ""
  },
  {
    "test": "backend.tests.test_reflection_service_integration::test_reflection_service_with_execution_context",
    "outcome": "passed",
    "message": "",
    "time": "0.001",
    "file": ""
  },
  {
    "test": "backend.tests.test_reflection_service_integration::test_reflection_service_backward_compatibility",
    "outcome": "passed",
    "message": "",
    "time": "0.001",
    "file": ""
  },
  {
    "test": "backend.tests.test_reflection_service_integration::test_reflection_service_analyze_failure_with_context",
    "outcome": "passed",
    "message": "",
    "time": "20.148",
    "file": ""
  },
  {
    "test": "backend.tests.test_replan_config::test_replanning_config_defaults",
    "outcome": "passed",
    "message": "",
    "time": "0.003",
    "file": ""
  },
  {
    "test": "backend.tests.test_replan_config::test_replanning_config_custom_values",
    "outcome": "passed",
    "message": "",
    "time": "0.004",
    "file": ""
  },
  {
    "test": "backend.tests.test_replan_config::test_replanning_config_validation",
    "outcome": "passed",
    "message": "",
    "time": "0.004",
    "file": ""
  },
  {
    "test": "backend.tests.test_replan_config::test_replanning_config_bounds",
    "outcome": "passed",
    "message": "",
    "time": "0.003",
    "file": ""
  },
  {
    "test": "backend.tests.test_request_orchestrator::test_orchestration_result_creation",
    "outcome": "passed",
    "message": "",
    "time": "0.000",
    "file": ""
  },
  {
    "test": "backend.tests.test_request_orchestrator::test_request_orchestrator_initialization",
    "outcome": "failure",
    "message": "AttributeError: 'RequestOrchestrator' object has no attribute 'workflow_tracker'",
    "time": "0.000",
    "file": ""
  },
  {
    "test": "backend.tests.test_request_orchestrator::test_request_orchestrator_simple_question",
    "outcome": "passed",
    "message": "",
    "time": "21.292",
    "file": ""
  },
  {
    "test": "backend.tests.test_request_orchestrator::test_request_orchestrator_extract_plan_results",
    "outcome": "passed",
    "message": "",
    "time": "0.025",
    "file": ""
  },
  {
    "test": "backend.tests.test_request_orchestrator::test_request_orchestrator_select_model_and_server",
    "outcome": "passed",
    "message": "",
    "time": "0.727",
    "file": ""
  },
  {
    "test": "backend.tests.test_self_audit_service::test_audit_performance",
    "outcome": "passed",
    "message": "",
    "time": "0.234",
    "file": ""
  },
  {
    "test": "backend.tests.test_self_audit_service::test_audit_quality",
    "outcome": "passed",
    "message": "",
    "time": "0.094",
    "file": ""
  },
  {
    "test": "backend.tests.test_self_audit_service::test_audit_prompts",
    "outcome": "passed",
    "message": "",
    "time": "0.070",
    "file": ""
  },
  {
    "test": "backend.tests.test_self_audit_service::test_audit_errors",
    "outcome": "passed",
    "message": "",
    "time": "0.090",
    "file": ""
  },
  {
    "test": "backend.tests.test_self_audit_service::test_generate_report_performance",
    "outcome": "passed",
    "message": "",
    "time": "0.115",
    "file": ""
  },
  {
    "test": "backend.tests.test_self_audit_service::test_generate_report_full",
    "outcome": "passed",
    "message": "",
    "time": "0.108",
    "file": ""
  },
  {
    "test": "backend.tests.test_self_audit_service::test_classify_error",
    "outcome": "passed",
    "message": "",
    "time": "0.209",
    "file": ""
  },
  {
    "test": "backend.tests.test_service_registry::test_service_registry_singleton",
    "outcome": "passed",
    "message": "",
    "time": "0.000",
    "file": ""
  },
  {
    "test": "backend.tests.test_service_registry::test_service_registry_get_service_with_db",
    "outcome": "passed",
    "message": "",
    "time": "0.525",
    "file": ""
  },
  {
    "test": "backend.tests.test_service_registry::test_service_registry_get_service_with_context",
    "outcome": "failure",
    "message": "AttributeError: 'ExecutionContext' object has no attribute 'bind'",
    "time": "0.680",
    "file": ""
  },
  {
    "test": "backend.tests.test_service_registry::test_service_registry_caching",
    "outcome": "passed",
    "message": "",
    "time": "0.652",
    "file": ""
  },
  {
    "test": "backend.tests.test_service_registry::test_service_registry_clear_workflow_cache",
    "outcome": "passed",
    "message": "",
    "time": "0.614",
    "file": ""
  },
  {
    "test": "backend.tests.test_service_registry::test_service_registry_clear_all_cache",
    "outcome": "passed",
    "message": "",
    "time": "0.643",
    "file": ""
  },
  {
    "test": "backend.tests.test_service_registry::test_service_registry_register_factory",
    "outcome": "passed",
    "message": "",
    "time": "0.636",
    "file": ""
  },
  {
    "test": "backend.tests.test_vector_migration::test_vector_extension_exists",
    "outcome": "skipped",
    "message": "pgvector extension not available",
    "time": "0.000",
    "file": ""
  },
  {
    "test": "backend.tests.test_vector_migration::test_embedding_column_exists",
    "outcome": "skipped",
    "message": "pgvector extension not available",
    "time": "0.000",
    "file": ""
  },
  {
    "test": "backend.tests.test_vector_migration::test_hnsw_index_exists",
    "outcome": "skipped",
    "message": "pgvector extension not available",
    "time": "0.000",
    "file": ""
  },
  {
    "test": "backend.tests.test_vector_migration::test_agent_memory_model_has_embedding",
    "outcome": "passed",
    "message": "",
    "time": "0.000",
    "file": ""
  },
  {
    "test": "backend.tests.test_vector_migration::test_can_store_embedding",
    "outcome": "passed",
    "message": "",
    "time": "0.000",
    "file": ""
  },
  {
    "test": "backend.tests.test_workflow_event_contract::test_workflow_event_to_dict_includes_executionevent_fields",
    "outcome": "passed",
    "message": "",
    "time": "0.000",
    "file": ""
  },
  {
    "test": "backend.tests.cli.test_migrations_cli::test_build_parser_and_call_migrate",
    "outcome": "failure",
    "message": "SystemExit: 0",
    "time": "0.004",
    "file": ""
  },
  {
    "test": "backend.tests.components.test_component_contracts::test_component_prompts_exist[interpretation.system]",
    "outcome": "passed",
    "message": "",
    "time": "0.001",
    "file": ""
  },
  {
    "test": "backend.tests.components.test_component_contracts::test_component_prompts_exist[semantic_validator.system]",
    "outcome": "passed",
    "message": "",
    "time": "0.001",
    "file": ""
  },
  {
    "test": "backend.tests.components.test_component_contracts::test_component_prompts_exist[routing.system]",
    "outcome": "passed",
    "message": "",
    "time": "0.001",
    "file": ""
  },
  {
    "test": "backend.tests.components.test_component_contracts::test_component_prompts_exist[planning.system]",
    "outcome": "passed",
    "message": "",
    "time": "0.001",
    "file": ""
  },
  {
    "test": "backend.tests.components.test_component_contracts::test_component_prompts_exist[execution_validator.system]",
    "outcome": "passed",
    "message": "",
    "time": "0.001",
    "file": ""
  },
  {
    "test": "backend.tests.components.test_component_contracts::test_component_prompts_exist[reflection.system]",
    "outcome": "passed",
    "message": "",
    "time": "0.001",
    "file": ""
  },
  {
    "test": "backend.tests.components.test_component_contracts::test_contract_models_importable",
    "outcome": "passed",
    "message": "",
    "time": "0.000",
    "file": ""
  },
  {
    "test": "backend.tests.components.test_component_contracts::test_semantic_validator_smoke",
    "outcome": "passed",
    "message": "",
    "time": "0.004",
    "file": ""
  },
  {
    "test": "backend.tests.docs.test_service_docs_present::test_service_docs_exist",
    "outcome": "failure",
    "message": "AssertionError: Missing service docs: ['ApplicationCore.md', 'HTTPAPILayer.md', 'DataORMLayer.md', 'BusinessServices.md', 'AgentsAndPlanning.md', 'DecisionComponents.md', 'ToolsExternalIntegrations.md', 'RegistryServiceDiscovery.md', 'SecurityAuthPermissions.md', 'MemoryConversationStorage.md', 'OpsMigrations.md', 'UtilitiesObservability.md'] assert not ['ApplicationCore.md', 'HTTPAPILayer.md', 'DataORMLayer.md', 'BusinessServices.md', 'AgentsAndPlanning.md', 'DecisionComponents.md', ...]",
    "time": "0.001",
    "file": ""
  },
  {
    "test": "backend.tests.integration.test_adaptive_approval::test_calculate_agent_trust_score_high",
    "outcome": "passed",
    "message": "",
    "time": "0.713",
    "file": ""
  },
  {
    "test": "backend.tests.integration.test_adaptive_approval::test_calculate_agent_trust_score_low",
    "outcome": "passed",
    "message": "",
    "time": "0.685",
    "file": ""
  },
  {
    "test": "backend.tests.integration.test_adaptive_approval::test_calculate_agent_trust_score_new_agent",
    "outcome": "passed",
    "message": "",
    "time": "0.639",
    "file": ""
  },
  {
    "test": "backend.tests.integration.test_adaptive_approval::test_calculate_task_risk_level_simple",
    "outcome": "passed",
    "message": "",
    "time": "0.626",
    "file": ""
  },
  {
    "test": "backend.tests.integration.test_adaptive_approval::test_calculate_task_risk_level_complex",
    "outcome": "passed",
    "message": "",
    "time": "0.673",
    "file": ""
  },
  {
    "test": "backend.tests.integration.test_adaptive_approval::test_should_require_approval_high_risk",
    "outcome": "passed",
    "message": "",
    "time": "0.688",
    "file": ""
  },
  {
    "test": "backend.tests.integration.test_adaptive_approval::test_should_require_approval_low_risk_high_trust",
    "outcome": "passed",
    "message": "",
    "time": "0.779",
    "file": ""
  },
  {
    "test": "backend.tests.integration.test_adaptive_approval::test_should_require_approval_medium_risk_low_trust",
    "outcome": "passed",
    "message": "",
    "time": "0.741",
    "file": ""
  },
  {
    "test": "backend.tests.integration.test_adaptive_approval::test_should_require_approval_override",
    "outcome": "passed",
    "message": "",
    "time": "0.677",
    "file": ""
  },
  {
    "test": "backend.tests.integration.test_adaptive_approval::test_get_approval_statistics",
    "outcome": "passed",
    "message": "",
    "time": "0.631",
    "file": ""
  },
  {
    "test": "backend.tests.integration.test_agent_dialog_workflow::test_planning_service_with_dialogs",
    "outcome": "skipped",
    "message": "Нет активных серверов",
    "time": "0.724",
    "file": ""
  },
  {
    "test": "backend.tests.integration.test_agent_dialog_workflow::test_dialog_context_in_planning",
    "outcome": "passed",
    "message": "",
    "time": "0.961",
    "file": ""
  },
  {
    "test": "backend.tests.integration.test_agent_dialog_workflow::test_api_dialog_management",
    "outcome": "passed",
    "message": "",
    "time": "0.763",
    "file": ""
  },
  {
    "test": "backend.tests.integration.test_agent_dialog_workflow::test_complete_workflow_with_dialogs",
    "outcome": "passed",
    "message": "",
    "time": "0.895",
    "file": ""
  },
  {
    "test": "backend.tests.integration.test_agent_dialogs::test_complete_dialog_cycle",
    "outcome": "passed",
    "message": "",
    "time": "0.772",
    "file": ""
  },
  {
    "test": "backend.tests.integration.test_agent_dialogs::test_dialog_with_task",
    "outcome": "passed",
    "message": "",
    "time": "0.729",
    "file": ""
  },
  {
    "test": "backend.tests.integration.test_agent_dialogs::test_dialog_pause_and_resume",
    "outcome": "passed",
    "message": "",
    "time": "0.705",
    "file": ""
  },
  {
    "test": "backend.tests.integration.test_agent_dialogs::test_dialog_max_messages_completion",
    "outcome": "passed",
    "message": "",
    "time": "0.721",
    "file": ""
  },
  {
    "test": "backend.tests.integration.test_agent_dialogs::test_dialog_multiple_agents",
    "outcome": "passed",
    "message": "",
    "time": "0.755",
    "file": ""
  },
  {
    "test": "backend.tests.integration.test_agent_dialogs_complete::test_phase8_complete_agent_dialogs",
    "outcome": "skipped",
    "message": "Нет активных серверов",
    "time": "0.600",
    "file": ""
  },
  {
    "test": "backend.tests.integration.test_agent_dialogs_real_llm::test_real_agent_dialog_with_llm",
    "outcome": "failure",
    "message": "UnicodeDecodeError: 'utf-8' codec can't decode byte 0xcd in position 647: invalid continuation byte",
    "time": "0.679",
    "file": ""
  },
  {
    "test": "backend.tests.integration.test_agent_dialogs_real_llm::test_real_agent_dialog_with_llm",
    "outcome": "error",
    "message": "failed on teardown with \"UnicodeDecodeError: 'utf-8' codec can't decode byte 0xcd in position 647: invalid continuation byte\"",
    "time": "0.002",
    "file": ""
  },
  {
    "test": "backend.tests.integration.test_agent_dialogs_real_llm::test_real_agent_dialog_multiturn_llm",
    "outcome": "error",
    "message": "failed on setup with \"UnicodeDecodeError: 'utf-8' codec can't decode byte 0xcd in position 647: invalid continuation byte\"",
    "time": "0.646",
    "file": ""
  },
  {
    "test": "backend.tests.integration.test_agent_planning.TestAgentPlanningIntegration::test_generate_plan_with_agent_selection",
    "outcome": "error",
    "message": "failed on setup with \"UnicodeDecodeError: 'utf-8' codec can't decode byte 0xcd in position 647: invalid continuation byte\"",
    "time": "0.217",
    "file": ""
  },
  {
    "test": "backend.tests.integration.test_agent_planning.TestAgentPlanningIntegration::test_generate_plan_with_specified_agent",
    "outcome": "error",
    "message": "failed on setup with \"UnicodeDecodeError: 'utf-8' codec can't decode byte 0xcd in position 647: invalid continuation byte\"",
    "time": "0.789",
    "file": ""
  },
  {
    "test": "backend.tests.integration.test_agent_planning.TestAgentPlanningIntegration::test_plan_steps_have_agent_assigned",
    "outcome": "error",
    "message": "failed on setup with \"UnicodeDecodeError: 'utf-8' codec can't decode byte 0xcd in position 647: invalid continuation byte\"",
    "time": "0.605",
    "file": ""
  },
  {
    "test": "backend.tests.integration.test_agent_teams::test_create_team_with_agents",
    "outcome": "error",
    "message": "failed on setup with \"UnicodeDecodeError: 'utf-8' codec can't decode byte 0xcd in position 647: invalid continuation byte\"",
    "time": "0.598",
    "file": ""
  },
  {
    "test": "backend.tests.integration.test_agent_teams::test_team_lead_management",
    "outcome": "error",
    "message": "failed on setup with \"UnicodeDecodeError: 'utf-8' codec can't decode byte 0xcd in position 647: invalid continuation byte\"",
    "time": "0.701",
    "file": ""
  },
  {
    "test": "backend.tests.integration.test_agent_teams::test_team_lifecycle",
    "outcome": "error",
    "message": "failed on setup with \"UnicodeDecodeError: 'utf-8' codec can't decode byte 0xcd in position 647: invalid continuation byte\"",
    "time": "0.638",
    "file": ""
  },
  {
    "test": "backend.tests.integration.test_agent_teams::test_team_with_different_strategies",
    "outcome": "error",
    "message": "failed on setup with \"UnicodeDecodeError: 'utf-8' codec can't decode byte 0xcd in position 647: invalid continuation byte\"",
    "time": "0.601",
    "file": ""
  },
  {
    "test": "backend.tests.integration.test_agent_teams::test_remove_agent_and_re_add",
    "outcome": "error",
    "message": "failed on setup with \"UnicodeDecodeError: 'utf-8' codec can't decode byte 0xcd in position 647: invalid continuation byte\"",
    "time": "0.665",
    "file": ""
  },
  {
    "test": "backend.tests.integration.test_agent_teams::test_update_agent_role_in_team",
    "outcome": "error",
    "message": "failed on setup with \"UnicodeDecodeError: 'utf-8' codec can't decode byte 0xcd in position 647: invalid continuation byte\"",
    "time": "0.677",
    "file": ""
  },
  {
    "test": "backend.tests.integration.test_agent_teams::test_delete_team_with_agents",
    "outcome": "error",
    "message": "failed on setup with \"UnicodeDecodeError: 'utf-8' codec can't decode byte 0xcd in position 647: invalid continuation byte\"",
    "time": "0.596",
    "file": ""
  },
  {
    "test": "backend.tests.integration.test_agent_teams_consistency::test_imports_consistency",
    "outcome": "error",
    "message": "failed on setup with \"UnicodeDecodeError: 'utf-8' codec can't decode byte 0xcd in position 647: invalid continuation byte\"",
    "time": "0.000",
    "file": ""
  },
  {
    "test": "backend.tests.integration.test_agent_teams_consistency::test_model_enum_values",
    "outcome": "error",
    "message": "failed on setup with \"UnicodeDecodeError: 'utf-8' codec can't decode byte 0xcd in position 647: invalid continuation byte\"",
    "time": "0.574",
    "file": ""
  },
  {
    "test": "backend.tests.integration.test_agent_teams_consistency::test_service_initialization_consistency",
    "outcome": "error",
    "message": "failed on setup with \"UnicodeDecodeError: 'utf-8' codec can't decode byte 0xcd in position 647: invalid continuation byte\"",
    "time": "0.675",
    "file": ""
  },
  {
    "test": "backend.tests.integration.test_agent_teams_consistency::test_method_signatures_consistency",
    "outcome": "error",
    "message": "failed on setup with \"UnicodeDecodeError: 'utf-8' codec can't decode byte 0xcd in position 647: invalid continuation byte\"",
    "time": "0.629",
    "file": ""
  },
  {
    "test": "backend.tests.integration.test_agent_teams_consistency::test_data_types_consistency",
    "outcome": "error",
    "message": "failed on setup with \"UnicodeDecodeError: 'utf-8' codec can't decode byte 0xcd in position 647: invalid continuation byte\"",
    "time": "0.603",
    "file": ""
  },
  {
    "test": "backend.tests.integration.test_agent_teams_consistency::test_planning_service_integration",
    "outcome": "error",
    "message": "failed on setup with \"UnicodeDecodeError: 'utf-8' codec can't decode byte 0xcd in position 647: invalid continuation byte\"",
    "time": "0.643",
    "file": ""
  },
  {
    "test": "backend.tests.integration.test_agent_teams_consistency::test_execution_service_integration",
    "outcome": "error",
    "message": "failed on setup with \"UnicodeDecodeError: 'utf-8' codec can't decode byte 0xcd in position 647: invalid continuation byte\"",
    "time": "0.569",
    "file": ""
  },
  {
    "test": "backend.tests.integration.test_agent_teams_consistency::test_team_agent_association_consistency",
    "outcome": "error",
    "message": "failed on setup with \"UnicodeDecodeError: 'utf-8' codec can't decode byte 0xcd in position 647: invalid continuation byte\"",
    "time": "0.629",
    "file": ""
  },
  {
    "test": "backend.tests.integration.test_agent_teams_consistency::test_coordination_strategy_consistency",
    "outcome": "error",
    "message": "failed on setup with \"UnicodeDecodeError: 'utf-8' codec can't decode byte 0xcd in position 647: invalid continuation byte\"",
    "time": "0.629",
    "file": ""
  },
  {
    "test": "backend.tests.integration.test_agent_teams_consistency::test_team_status_transitions_consistency",
    "outcome": "error",
    "message": "failed on setup with \"UnicodeDecodeError: 'utf-8' codec can't decode byte 0xcd in position 647: invalid continuation byte\"",
    "time": "0.637",
    "file": ""
  },
  {
    "test": "backend.tests.integration.test_agent_teams_consistency::test_context_parameter_consistency",
    "outcome": "error",
    "message": "failed on setup with \"UnicodeDecodeError: 'utf-8' codec can't decode byte 0xcd in position 647: invalid continuation byte\"",
    "time": "0.676",
    "file": ""
  },
  {
    "test": "backend.tests.integration.test_agent_teams_consistency::test_step_assignment_consistency",
    "outcome": "error",
    "message": "failed on setup with \"UnicodeDecodeError: 'utf-8' codec can't decode byte 0xcd in position 647: invalid continuation byte\"",
    "time": "0.603",
    "file": ""
  },
  {
    "test": "backend.tests.integration.test_agent_teams_consistency::test_error_handling_consistency",
    "outcome": "error",
    "message": "failed on setup with \"UnicodeDecodeError: 'utf-8' codec can't decode byte 0xcd in position 647: invalid continuation byte\"",
    "time": "0.572",
    "file": ""
  },
  {
    "test": "backend.tests.integration.test_agent_teams_llm::test_team_coordination_sequential_llm",
    "outcome": "error",
    "message": "failed on setup with \"UnicodeDecodeError: 'utf-8' codec can't decode byte 0xcd in position 647: invalid continuation byte\"",
    "time": "0.637",
    "file": ""
  },
  {
    "test": "backend.tests.integration.test_agent_teams_llm::test_planning_with_team_llm",
    "outcome": "error",
    "message": "failed on setup with \"UnicodeDecodeError: 'utf-8' codec can't decode byte 0xcd in position 647: invalid continuation byte\"",
    "time": "0.745",
    "file": ""
  },
  {
    "test": "backend.tests.integration.test_agent_teams_llm::test_team_collaborative_task_llm",
    "outcome": "error",
    "message": "failed on setup with \"UnicodeDecodeError: 'utf-8' codec can't decode byte 0xcd in position 647: invalid continuation byte\"",
    "time": "0.663",
    "file": ""
  },
  {
    "test": "backend.tests.integration.test_agent_teams_llm::test_team_hierarchical_coordination_llm",
    "outcome": "error",
    "message": "failed on setup with \"UnicodeDecodeError: 'utf-8' codec can't decode byte 0xcd in position 647: invalid continuation byte\"",
    "time": "0.615",
    "file": ""
  },
  {
    "test": "backend.tests.integration.test_agent_teams_llm::test_team_pipeline_execution_llm",
    "outcome": "error",
    "message": "failed on setup with \"UnicodeDecodeError: 'utf-8' codec can't decode byte 0xcd in position 647: invalid continuation byte\"",
    "time": "0.602",
    "file": ""
  },
  {
    "test": "backend.tests.integration.test_agent_teams_llm::test_full_plan_execution_with_team_llm",
    "outcome": "error",
    "message": "failed on setup with \"UnicodeDecodeError: 'utf-8' codec can't decode byte 0xcd in position 647: invalid continuation byte\"",
    "time": "0.662",
    "file": ""
  },
  {
    "test": "backend.tests.integration.test_agent_teams_llm::test_team_role_based_assignment_llm",
    "outcome": "error",
    "message": "failed on setup with \"UnicodeDecodeError: 'utf-8' codec can't decode byte 0xcd in position 647: invalid continuation byte\"",
    "time": "0.604",
    "file": ""
  },
  {
    "test": "backend.tests.integration.test_agent_teams_llm::test_team_result_sharing_llm",
    "outcome": "error",
    "message": "failed on setup with \"UnicodeDecodeError: 'utf-8' codec can't decode byte 0xcd in position 647: invalid continuation byte\"",
    "time": "0.648",
    "file": ""
  },
  {
    "test": "backend.tests.integration.test_agent_teams_real_llm::test_real_team_coordination_sequential",
    "outcome": "error",
    "message": "failed on setup with \"UnicodeDecodeError: 'utf-8' codec can't decode byte 0xcd in position 647: invalid continuation byte\"",
    "time": "0.626",
    "file": ""
  },
  {
    "test": "backend.tests.integration.test_agent_teams_real_llm::test_real_planning_with_team",
    "outcome": "error",
    "message": "failed on setup with \"UnicodeDecodeError: 'utf-8' codec can't decode byte 0xcd in position 647: invalid continuation byte\"",
    "time": "0.580",
    "file": ""
  },
  {
    "test": "backend.tests.integration.test_agent_teams_real_llm::test_real_team_collaborative_task",
    "outcome": "error",
    "message": "failed on setup with \"UnicodeDecodeError: 'utf-8' codec can't decode byte 0xcd in position 647: invalid continuation byte\"",
    "time": "0.686",
    "file": ""
  },
  {
    "test": "backend.tests.integration.test_agent_teams_real_llm::test_real_team_planning_and_execution",
    "outcome": "error",
    "message": "failed on setup with \"UnicodeDecodeError: 'utf-8' codec can't decode byte 0xcd in position 647: invalid continuation byte\"",
    "time": "0.634",
    "file": ""
  },
  {
    "test": "backend.tests.integration.test_agent_teams_real_llm::test_real_llm_through_planning_service",
    "outcome": "error",
    "message": "failed on setup with \"UnicodeDecodeError: 'utf-8' codec can't decode byte 0xcd in position 647: invalid continuation byte\"",
    "time": "0.652",
    "file": ""
  },
  {
    "test": "backend.tests.integration.test_agent_teams_real_llm::test_real_team_with_multiple_models",
    "outcome": "error",
    "message": "failed on setup with \"UnicodeDecodeError: 'utf-8' codec can't decode byte 0xcd in position 647: invalid continuation byte\"",
    "time": "0.686",
    "file": ""
  },
  {
    "test": "backend.tests.integration.test_alternative_plans::test_generate_plan_with_alternatives",
    "outcome": "error",
    "message": "failed on setup with \"UnicodeDecodeError: 'utf-8' codec can't decode byte 0xcd in position 647: invalid continuation byte\"",
    "time": "0.011",
    "file": ""
  },
  {
    "test": "backend.tests.integration.test_alternative_plans::test_generate_plan_without_alternatives",
    "outcome": "error",
    "message": "failed on setup with \"UnicodeDecodeError: 'utf-8' codec can't decode byte 0xcd in position 647: invalid continuation byte\"",
    "time": "0.010",
    "file": ""
  },
  {
    "test": "backend.tests.integration.test_alternative_plans::test_alternatives_saved_for_comparison",
    "outcome": "error",
    "message": "failed on setup with \"UnicodeDecodeError: 'utf-8' codec can't decode byte 0xcd in position 647: invalid continuation byte\"",
    "time": "0.010",
    "file": ""
  },
  {
    "test": "backend.tests.integration.test_alternative_plans::test_custom_evaluation_weights",
    "outcome": "error",
    "message": "failed on setup with \"UnicodeDecodeError: 'utf-8' codec can't decode byte 0xcd in position 647: invalid continuation byte\"",
    "time": "0.017",
    "file": ""
  },
  {
    "test": "backend.tests.integration.test_alternative_plans::test_full_ab_testing_cycle",
    "outcome": "error",
    "message": "failed on setup with \"UnicodeDecodeError: 'utf-8' codec can't decode byte 0xcd in position 647: invalid continuation byte\"",
    "time": "0.021",
    "file": ""
  },
  {
    "test": "backend.tests.integration.test_alternative_plans::test_fallback_on_alternatives_failure",
    "outcome": "error",
    "message": "failed on setup with \"UnicodeDecodeError: 'utf-8' codec can't decode byte 0xcd in position 647: invalid continuation byte\"",
    "time": "0.014",
    "file": ""
  },
  {
    "test": "backend.tests.integration.test_api::test_health",
    "outcome": "error",
    "message": "failed on setup with \"UnicodeDecodeError: 'utf-8' codec can't decode byte 0xcd in position 647: invalid continuation byte\"",
    "time": "0.000",
    "file": ""
  },
  {
    "test": "backend.tests.integration.test_api::test_approvals_api",
    "outcome": "error",
    "message": "failed on setup with \"UnicodeDecodeError: 'utf-8' codec can't decode byte 0xcd in position 647: invalid continuation byte\"",
    "time": "0.000",
    "file": ""
  },
  {
    "test": "backend.tests.integration.test_api::test_artifacts_api",
    "outcome": "error",
    "message": "failed on setup with \"UnicodeDecodeError: 'utf-8' codec can't decode byte 0xcd in position 647: invalid continuation byte\"",
    "time": "0.000",
    "file": ""
  },
  {
    "test": "backend.tests.integration.test_api::test_prompts_api",
    "outcome": "error",
    "message": "failed on setup with \"UnicodeDecodeError: 'utf-8' codec can't decode byte 0xcd in position 647: invalid continuation byte\"",
    "time": "0.000",
    "file": ""
  },
  {
    "test": "backend.tests.integration.test_auto_approval_transition::test_detect_critical_steps_create_agent",
    "outcome": "error",
    "message": "failed on setup with \"UnicodeDecodeError: 'utf-8' codec can't decode byte 0xcd in position 647: invalid continuation byte\"",
    "time": "0.651",
    "file": ""
  },
  {
    "test": "backend.tests.integration.test_auto_approval_transition::test_detect_critical_steps_modify_tool",
    "outcome": "error",
    "message": "failed on setup with \"UnicodeDecodeError: 'utf-8' codec can't decode byte 0xcd in position 647: invalid continuation byte\"",
    "time": "0.627",
    "file": ""
  },
  {
    "test": "backend.tests.integration.test_auto_approval_transition::test_detect_critical_steps_system_operation",
    "outcome": "error",
    "message": "failed on setup with \"UnicodeDecodeError: 'utf-8' codec can't decode byte 0xcd in position 647: invalid continuation byte\"",
    "time": "0.711",
    "file": ""
  },
  {
    "test": "backend.tests.integration.test_auto_approval_transition::test_detect_critical_steps_protected_data",
    "outcome": "error",
    "message": "failed on setup with \"UnicodeDecodeError: 'utf-8' codec can't decode byte 0xcd in position 647: invalid continuation byte\"",
    "time": "0.686",
    "file": ""
  },
  {
    "test": "backend.tests.integration.test_auto_approval_transition::test_detect_critical_steps_no_critical",
    "outcome": "error",
    "message": "failed on setup with \"UnicodeDecodeError: 'utf-8' codec can't decode byte 0xcd in position 647: invalid continuation byte\"",
    "time": "0.700",
    "file": ""
  },
  {
    "test": "backend.tests.integration.test_auto_approval_transition::test_task_transition_draft_to_pending_approval",
    "outcome": "error",
    "message": "failed on setup with \"UnicodeDecodeError: 'utf-8' codec can't decode byte 0xcd in position 647: invalid continuation byte\"",
    "time": "0.617",
    "file": ""
  },
  {
    "test": "backend.tests.integration.test_auto_approval_transition::test_task_no_transition_when_no_critical_steps",
    "outcome": "error",
    "message": "failed on setup with \"UnicodeDecodeError: 'utf-8' codec can't decode byte 0xcd in position 647: invalid continuation byte\"",
    "time": "0.588",
    "file": ""
  },
  {
    "test": "backend.tests.integration.test_auto_replan_trigger::test_critical_error_triggers_replanning",
    "outcome": "error",
    "message": "failed on setup with \"UnicodeDecodeError: 'utf-8' codec can't decode byte 0xcd in position 647: invalid continuation byte\"",
    "time": "0.679",
    "file": ""
  },
  {
    "test": "backend.tests.integration.test_auto_replan_trigger::test_high_severity_error_triggers_replanning",
    "outcome": "error",
    "message": "failed on setup with \"UnicodeDecodeError: 'utf-8' codec can't decode byte 0xcd in position 647: invalid continuation byte\"",
    "time": "0.667",
    "file": ""
  },
  {
    "test": "backend.tests.integration.test_auto_replan_trigger::test_medium_severity_error_does_not_trigger_replanning",
    "outcome": "error",
    "message": "failed on setup with \"UnicodeDecodeError: 'utf-8' codec can't decode byte 0xcd in position 647: invalid continuation byte\"",
    "time": "0.674",
    "file": ""
  },
  {
    "test": "backend.tests.integration.test_auto_replan_trigger::test_error_classification_in_execution_context",
    "outcome": "error",
    "message": "failed on setup with \"UnicodeDecodeError: 'utf-8' codec can't decode byte 0xcd in position 647: invalid continuation byte\"",
    "time": "0.662",
    "file": ""
  },
  {
    "test": "backend.tests.integration.test_auto_replan_trigger::test_error_classification_in_handle_plan_failure",
    "outcome": "error",
    "message": "failed on setup with \"UnicodeDecodeError: 'utf-8' codec can't decode byte 0xcd in position 647: invalid continuation byte\"",
    "time": "0.660",
    "file": ""
  },
  {
    "test": "backend.tests.integration.test_auto_replan_trigger::test_multiple_error_types_classification",
    "outcome": "error",
    "message": "failed on setup with \"UnicodeDecodeError: 'utf-8' codec can't decode byte 0xcd in position 647: invalid continuation byte\"",
    "time": "0.610",
    "file": ""
  },
  {
    "test": "backend.tests.integration.test_auto_replan_trigger::test_error_metadata_preservation",
    "outcome": "error",
    "message": "failed on setup with \"UnicodeDecodeError: 'utf-8' codec can't decode byte 0xcd in position 647: invalid continuation byte\"",
    "time": "0.662",
    "file": ""
  },
  {
    "test": "backend.tests.integration.test_auto_replanning::test_handle_plan_failure_creates_new_plan",
    "outcome": "error",
    "message": "failed on setup with \"UnicodeDecodeError: 'utf-8' codec can't decode byte 0xcd in position 647: invalid continuation byte\"",
    "time": "0.666",
    "file": ""
  },
  {
    "test": "backend.tests.integration.test_auto_replanning::test_task_status_updated_to_failed",
    "outcome": "error",
    "message": "failed on setup with \"UnicodeDecodeError: 'utf-8' codec can't decode byte 0xcd in position 647: invalid continuation byte\"",
    "time": "0.672",
    "file": ""
  },
  {
    "test": "backend.tests.integration.test_auto_replanning::test_reflection_service_integration",
    "outcome": "error",
    "message": "failed on setup with \"UnicodeDecodeError: 'utf-8' codec can't decode byte 0xcd in position 647: invalid continuation byte\"",
    "time": "0.757",
    "file": ""
  },
  {
    "test": "backend.tests.integration.test_auto_replanning::test_replan_with_error_context",
    "outcome": "error",
    "message": "failed on setup with \"UnicodeDecodeError: 'utf-8' codec can't decode byte 0xcd in position 647: invalid continuation byte\"",
    "time": "0.632",
    "file": ""
  },
  {
    "test": "backend.tests.integration.test_benchmark_models::test_benchmark_task_integration",
    "outcome": "error",
    "message": "failed on setup with \"UnicodeDecodeError: 'utf-8' codec can't decode byte 0xcd in position 647: invalid continuation byte\"",
    "time": "0.000",
    "file": ""
  },
  {
    "test": "backend.tests.integration.test_chat_with_planning::test_chat_information_query",
    "outcome": "error",
    "message": "failed on setup with \"UnicodeDecodeError: 'utf-8' codec can't decode byte 0xcd in position 647: invalid continuation byte\"",
    "time": "0.561",
    "file": ""
  },
  {
    "test": "backend.tests.integration.test_chat_with_planning::test_chat_simple_question",
    "outcome": "error",
    "message": "failed on setup with \"UnicodeDecodeError: 'utf-8' codec can't decode byte 0xcd in position 647: invalid continuation byte\"",
    "time": "0.583",
    "file": ""
  },
  {
    "test": "backend.tests.integration.test_chat_with_planning::test_chat_code_generation",
    "outcome": "error",
    "message": "failed on setup with \"UnicodeDecodeError: 'utf-8' codec can't decode byte 0xcd in position 647: invalid continuation byte\"",
    "time": "0.639",
    "file": ""
  },
  {
    "test": "backend.tests.integration.test_checkpoint_api_integration.TestCheckpointAPIIntegration::test_create_checkpoint_via_api",
    "outcome": "error",
    "message": "failed on setup with \"UnicodeDecodeError: 'utf-8' codec can't decode byte 0xcd in position 647: invalid continuation byte\"",
    "time": "0.016",
    "file": ""
  },
  {
    "test": "backend.tests.integration.test_checkpoint_api_integration.TestCheckpointAPIIntegration::test_list_checkpoints_for_plan",
    "outcome": "error",
    "message": "failed on setup with \"UnicodeDecodeError: 'utf-8' codec can't decode byte 0xcd in position 647: invalid continuation byte\"",
    "time": "0.010",
    "file": ""
  },
  {
    "test": "backend.tests.integration.test_checkpoint_api_integration.TestCheckpointAPIIntegration::test_get_checkpoint_by_id",
    "outcome": "error",
    "message": "failed on setup with \"UnicodeDecodeError: 'utf-8' codec can't decode byte 0xcd in position 647: invalid continuation byte\"",
    "time": "0.010",
    "file": ""
  },
  {
    "test": "backend.tests.integration.test_checkpoint_api_integration.TestCheckpointAPIIntegration::test_restore_checkpoint_via_api",
    "outcome": "error",
    "message": "failed on setup with \"UnicodeDecodeError: 'utf-8' codec can't decode byte 0xcd in position 647: invalid continuation byte\"",
    "time": "0.013",
    "file": ""
  },
  {
    "test": "backend.tests.integration.test_checkpoint_api_integration.TestCheckpointAPIIntegration::test_get_latest_checkpoint",
    "outcome": "error",
    "message": "failed on setup with \"UnicodeDecodeError: 'utf-8' codec can't decode byte 0xcd in position 647: invalid continuation byte\"",
    "time": "0.011",
    "file": ""
  },
  {
    "test": "backend.tests.integration.test_code_sandbox::test_validate_code_safety_safe",
    "outcome": "error",
    "message": "failed on setup with \"UnicodeDecodeError: 'utf-8' codec can't decode byte 0xcd in position 647: invalid continuation byte\"",
    "time": "0.000",
    "file": ""
  },
  {
    "test": "backend.tests.integration.test_code_sandbox::test_validate_code_safety_dangerous",
    "outcome": "error",
    "message": "failed on setup with \"UnicodeDecodeError: 'utf-8' codec can't decode byte 0xcd in position 647: invalid continuation byte\"",
    "time": "0.000",
    "file": ""
  },
  {
    "test": "backend.tests.integration.test_code_sandbox::test_validate_code_safety_empty",
    "outcome": "error",
    "message": "failed on setup with \"UnicodeDecodeError: 'utf-8' codec can't decode byte 0xcd in position 647: invalid continuation byte\"",
    "time": "0.000",
    "file": ""
  },
  {
    "test": "backend.tests.integration.test_code_sandbox::test_execute_code_safely_simple",
    "outcome": "error",
    "message": "failed on setup with \"UnicodeDecodeError: 'utf-8' codec can't decode byte 0xcd in position 647: invalid continuation byte\"",
    "time": "0.000",
    "file": ""
  },
  {
    "test": "backend.tests.integration.test_code_sandbox::test_execute_code_safely_with_error",
    "outcome": "error",
    "message": "failed on setup with \"UnicodeDecodeError: 'utf-8' codec can't decode byte 0xcd in position 647: invalid continuation byte\"",
    "time": "0.001",
    "file": ""
  },
  {
    "test": "backend.tests.integration.test_code_sandbox::test_execute_code_safely_dangerous_blocked",
    "outcome": "error",
    "message": "failed on setup with \"UnicodeDecodeError: 'utf-8' codec can't decode byte 0xcd in position 647: invalid continuation byte\"",
    "time": "0.000",
    "file": ""
  },
  {
    "test": "backend.tests.integration.test_code_sandbox::test_execute_code_safely_with_timeout",
    "outcome": "error",
    "message": "failed on setup with \"UnicodeDecodeError: 'utf-8' codec can't decode byte 0xcd in position 647: invalid continuation byte\"",
    "time": "0.000",
    "file": ""
  },
  {
    "test": "backend.tests.integration.test_code_sandbox::test_apply_resource_limits",
    "outcome": "error",
    "message": "failed on setup with \"UnicodeDecodeError: 'utf-8' codec can't decode byte 0xcd in position 647: invalid continuation byte\"",
    "time": "0.000",
    "file": ""
  },
  {
    "test": "backend.tests.integration.test_code_sandbox::test_execute_code_safely_unsupported_language",
    "outcome": "error",
    "message": "failed on setup with \"UnicodeDecodeError: 'utf-8' codec can't decode byte 0xcd in position 647: invalid continuation byte\"",
    "time": "0.000",
    "file": ""
  },
  {
    "test": "backend.tests.integration.test_dashboard_api::test_get_dashboard_tasks",
    "outcome": "error",
    "message": "failed on setup with \"UnicodeDecodeError: 'utf-8' codec can't decode byte 0xcd in position 647: invalid continuation byte\"",
    "time": "0.937",
    "file": ""
  },
  {
    "test": "backend.tests.integration.test_dashboard_api::test_get_dashboard_tasks_with_status_filter",
    "outcome": "error",
    "message": "failed on setup with \"UnicodeDecodeError: 'utf-8' codec can't decode byte 0xcd in position 647: invalid continuation byte\"",
    "time": "0.817",
    "file": ""
  },
  {
    "test": "backend.tests.integration.test_dashboard_api::test_get_plan_history",
    "outcome": "error",
    "message": "failed on setup with \"UnicodeDecodeError: 'utf-8' codec can't decode byte 0xcd in position 647: invalid continuation byte\"",
    "time": "0.896",
    "file": ""
  },
  {
    "test": "backend.tests.integration.test_dashboard_api::test_cancel_task",
    "outcome": "error",
    "message": "failed on setup with \"UnicodeDecodeError: 'utf-8' codec can't decode byte 0xcd in position 647: invalid continuation byte\"",
    "time": "0.950",
    "file": ""
  },
  {
    "test": "backend.tests.integration.test_dashboard_api::test_cancel_task_invalid_status",
    "outcome": "error",
    "message": "failed on setup with \"UnicodeDecodeError: 'utf-8' codec can't decode byte 0xcd in position 647: invalid continuation byte\"",
    "time": "0.911",
    "file": ""
  },
  {
    "test": "backend.tests.integration.test_dashboard_api::test_create_task_manual",
    "outcome": "error",
    "message": "failed on setup with \"UnicodeDecodeError: 'utf-8' codec can't decode byte 0xcd in position 647: invalid continuation byte\"",
    "time": "0.832",
    "file": ""
  },
  {
    "test": "backend.tests.integration.test_dashboard_api::test_create_task_manual_invalid_priority",
    "outcome": "error",
    "message": "failed on setup with \"UnicodeDecodeError: 'utf-8' codec can't decode byte 0xcd in position 647: invalid continuation byte\"",
    "time": "0.933",
    "file": ""
  },
  {
    "test": "backend.tests.integration.test_dashboard_api::test_create_task_manual_invalid_autonomy",
    "outcome": "error",
    "message": "failed on setup with \"UnicodeDecodeError: 'utf-8' codec can't decode byte 0xcd in position 647: invalid continuation byte\"",
    "time": "0.772",
    "file": ""
  },
  {
    "test": "backend.tests.integration.test_dashboard_api::test_dashboard_statistics",
    "outcome": "error",
    "message": "failed on setup with \"UnicodeDecodeError: 'utf-8' codec can't decode byte 0xcd in position 647: invalid continuation byte\"",
    "time": "0.835",
    "file": ""
  },
  {
    "test": "backend.tests.integration.test_execution_engine::test_execution_engine",
    "outcome": "error",
    "message": "failed on setup with \"UnicodeDecodeError: 'utf-8' codec can't decode byte 0xcd in position 647: invalid continuation byte\"",
    "time": "0.000",
    "file": ""
  },
  {
    "test": "backend.tests.integration.test_feedback_learning::test_learn_from_approval_feedback_approved",
    "outcome": "error",
    "message": "failed on setup with \"UnicodeDecodeError: 'utf-8' codec can't decode byte 0xcd in position 647: invalid continuation byte\"",
    "time": "0.666",
    "file": ""
  },
  {
    "test": "backend.tests.integration.test_feedback_learning::test_learn_from_approval_feedback_rejected",
    "outcome": "error",
    "message": "failed on setup with \"UnicodeDecodeError: 'utf-8' codec can't decode byte 0xcd in position 647: invalid continuation byte\"",
    "time": "0.665",
    "file": ""
  },
  {
    "test": "backend.tests.integration.test_feedback_learning::test_extract_improvements_from_feedback",
    "outcome": "error",
    "message": "failed on setup with \"UnicodeDecodeError: 'utf-8' codec can't decode byte 0xcd in position 647: invalid continuation byte\"",
    "time": "0.703",
    "file": ""
  },
  {
    "test": "backend.tests.integration.test_feedback_learning::test_apply_learned_patterns",
    "outcome": "error",
    "message": "failed on setup with \"UnicodeDecodeError: 'utf-8' codec can't decode byte 0xcd in position 647: invalid continuation byte\"",
    "time": "0.621",
    "file": ""
  },
  {
    "test": "backend.tests.integration.test_feedback_learning::test_categorize_task",
    "outcome": "error",
    "message": "failed on setup with \"UnicodeDecodeError: 'utf-8' codec can't decode byte 0xcd in position 647: invalid continuation byte\"",
    "time": "0.653",
    "file": ""
  },
  {
    "test": "backend.tests.integration.test_feedback_learning::test_get_feedback_statistics",
    "outcome": "error",
    "message": "failed on setup with \"UnicodeDecodeError: 'utf-8' codec can't decode byte 0xcd in position 647: invalid continuation byte\"",
    "time": "0.689",
    "file": ""
  },
  {
    "test": "backend.tests.integration.test_full_plan_execution.TestFullPlanExecution::test_execute_simple_plan",
    "outcome": "error",
    "message": "failed on setup with \"UnicodeDecodeError: 'utf-8' codec can't decode byte 0xcd in position 647: invalid continuation byte\"",
    "time": "0.218",
    "file": ""
  },
  {
    "test": "backend.tests.integration.test_full_plan_execution.TestFullPlanExecution::test_execute_plan_with_dependencies",
    "outcome": "error",
    "message": "failed on setup with \"UnicodeDecodeError: 'utf-8' codec can't decode byte 0xcd in position 647: invalid continuation byte\"",
    "time": "0.589",
    "file": ""
  },
  {
    "test": "backend.tests.integration.test_full_plan_execution.TestFullPlanExecution::test_execute_plan_checkpoint_creation",
    "outcome": "error",
    "message": "failed on setup with \"UnicodeDecodeError: 'utf-8' codec can't decode byte 0xcd in position 647: invalid continuation byte\"",
    "time": "0.735",
    "file": ""
  },
  {
    "test": "backend.tests.integration.test_full_plan_execution.TestFullPlanExecution::test_execution_status_tracking",
    "outcome": "error",
    "message": "failed on setup with \"UnicodeDecodeError: 'utf-8' codec can't decode byte 0xcd in position 647: invalid continuation byte\"",
    "time": "0.749",
    "file": ""
  },
  {
    "test": "backend.tests.integration.test_full_plan_execution.TestFullPlanExecution::test_execute_plan_no_steps",
    "outcome": "error",
    "message": "failed on setup with \"UnicodeDecodeError: 'utf-8' codec can't decode byte 0xcd in position 647: invalid continuation byte\"",
    "time": "0.719",
    "file": ""
  },
  {
    "test": "backend.tests.integration.test_full_plan_execution.TestFullPlanExecution::test_execution_context_passing",
    "outcome": "error",
    "message": "failed on setup with \"UnicodeDecodeError: 'utf-8' codec can't decode byte 0xcd in position 647: invalid continuation byte\"",
    "time": "0.607",
    "file": ""
  },
  {
    "test": "backend.tests.integration.test_full_system_e2e::test_full_system_e2e_hello_world",
    "outcome": "error",
    "message": "failed on setup with \"UnicodeDecodeError: 'utf-8' codec can't decode byte 0xcd in position 647: invalid continuation byte\"",
    "time": "0.575",
    "file": ""
  },
  {
    "test": "backend.tests.integration.test_full_system_e2e::test_full_system_e2e_with_team",
    "outcome": "error",
    "message": "failed on setup with \"UnicodeDecodeError: 'utf-8' codec can't decode byte 0xcd in position 647: invalid continuation byte\"",
    "time": "0.699",
    "file": ""
  },
  {
    "test": "backend.tests.integration.test_function_calling::test_create_function_call",
    "outcome": "error",
    "message": "failed on setup with \"UnicodeDecodeError: 'utf-8' codec can't decode byte 0xcd in position 647: invalid continuation byte\"",
    "time": "0.000",
    "file": ""
  },
  {
    "test": "backend.tests.integration.test_function_calling::test_create_function_call_invalid_name",
    "outcome": "error",
    "message": "failed on setup with \"UnicodeDecodeError: 'utf-8' codec can't decode byte 0xcd in position 647: invalid continuation byte\"",
    "time": "0.000",
    "file": ""
  },
  {
    "test": "backend.tests.integration.test_function_calling::test_validate_function_call_valid",
    "outcome": "error",
    "message": "failed on setup with \"UnicodeDecodeError: 'utf-8' codec can't decode byte 0xcd in position 647: invalid continuation byte\"",
    "time": "0.000",
    "file": ""
  },
  {
    "test": "backend.tests.integration.test_function_calling::test_validate_function_call_missing_required",
    "outcome": "error",
    "message": "failed on setup with \"UnicodeDecodeError: 'utf-8' codec can't decode byte 0xcd in position 647: invalid continuation byte\"",
    "time": "0.000",
    "file": ""
  },
  {
    "test": "backend.tests.integration.test_function_calling::test_validate_function_call_safety_checks",
    "outcome": "error",
    "message": "failed on setup with \"UnicodeDecodeError: 'utf-8' codec can't decode byte 0xcd in position 647: invalid continuation byte\"",
    "time": "0.000",
    "file": ""
  },
  {
    "test": "backend.tests.integration.test_function_calling::test_parse_function_call_from_llm_json",
    "outcome": "error",
    "message": "failed on setup with \"UnicodeDecodeError: 'utf-8' codec can't decode byte 0xcd in position 647: invalid continuation byte\"",
    "time": "0.000",
    "file": ""
  },
  {
    "test": "backend.tests.integration.test_function_calling::test_parse_function_call_from_llm_with_text",
    "outcome": "error",
    "message": "failed on setup with \"UnicodeDecodeError: 'utf-8' codec can't decode byte 0xcd in position 647: invalid continuation byte\"",
    "time": "0.000",
    "file": ""
  },
  {
    "test": "backend.tests.integration.test_function_calling::test_parse_function_call_from_llm_invalid",
    "outcome": "error",
    "message": "failed on setup with \"UnicodeDecodeError: 'utf-8' codec can't decode byte 0xcd in position 647: invalid continuation byte\"",
    "time": "0.000",
    "file": ""
  },
  {
    "test": "backend.tests.integration.test_function_calling::test_validate_against_schema",
    "outcome": "error",
    "message": "failed on setup with \"UnicodeDecodeError: 'utf-8' codec can't decode byte 0xcd in position 647: invalid continuation byte\"",
    "time": "0.001",
    "file": ""
  },
  {
    "test": "backend.tests.integration.test_function_calling::test_validate_against_schema_type_mismatch",
    "outcome": "error",
    "message": "failed on setup with \"UnicodeDecodeError: 'utf-8' codec can't decode byte 0xcd in position 647: invalid continuation byte\"",
    "time": "0.000",
    "file": ""
  },
  {
    "test": "backend.tests.integration.test_function_calling::test_format_function_call_for_llm",
    "outcome": "error",
    "message": "failed on setup with \"UnicodeDecodeError: 'utf-8' codec can't decode byte 0xcd in position 647: invalid continuation byte\"",
    "time": "0.000",
    "file": ""
  },
  {
    "test": "backend.tests.integration.test_function_calling::test_function_call_to_dict",
    "outcome": "error",
    "message": "failed on setup with \"UnicodeDecodeError: 'utf-8' codec can't decode byte 0xcd in position 647: invalid continuation byte\"",
    "time": "0.000",
    "file": ""
  },
  {
    "test": "backend.tests.integration.test_instance_selection::test_instance_selection",
    "outcome": "error",
    "message": "failed on setup with \"UnicodeDecodeError: 'utf-8' codec can't decode byte 0xcd in position 647: invalid continuation byte\"",
    "time": "0.001",
    "file": ""
  },
  {
    "test": "backend.tests.integration.test_interactive_execution::test_pause_for_clarification",
    "outcome": "error",
    "message": "failed on setup with \"UnicodeDecodeError: 'utf-8' codec can't decode byte 0xcd in position 647: invalid continuation byte\"",
    "time": "0.690",
    "file": ""
  },
  {
    "test": "backend.tests.integration.test_interactive_execution::test_apply_human_correction",
    "outcome": "error",
    "message": "failed on setup with \"UnicodeDecodeError: 'utf-8' codec can't decode byte 0xcd in position 647: invalid continuation byte\"",
    "time": "0.574",
    "file": ""
  },
  {
    "test": "backend.tests.integration.test_interactive_execution::test_resume_execution",
    "outcome": "error",
    "message": "failed on setup with \"UnicodeDecodeError: 'utf-8' codec can't decode byte 0xcd in position 647: invalid continuation byte\"",
    "time": "0.637",
    "file": ""
  },
  {
    "test": "backend.tests.integration.test_interactive_execution::test_get_execution_state",
    "outcome": "error",
    "message": "failed on setup with \"UnicodeDecodeError: 'utf-8' codec can't decode byte 0xcd in position 647: invalid continuation byte\"",
    "time": "0.674",
    "file": ""
  },
  {
    "test": "backend.tests.integration.test_interactive_execution::test_clear_execution_state",
    "outcome": "error",
    "message": "failed on setup with \"UnicodeDecodeError: 'utf-8' codec can't decode byte 0xcd in position 647: invalid continuation byte\"",
    "time": "0.637",
    "file": ""
  },
  {
    "test": "backend.tests.integration.test_logging_api::test_server_health",
    "outcome": "error",
    "message": "failed on setup with \"UnicodeDecodeError: 'utf-8' codec can't decode byte 0xcd in position 647: invalid continuation byte\"",
    "time": "0.000",
    "file": ""
  },
  {
    "test": "backend.tests.integration.test_logging_api::test_get_log_levels",
    "outcome": "error",
    "message": "failed on setup with \"UnicodeDecodeError: 'utf-8' codec can't decode byte 0xcd in position 647: invalid continuation byte\"",
    "time": "0.000",
    "file": ""
  },
  {
    "test": "backend.tests.integration.test_logging_api::test_get_module_level",
    "outcome": "error",
    "message": "failed on setup with \"UnicodeDecodeError: 'utf-8' codec can't decode byte 0xcd in position 647: invalid continuation byte\"",
    "time": "0.000",
    "file": ""
  },
  {
    "test": "backend.tests.integration.test_logging_api::test_set_module_level",
    "outcome": "error",
    "message": "failed on setup with \"UnicodeDecodeError: 'utf-8' codec can't decode byte 0xcd in position 647: invalid continuation byte\"",
    "time": "0.000",
    "file": ""
  },
  {
    "test": "backend.tests.integration.test_logging_api::test_get_metrics",
    "outcome": "error",
    "message": "failed on setup with \"UnicodeDecodeError: 'utf-8' codec can't decode byte 0xcd in position 647: invalid continuation byte\"",
    "time": "0.000",
    "file": ""
  },
  {
    "test": "backend.tests.integration.test_logging_api::test_reset_metrics",
    "outcome": "error",
    "message": "failed on setup with \"UnicodeDecodeError: 'utf-8' codec can't decode byte 0xcd in position 647: invalid continuation byte\"",
    "time": "0.000",
    "file": ""
  },
  {
    "test": "backend.tests.integration.test_logging_api::test_middleware_request_id",
    "outcome": "error",
    "message": "failed on setup with \"UnicodeDecodeError: 'utf-8' codec can't decode byte 0xcd in position 647: invalid continuation byte\"",
    "time": "0.000",
    "file": ""
  },
  {
    "test": "backend.tests.integration.test_logging_system::test_basic_logging",
    "outcome": "error",
    "message": "failed on setup with \"UnicodeDecodeError: 'utf-8' codec can't decode byte 0xcd in position 647: invalid continuation byte\"",
    "time": "0.000",
    "file": ""
  },
  {
    "test": "backend.tests.integration.test_logging_system::test_contextual_logging",
    "outcome": "error",
    "message": "failed on setup with \"UnicodeDecodeError: 'utf-8' codec can't decode byte 0xcd in position 647: invalid continuation byte\"",
    "time": "0.000",
    "file": ""
  },
  {
    "test": "backend.tests.integration.test_logging_system::test_sensitive_data_filtering",
    "outcome": "error",
    "message": "failed on setup with \"UnicodeDecodeError: 'utf-8' codec can't decode byte 0xcd in position 647: invalid continuation byte\"",
    "time": "0.000",
    "file": ""
  },
  {
    "test": "backend.tests.integration.test_logging_system::test_log_levels",
    "outcome": "error",
    "message": "failed on setup with \"UnicodeDecodeError: 'utf-8' codec can't decode byte 0xcd in position 647: invalid continuation byte\"",
    "time": "0.000",
    "file": ""
  },
  {
    "test": "backend.tests.integration.test_logging_system::test_log_metrics",
    "outcome": "error",
    "message": "failed on setup with \"UnicodeDecodeError: 'utf-8' codec can't decode byte 0xcd in position 647: invalid continuation byte\"",
    "time": "0.001",
    "file": ""
  },
  {
    "test": "backend.tests.integration.test_logging_system::test_file_logging",
    "outcome": "error",
    "message": "failed on setup with \"UnicodeDecodeError: 'utf-8' codec can't decode byte 0xcd in position 647: invalid continuation byte\"",
    "time": "0.000",
    "file": ""
  },
  {
    "test": "backend.tests.integration.test_logging_system::test_json_format",
    "outcome": "error",
    "message": "failed on setup with \"UnicodeDecodeError: 'utf-8' codec can't decode byte 0xcd in position 647: invalid continuation byte\"",
    "time": "0.000",
    "file": ""
  },
  {
    "test": "backend.tests.integration.test_logging_system::test_api_endpoints",
    "outcome": "error",
    "message": "failed on setup with \"UnicodeDecodeError: 'utf-8' codec can't decode byte 0xcd in position 647: invalid continuation byte\"",
    "time": "0.000",
    "file": ""
  },
  {
    "test": "backend.tests.integration.test_logging_system::test_middleware_integration",
    "outcome": "error",
    "message": "failed on setup with \"UnicodeDecodeError: 'utf-8' codec can't decode byte 0xcd in position 647: invalid continuation byte\"",
    "time": "0.000",
    "file": ""
  },
  {
    "test": "backend.tests.integration.test_migration::test_migration",
    "outcome": "error",
    "message": "failed on setup with \"UnicodeDecodeError: 'utf-8' codec can't decode byte 0xcd in position 647: invalid continuation byte\"",
    "time": "0.000",
    "file": ""
  },
  {
    "test": "backend.tests.integration.test_migration::test_models",
    "outcome": "error",
    "message": "failed on setup with \"UnicodeDecodeError: 'utf-8' codec can't decode byte 0xcd in position 647: invalid continuation byte\"",
    "time": "0.000",
    "file": ""
  },
  {
    "test": "backend.tests.integration.test_migration::test_services",
    "outcome": "error",
    "message": "failed on setup with \"UnicodeDecodeError: 'utf-8' codec can't decode byte 0xcd in position 647: invalid continuation byte\"",
    "time": "0.000",
    "file": ""
  },
  {
    "test": "backend.tests.integration.test_model_benchmark_real::test_benchmark_all_models_planning",
    "outcome": "error",
    "message": "failed on setup with \"UnicodeDecodeError: 'utf-8' codec can't decode byte 0xcd in position 647: invalid continuation byte\"",
    "time": "0.601",
    "file": ""
  },
  {
    "test": "backend.tests.integration.test_model_benchmark_real::test_benchmark_all_models_code_generation",
    "outcome": "error",
    "message": "failed on setup with \"UnicodeDecodeError: 'utf-8' codec can't decode byte 0xcd in position 647: invalid continuation byte\"",
    "time": "0.665",
    "file": ""
  },
  {
    "test": "backend.tests.integration.test_model_generation::test_direct_ollama_request",
    "outcome": "error",
    "message": "failed on setup with \"UnicodeDecodeError: 'utf-8' codec can't decode byte 0xcd in position 647: invalid continuation byte\"",
    "time": "0.000",
    "file": ""
  },
  {
    "test": "backend.tests.integration.test_model_generation::test_ollama_client",
    "outcome": "error",
    "message": "failed on setup with \"UnicodeDecodeError: 'utf-8' codec can't decode byte 0xcd in position 647: invalid continuation byte\"",
    "time": "0.000",
    "file": ""
  },
  {
    "test": "backend.tests.integration.test_model_generation::test_chat_api",
    "outcome": "error",
    "message": "failed on setup with \"UnicodeDecodeError: 'utf-8' codec can't decode byte 0xcd in position 647: invalid continuation byte\"",
    "time": "0.000",
    "file": ""
  },
  {
    "test": "backend.tests.integration.test_model_selector::test_get_planning_model",
    "outcome": "error",
    "message": "failed on setup with \"UnicodeDecodeError: 'utf-8' codec can't decode byte 0xcd in position 647: invalid continuation byte\"",
    "time": "0.607",
    "file": ""
  },
  {
    "test": "backend.tests.integration.test_model_selector::test_get_planning_model_fallback_to_reasoning",
    "outcome": "error",
    "message": "failed on setup with \"UnicodeDecodeError: 'utf-8' codec can't decode byte 0xcd in position 647: invalid continuation byte\"",
    "time": "0.672",
    "file": ""
  },
  {
    "test": "backend.tests.integration.test_model_selector::test_get_code_model",
    "outcome": "error",
    "message": "failed on setup with \"UnicodeDecodeError: 'utf-8' codec can't decode byte 0xcd in position 647: invalid continuation byte\"",
    "time": "0.666",
    "file": ""
  },
  {
    "test": "backend.tests.integration.test_model_selector::test_get_code_model_fallback",
    "outcome": "error",
    "message": "failed on setup with \"UnicodeDecodeError: 'utf-8' codec can't decode byte 0xcd in position 647: invalid continuation byte\"",
    "time": "0.690",
    "file": ""
  },
  {
    "test": "backend.tests.integration.test_model_selector::test_get_model_by_capability",
    "outcome": "error",
    "message": "failed on setup with \"UnicodeDecodeError: 'utf-8' codec can't decode byte 0xcd in position 647: invalid continuation byte\"",
    "time": "0.728",
    "file": ""
  },
  {
    "test": "backend.tests.integration.test_model_selector::test_get_model_by_capability_not_found",
    "outcome": "error",
    "message": "failed on setup with \"UnicodeDecodeError: 'utf-8' codec can't decode byte 0xcd in position 647: invalid continuation byte\"",
    "time": "0.693",
    "file": ""
  },
  {
    "test": "backend.tests.integration.test_model_selector::test_get_server_for_model",
    "outcome": "error",
    "message": "failed on setup with \"UnicodeDecodeError: 'utf-8' codec can't decode byte 0xcd in position 647: invalid continuation byte\"",
    "time": "0.667",
    "file": ""
  },
  {
    "test": "backend.tests.integration.test_model_selector::test_get_planning_model_with_specific_server",
    "outcome": "error",
    "message": "failed on setup with \"UnicodeDecodeError: 'utf-8' codec can't decode byte 0xcd in position 647: invalid continuation byte\"",
    "time": "0.649",
    "file": ""
  },
  {
    "test": "backend.tests.integration.test_model_selector::test_get_code_model_with_specific_server",
    "outcome": "error",
    "message": "failed on setup with \"UnicodeDecodeError: 'utf-8' codec can't decode byte 0xcd in position 647: invalid continuation byte\"",
    "time": "0.614",
    "file": ""
  },
  {
    "test": "backend.tests.integration.test_model_selector::test_model_selector_prioritizes_planning_over_reasoning",
    "outcome": "error",
    "message": "failed on setup with \"UnicodeDecodeError: 'utf-8' codec can't decode byte 0xcd in position 647: invalid continuation byte\"",
    "time": "0.608",
    "file": ""
  },
  {
    "test": "backend.tests.integration.test_new_components::test_request_ranking",
    "outcome": "error",
    "message": "failed on setup with \"UnicodeDecodeError: 'utf-8' codec can't decode byte 0xcd in position 647: invalid continuation byte\"",
    "time": "0.000",
    "file": ""
  },
  {
    "test": "backend.tests.integration.test_new_components::test_task_queues",
    "outcome": "error",
    "message": "failed on setup with \"UnicodeDecodeError: 'utf-8' codec can't decode byte 0xcd in position 647: invalid continuation byte\"",
    "time": "0.000",
    "file": ""
  },
  {
    "test": "backend.tests.integration.test_new_components::test_checkpoints",
    "outcome": "error",
    "message": "failed on setup with \"UnicodeDecodeError: 'utf-8' codec can't decode byte 0xcd in position 647: invalid continuation byte\"",
    "time": "0.000",
    "file": ""
  },
  {
    "test": "backend.tests.integration.test_new_features::test_models_api",
    "outcome": "error",
    "message": "failed on setup with \"UnicodeDecodeError: 'utf-8' codec can't decode byte 0xcd in position 647: invalid continuation byte\"",
    "time": "0.000",
    "file": ""
  },
  {
    "test": "backend.tests.integration.test_new_features::test_chat_session",
    "outcome": "error",
    "message": "failed on setup with \"UnicodeDecodeError: 'utf-8' codec can't decode byte 0xcd in position 647: invalid continuation byte\"",
    "time": "0.000",
    "file": ""
  },
  {
    "test": "backend.tests.integration.test_ollama_connection::test_direct_connection",
    "outcome": "error",
    "message": "failed on setup with \"UnicodeDecodeError: 'utf-8' codec can't decode byte 0xcd in position 647: invalid continuation byte\"",
    "time": "0.000",
    "file": ""
  },
  {
    "test": "backend.tests.integration.test_ollama_connection::test_health_check",
    "outcome": "error",
    "message": "failed on setup with \"UnicodeDecodeError: 'utf-8' codec can't decode byte 0xcd in position 647: invalid continuation byte\"",
    "time": "0.000",
    "file": ""
  },
  {
    "test": "backend.tests.integration.test_ollama_connection::test_ollama_client_methods",
    "outcome": "error",
    "message": "failed on setup with \"UnicodeDecodeError: 'utf-8' codec can't decode byte 0xcd in position 647: invalid continuation byte\"",
    "time": "0.000",
    "file": ""
  },
  {
    "test": "backend.tests.integration.test_ollama_connection::test_generate_endpoint",
    "outcome": "error",
    "message": "failed on setup with \"UnicodeDecodeError: 'utf-8' codec can't decode byte 0xcd in position 647: invalid continuation byte\"",
    "time": "0.000",
    "file": ""
  },
  {
    "test": "backend.tests.integration.test_ollama_integration::test_ollama",
    "outcome": "error",
    "message": "failed on setup with \"UnicodeDecodeError: 'utf-8' codec can't decode byte 0xcd in position 647: invalid continuation byte\"",
    "time": "0.000",
    "file": ""
  },
  {
    "test": "backend.tests.integration.test_orchestrator_integration::test_orchestrator_full_workflow_simple_question",
    "outcome": "error",
    "message": "failed on setup with \"UnicodeDecodeError: 'utf-8' codec can't decode byte 0xcd in position 647: invalid continuation byte\"",
    "time": "0.642",
    "file": ""
  },
  {
    "test": "backend.tests.integration.test_orchestrator_integration::test_orchestrator_error_handling",
    "outcome": "error",
    "message": "failed on setup with \"UnicodeDecodeError: 'utf-8' codec can't decode byte 0xcd in position 647: invalid continuation byte\"",
    "time": "0.625",
    "file": ""
  },
  {
    "test": "backend.tests.integration.test_phase3_full_integration::test_level1_basic_context_creation",
    "outcome": "error",
    "message": "failed on setup with \"UnicodeDecodeError: 'utf-8' codec can't decode byte 0xcd in position 647: invalid continuation byte\"",
    "time": "0.002",
    "file": ""
  },
  {
    "test": "backend.tests.integration.test_phase3_full_integration::test_level2_service_registry_with_context",
    "outcome": "error",
    "message": "failed on setup with \"UnicodeDecodeError: 'utf-8' codec can't decode byte 0xcd in position 647: invalid continuation byte\"",
    "time": "0.014",
    "file": ""
  },
  {
    "test": "backend.tests.integration.test_phase3_full_integration::test_level3_memory_service_real_operations",
    "outcome": "error",
    "message": "failed on setup with \"UnicodeDecodeError: 'utf-8' codec can't decode byte 0xcd in position 647: invalid continuation byte\"",
    "time": "0.007",
    "file": ""
  },
  {
    "test": "backend.tests.integration.test_phase3_full_integration::test_level4_reflection_service_real_llm",
    "outcome": "error",
    "message": "failed on setup with \"UnicodeDecodeError: 'utf-8' codec can't decode byte 0xcd in position 647: invalid continuation byte\"",
    "time": "0.007",
    "file": ""
  },
  {
    "test": "backend.tests.integration.test_phase3_full_integration::test_level5_meta_learning_real_analysis",
    "outcome": "error",
    "message": "failed on setup with \"UnicodeDecodeError: 'utf-8' codec can't decode byte 0xcd in position 647: invalid continuation byte\"",
    "time": "0.003",
    "file": ""
  },
  {
    "test": "backend.tests.integration.test_phase3_full_integration::test_level6_full_workflow_with_orchestrator",
    "outcome": "error",
    "message": "failed on setup with \"UnicodeDecodeError: 'utf-8' codec can't decode byte 0xcd in position 647: invalid continuation byte\"",
    "time": "0.009",
    "file": ""
  },
  {
    "test": "backend.tests.integration.test_phase3_full_integration::test_level7_complex_task_with_all_services",
    "outcome": "error",
    "message": "failed on setup with \"UnicodeDecodeError: 'utf-8' codec can't decode byte 0xcd in position 647: invalid continuation byte\"",
    "time": "0.008",
    "file": ""
  },
  {
    "test": "backend.tests.integration.test_phase3_full_integration::test_level8_error_recovery_with_reflection",
    "outcome": "error",
    "message": "failed on setup with \"UnicodeDecodeError: 'utf-8' codec can't decode byte 0xcd in position 647: invalid continuation byte\"",
    "time": "0.006",
    "file": ""
  },
  {
    "test": "backend.tests.integration.test_phase3_full_integration::test_level9_end_to_end_complex_scenario",
    "outcome": "error",
    "message": "failed on setup with \"UnicodeDecodeError: 'utf-8' codec can't decode byte 0xcd in position 647: invalid continuation byte\"",
    "time": "0.007",
    "file": ""
  },
  {
    "test": "backend.tests.integration.test_phase3_full_integration::test_level10_prompt_metrics_tracking",
    "outcome": "error",
    "message": "failed on setup with \"UnicodeDecodeError: 'utf-8' codec can't decode byte 0xcd in position 647: invalid continuation byte\"",
    "time": "0.013",
    "file": ""
  },
  {
    "test": "backend.tests.integration.test_phase3_orchestrator_integration.TestMemoryServiceIntegration::test_information_query_uses_memory_service",
    "outcome": "error",
    "message": "failed on setup with \"UnicodeDecodeError: 'utf-8' codec can't decode byte 0xcd in position 647: invalid continuation byte\"",
    "time": "0.020",
    "file": ""
  },
  {
    "test": "backend.tests.integration.test_phase3_orchestrator_integration.TestReflectionServiceIntegration::test_complex_task_uses_reflection_service",
    "outcome": "error",
    "message": "failed on setup with \"UnicodeDecodeError: 'utf-8' codec can't decode byte 0xcd in position 647: invalid continuation byte\"",
    "time": "0.007",
    "file": ""
  },
  {
    "test": "backend.tests.integration.test_phase3_orchestrator_integration.TestMetaLearningServiceIntegration::test_complex_task_uses_meta_learning_service",
    "outcome": "error",
    "message": "failed on setup with \"UnicodeDecodeError: 'utf-8' codec can't decode byte 0xcd in position 647: invalid continuation byte\"",
    "time": "0.006",
    "file": ""
  },
  {
    "test": "backend.tests.integration.test_phase3_orchestrator_integration.TestFullIntegration::test_full_workflow_with_all_services",
    "outcome": "error",
    "message": "failed on setup with \"UnicodeDecodeError: 'utf-8' codec can't decode byte 0xcd in position 647: invalid continuation byte\"",
    "time": "0.006",
    "file": ""
  },
  {
    "test": "backend.tests.integration.test_phase4_integration.TestWorkflowEngineIntegration::test_workflow_engine_initialization_in_orchestrator",
    "outcome": "error",
    "message": "failed on setup with \"UnicodeDecodeError: 'utf-8' codec can't decode byte 0xcd in position 647: invalid continuation byte\"",
    "time": "0.002",
    "file": ""
  },
  {
    "test": "backend.tests.integration.test_phase4_integration.TestWorkflowEngineIntegration::test_workflow_state_transitions_in_code_generation",
    "outcome": "error",
    "message": "failed on setup with \"UnicodeDecodeError: 'utf-8' codec can't decode byte 0xcd in position 647: invalid continuation byte\"",
    "time": "0.006",
    "file": ""
  },
  {
    "test": "backend.tests.integration.test_phase4_integration.TestErrorHandlingIntegration::test_fallback_to_simple_question_on_error",
    "outcome": "error",
    "message": "failed on setup with \"UnicodeDecodeError: 'utf-8' codec can't decode byte 0xcd in position 647: invalid continuation byte\"",
    "time": "0.002",
    "file": ""
  },
  {
    "test": "backend.tests.integration.test_phase4_integration.TestErrorHandlingIntegration::test_replanning_on_error",
    "outcome": "error",
    "message": "failed on setup with \"UnicodeDecodeError: 'utf-8' codec can't decode byte 0xcd in position 647: invalid continuation byte\"",
    "time": "0.006",
    "file": ""
  },
  {
    "test": "backend.tests.integration.test_phase4_integration.TestAdaptiveApprovalIntegration::test_adaptive_approval_low_risk",
    "outcome": "error",
    "message": "failed on setup with \"UnicodeDecodeError: 'utf-8' codec can't decode byte 0xcd in position 647: invalid continuation byte\"",
    "time": "0.011",
    "file": ""
  },
  {
    "test": "backend.tests.integration.test_phase4_integration.TestAdaptiveApprovalIntegration::test_adaptive_approval_high_risk",
    "outcome": "error",
    "message": "failed on setup with \"UnicodeDecodeError: 'utf-8' codec can't decode byte 0xcd in position 647: invalid continuation byte\"",
    "time": "0.007",
    "file": ""
  },
  {
    "test": "backend.tests.integration.test_phase4_integration.TestPhase4EndToEnd::test_full_workflow_with_workflow_engine",
    "outcome": "error",
    "message": "failed on setup with \"UnicodeDecodeError: 'utf-8' codec can't decode byte 0xcd in position 647: invalid continuation byte\"",
    "time": "0.012",
    "file": ""
  },
  {
    "test": "backend.tests.integration.test_phase5_e2e_workflows.TestE2ESimpleWorkflows::test_e2e_simple_question_to_answer",
    "outcome": "error",
    "message": "failed on setup with \"UnicodeDecodeError: 'utf-8' codec can't decode byte 0xcd in position 647: invalid continuation byte\"",
    "time": "0.012",
    "file": ""
  },
  {
    "test": "backend.tests.integration.test_phase5_e2e_workflows.TestE2EInformationQueryWorkflows::test_e2e_information_query_with_memory",
    "outcome": "error",
    "message": "failed on setup with \"UnicodeDecodeError: 'utf-8' codec can't decode byte 0xcd in position 647: invalid continuation byte\"",
    "time": "0.007",
    "file": ""
  },
  {
    "test": "backend.tests.integration.test_phase5_e2e_workflows.TestE2ECodeGenerationWorkflows::test_e2e_code_generation_full_workflow",
    "outcome": "error",
    "message": "failed on setup with \"UnicodeDecodeError: 'utf-8' codec can't decode byte 0xcd in position 647: invalid continuation byte\"",
    "time": "0.007",
    "file": ""
  },
  {
    "test": "backend.tests.integration.test_phase5_e2e_workflows.TestE2EComplexTaskWorkflows::test_e2e_complex_task_with_reflection_and_meta_learning",
    "outcome": "error",
    "message": "failed on setup with \"UnicodeDecodeError: 'utf-8' codec can't decode byte 0xcd in position 647: invalid continuation byte\"",
    "time": "0.007",
    "file": ""
  },
  {
    "test": "backend.tests.integration.test_phase5_e2e_workflows.TestE2EErrorHandlingWorkflows::test_e2e_error_handling_with_replanning",
    "outcome": "error",
    "message": "failed on setup with \"UnicodeDecodeError: 'utf-8' codec can't decode byte 0xcd in position 647: invalid continuation byte\"",
    "time": "0.007",
    "file": ""
  },
  {
    "test": "backend.tests.integration.test_phase5_e2e_workflows.TestE2EApprovalWorkflows::test_e2e_workflow_with_approval",
    "outcome": "error",
    "message": "failed on setup with \"UnicodeDecodeError: 'utf-8' codec can't decode byte 0xcd in position 647: invalid continuation byte\"",
    "time": "0.008",
    "file": ""
  },
  {
    "test": "backend.tests.integration.test_phase5_e2e_workflows.TestE2EFullIntegrationWorkflow::test_e2e_full_integration_all_components",
    "outcome": "error",
    "message": "failed on setup with \"UnicodeDecodeError: 'utf-8' codec can't decode byte 0xcd in position 647: invalid continuation byte\"",
    "time": "0.007",
    "file": ""
  },
  {
    "test": "backend.tests.integration.test_phase6_api_consistency::test_create_plan_api_backward_compatibility",
    "outcome": "error",
    "message": "failed on setup with \"UnicodeDecodeError: 'utf-8' codec can't decode byte 0xcd in position 647: invalid continuation byte\"",
    "time": "0.007",
    "file": ""
  },
  {
    "test": "backend.tests.integration.test_phase6_api_consistency::test_create_plan_api_with_context",
    "outcome": "error",
    "message": "failed on setup with \"UnicodeDecodeError: 'utf-8' codec can't decode byte 0xcd in position 647: invalid continuation byte\"",
    "time": "0.008",
    "file": ""
  },
  {
    "test": "backend.tests.integration.test_phase6_api_consistency::test_list_plans_api",
    "outcome": "error",
    "message": "failed on setup with \"UnicodeDecodeError: 'utf-8' codec can't decode byte 0xcd in position 647: invalid continuation byte\"",
    "time": "0.001",
    "file": ""
  },
  {
    "test": "backend.tests.integration.test_phase6_api_consistency::test_get_plan_api",
    "outcome": "error",
    "message": "failed on setup with \"UnicodeDecodeError: 'utf-8' codec can't decode byte 0xcd in position 647: invalid continuation byte\"",
    "time": "0.009",
    "file": ""
  },
  {
    "test": "backend.tests.integration.test_phase6_api_consistency::test_replan_api",
    "outcome": "error",
    "message": "failed on setup with \"UnicodeDecodeError: 'utf-8' codec can't decode byte 0xcd in position 647: invalid continuation byte\"",
    "time": "0.007",
    "file": ""
  },
  {
    "test": "backend.tests.integration.test_phase6_consistency::test_api_endpoint_backward_compatibility",
    "outcome": "error",
    "message": "failed on setup with \"UnicodeDecodeError: 'utf-8' codec can't decode byte 0xcd in position 647: invalid continuation byte\"",
    "time": "0.009",
    "file": ""
  },
  {
    "test": "backend.tests.integration.test_phase6_consistency::test_api_endpoint_with_new_parameters",
    "outcome": "error",
    "message": "failed on setup with \"UnicodeDecodeError: 'utf-8' codec can't decode byte 0xcd in position 647: invalid continuation byte\"",
    "time": "0.009",
    "file": ""
  },
  {
    "test": "backend.tests.integration.test_phase6_consistency::test_execution_service_integration",
    "outcome": "error",
    "message": "failed on setup with \"UnicodeDecodeError: 'utf-8' codec can't decode byte 0xcd in position 647: invalid continuation byte\"",
    "time": "0.009",
    "file": ""
  },
  {
    "test": "backend.tests.integration.test_phase6_consistency::test_decision_pipeline_integration",
    "outcome": "error",
    "message": "failed on setup with \"UnicodeDecodeError: 'utf-8' codec can't decode byte 0xcd in position 647: invalid continuation byte\"",
    "time": "0.009",
    "file": ""
  },
  {
    "test": "backend.tests.integration.test_phase6_consistency::test_replan_backward_compatibility",
    "outcome": "error",
    "message": "failed on setup with \"UnicodeDecodeError: 'utf-8' codec can't decode byte 0xcd in position 647: invalid continuation byte\"",
    "time": "0.009",
    "file": ""
  },
  {
    "test": "backend.tests.integration.test_phase6_consistency::test_plan_evaluation_service_integration",
    "outcome": "error",
    "message": "failed on setup with \"UnicodeDecodeError: 'utf-8' codec can't decode byte 0xcd in position 647: invalid continuation byte\"",
    "time": "0.008",
    "file": ""
  },
  {
    "test": "backend.tests.integration.test_phase6_consistency::test_plan_metadata_consistency",
    "outcome": "error",
    "message": "failed on setup with \"UnicodeDecodeError: 'utf-8' codec can't decode byte 0xcd in position 647: invalid continuation byte\"",
    "time": "0.009",
    "file": ""
  },
  {
    "test": "backend.tests.integration.test_phase6_consistency::test_context_passing_consistency",
    "outcome": "error",
    "message": "failed on setup with \"UnicodeDecodeError: 'utf-8' codec can't decode byte 0xcd in position 647: invalid continuation byte\"",
    "time": "0.008",
    "file": ""
  },
  {
    "test": "backend.tests.integration.test_phase6_consistency::test_custom_evaluation_weights_consistency",
    "outcome": "error",
    "message": "failed on setup with \"UnicodeDecodeError: 'utf-8' codec can't decode byte 0xcd in position 647: invalid continuation byte\"",
    "time": "0.016",
    "file": ""
  },
  {
    "test": "backend.tests.integration.test_phase6_consistency::test_alternative_plans_method_consistency",
    "outcome": "error",
    "message": "failed on setup with \"UnicodeDecodeError: 'utf-8' codec can't decode byte 0xcd in position 647: invalid continuation byte\"",
    "time": "0.010",
    "file": ""
  },
  {
    "test": "backend.tests.integration.test_plan_approval_integration::test_plan_approval_integration",
    "outcome": "error",
    "message": "failed on setup with \"UnicodeDecodeError: 'utf-8' codec can't decode byte 0xcd in position 647: invalid continuation byte\"",
    "time": "0.001",
    "file": ""
  },
  {
    "test": "backend.tests.integration.test_plan_memory_integration::test_save_todo_to_working_memory",
    "outcome": "error",
    "message": "failed on setup with \"UnicodeDecodeError: 'utf-8' codec can't decode byte 0xcd in position 647: invalid continuation byte\"",
    "time": "0.614",
    "file": ""
  },
  {
    "test": "backend.tests.integration.test_plan_memory_integration::test_save_plan_to_episodic_memory",
    "outcome": "error",
    "message": "failed on setup with \"UnicodeDecodeError: 'utf-8' codec can't decode byte 0xcd in position 647: invalid continuation byte\"",
    "time": "0.614",
    "file": ""
  },
  {
    "test": "backend.tests.integration.test_plan_memory_integration::test_apply_procedural_memory_patterns",
    "outcome": "error",
    "message": "failed on setup with \"UnicodeDecodeError: 'utf-8' codec can't decode byte 0xcd in position 647: invalid continuation byte\"",
    "time": "0.669",
    "file": ""
  },
  {
    "test": "backend.tests.integration.test_plan_memory_integration::test_plan_creation_saves_to_memory",
    "outcome": "error",
    "message": "failed on setup with \"UnicodeDecodeError: 'utf-8' codec can't decode byte 0xcd in position 647: invalid continuation byte\"",
    "time": "0.674",
    "file": ""
  },
  {
    "test": "backend.tests.integration.test_plan_visualization.TestPlanVisualizationIntegration::test_tree_api_with_hierarchical_plan",
    "outcome": "error",
    "message": "failed on setup with \"UnicodeDecodeError: 'utf-8' codec can't decode byte 0xcd in position 647: invalid continuation byte\"",
    "time": "0.015",
    "file": ""
  },
  {
    "test": "backend.tests.integration.test_plan_visualization.TestPlanVisualizationIntegration::test_tree_service_with_plan_steps",
    "outcome": "error",
    "message": "failed on setup with \"UnicodeDecodeError: 'utf-8' codec can't decode byte 0xcd in position 647: invalid continuation byte\"",
    "time": "0.012",
    "file": ""
  },
  {
    "test": "backend.tests.integration.test_plan_visualization.TestPlanVisualizationIntegration::test_tree_api_includes_plan_metadata",
    "outcome": "error",
    "message": "failed on setup with \"UnicodeDecodeError: 'utf-8' codec can't decode byte 0xcd in position 647: invalid continuation byte\"",
    "time": "0.011",
    "file": ""
  },
  {
    "test": "backend.tests.integration.test_plan_visualization.TestPlanVisualizationIntegration::test_tree_api_metadata_parameter",
    "outcome": "error",
    "message": "failed on setup with \"UnicodeDecodeError: 'utf-8' codec can't decode byte 0xcd in position 647: invalid continuation byte\"",
    "time": "0.012",
    "file": ""
  },
  {
    "test": "backend.tests.integration.test_planning_api_simple::test_health",
    "outcome": "error",
    "message": "failed on setup with \"UnicodeDecodeError: 'utf-8' codec can't decode byte 0xcd in position 647: invalid continuation byte\"",
    "time": "0.000",
    "file": ""
  },
  {
    "test": "backend.tests.integration.test_planning_api_simple::test_list_plans",
    "outcome": "error",
    "message": "failed on setup with \"UnicodeDecodeError: 'utf-8' codec can't decode byte 0xcd in position 647: invalid continuation byte\"",
    "time": "0.000",
    "file": ""
  },
  {
    "test": "backend.tests.integration.test_planning_api_simple::test_get_plan",
    "outcome": "error",
    "message": "failed on setup with \"UnicodeDecodeError: 'utf-8' codec can't decode byte 0xcd in position 647: invalid continuation byte\"",
    "time": "0.000",
    "file": ""
  },
  {
    "test": "backend.tests.integration.test_planning_api_simple::test_get_plan_status",
    "outcome": "error",
    "message": "failed on setup with \"UnicodeDecodeError: 'utf-8' codec can't decode byte 0xcd in position 647: invalid continuation byte\"",
    "time": "0.000",
    "file": ""
  },
  {
    "test": "backend.tests.integration.test_planning_api_simple::test_filter_plans",
    "outcome": "error",
    "message": "failed on setup with \"UnicodeDecodeError: 'utf-8' codec can't decode byte 0xcd in position 647: invalid continuation byte\"",
    "time": "0.000",
    "file": ""
  },
  {
    "test": "backend.tests.integration.test_planning_digital_twin.Test1SimpleTaskPlanning::test_create_simple_task_and_plan",
    "outcome": "error",
    "message": "failed on setup with \"UnicodeDecodeError: 'utf-8' codec can't decode byte 0xcd in position 647: invalid continuation byte\"",
    "time": "0.002",
    "file": ""
  },
  {
    "test": "backend.tests.integration.test_planning_digital_twin.Test2DigitalTwinContext::test_digital_twin_context_creation",
    "outcome": "error",
    "message": "failed on setup with \"UnicodeDecodeError: 'utf-8' codec can't decode byte 0xcd in position 647: invalid continuation byte\"",
    "time": "0.002",
    "file": ""
  },
  {
    "test": "backend.tests.integration.test_planning_digital_twin.Test3ContextReuse::test_planning_with_previous_context",
    "outcome": "error",
    "message": "failed on setup with \"UnicodeDecodeError: 'utf-8' codec can't decode byte 0xcd in position 647: invalid continuation byte\"",
    "time": "0.002",
    "file": ""
  },
  {
    "test": "backend.tests.integration.test_planning_digital_twin.Test4ComplexTask::test_complex_task_planning",
    "outcome": "error",
    "message": "failed on setup with \"UnicodeDecodeError: 'utf-8' codec can't decode byte 0xcd in position 647: invalid continuation byte\"",
    "time": "0.002",
    "file": ""
  },
  {
    "test": "backend.tests.integration.test_planning_digital_twin.Test5ReplanningWithErrors::test_replanning_with_execution_errors",
    "outcome": "error",
    "message": "failed on setup with \"UnicodeDecodeError: 'utf-8' codec can't decode byte 0xcd in position 647: invalid continuation byte\"",
    "time": "0.002",
    "file": ""
  },
  {
    "test": "backend.tests.integration.test_planning_metrics::test_calculate_plan_quality_score",
    "outcome": "error",
    "message": "failed on setup with \"UnicodeDecodeError: 'utf-8' codec can't decode byte 0xcd in position 647: invalid continuation byte\"",
    "time": "0.678",
    "file": ""
  },
  {
    "test": "backend.tests.integration.test_planning_metrics::test_calculate_plan_quality_score_optimal_steps",
    "outcome": "error",
    "message": "failed on setup with \"UnicodeDecodeError: 'utf-8' codec can't decode byte 0xcd in position 647: invalid continuation byte\"",
    "time": "0.701",
    "file": ""
  },
  {
    "test": "backend.tests.integration.test_planning_metrics::test_track_plan_execution_success",
    "outcome": "error",
    "message": "failed on setup with \"UnicodeDecodeError: 'utf-8' codec can't decode byte 0xcd in position 647: invalid continuation byte\"",
    "time": "0.695",
    "file": ""
  },
  {
    "test": "backend.tests.integration.test_planning_metrics::test_track_plan_execution_failure",
    "outcome": "error",
    "message": "failed on setup with \"UnicodeDecodeError: 'utf-8' codec can't decode byte 0xcd in position 647: invalid continuation byte\"",
    "time": "0.766",
    "file": ""
  },
  {
    "test": "backend.tests.integration.test_planning_metrics::test_get_planning_statistics",
    "outcome": "error",
    "message": "failed on setup with \"UnicodeDecodeError: 'utf-8' codec can't decode byte 0xcd in position 647: invalid continuation byte\"",
    "time": "0.678",
    "file": ""
  },
  {
    "test": "backend.tests.integration.test_planning_metrics::test_get_plan_quality_breakdown",
    "outcome": "error",
    "message": "failed on setup with \"UnicodeDecodeError: 'utf-8' codec can't decode byte 0xcd in position 647: invalid continuation byte\"",
    "time": "0.667",
    "file": ""
  },
  {
    "test": "backend.tests.integration.test_planning_metrics::test_get_plan_quality_breakdown_with_execution",
    "outcome": "error",
    "message": "failed on setup with \"UnicodeDecodeError: 'utf-8' codec can't decode byte 0xcd in position 647: invalid continuation byte\"",
    "time": "0.741",
    "file": ""
  },
  {
    "test": "backend.tests.integration.test_planning_system_complete.TestPlanningSystemComplete::test_error_detection_and_auto_replan",
    "outcome": "error",
    "message": "failed on setup with \"UnicodeDecodeError: 'utf-8' codec can't decode byte 0xcd in position 647: invalid continuation byte\"",
    "time": "0.000",
    "file": ""
  },
  {
    "test": "backend.tests.integration.test_planning_system_complete.TestPlanningSystemComplete::test_plan_visualization_with_tree",
    "outcome": "error",
    "message": "failed on setup with \"UnicodeDecodeError: 'utf-8' codec can't decode byte 0xcd in position 647: invalid continuation byte\"",
    "time": "0.015",
    "file": ""
  },
  {
    "test": "backend.tests.integration.test_planning_system_complete.TestPlanningSystemComplete::test_complete_workflow",
    "outcome": "error",
    "message": "failed on setup with \"UnicodeDecodeError: 'utf-8' codec can't decode byte 0xcd in position 647: invalid continuation byte\"",
    "time": "0.001",
    "file": ""
  },
  {
    "test": "backend.tests.integration.test_planning_with_dialogs::test_planning_simple_task_no_dialog",
    "outcome": "error",
    "message": "failed on setup with \"UnicodeDecodeError: 'utf-8' codec can't decode byte 0xcd in position 647: invalid continuation byte\"",
    "time": "0.704",
    "file": ""
  },
  {
    "test": "backend.tests.integration.test_planning_with_dialogs::test_planning_complex_task_with_dialog",
    "outcome": "error",
    "message": "failed on setup with \"UnicodeDecodeError: 'utf-8' codec can't decode byte 0xcd in position 647: invalid continuation byte\"",
    "time": "0.717",
    "file": ""
  },
  {
    "test": "backend.tests.integration.test_planning_with_dialogs::test_planning_with_explicit_dialog_requirement",
    "outcome": "error",
    "message": "failed on setup with \"UnicodeDecodeError: 'utf-8' codec can't decode byte 0xcd in position 647: invalid continuation byte\"",
    "time": "0.631",
    "file": ""
  },
  {
    "test": "backend.tests.integration.test_planning_with_dialogs::test_dialog_context_in_plan",
    "outcome": "error",
    "message": "failed on setup with \"UnicodeDecodeError: 'utf-8' codec can't decode byte 0xcd in position 647: invalid continuation byte\"",
    "time": "0.601",
    "file": ""
  },
  {
    "test": "backend.tests.integration.test_planning_with_dialogs_real_llm::test_planning_complex_task_with_real_dialog_llm",
    "outcome": "error",
    "message": "failed on setup with \"UnicodeDecodeError: 'utf-8' codec can't decode byte 0xcd in position 647: invalid continuation byte\"",
    "time": "0.603",
    "file": ""
  },
  {
    "test": "backend.tests.integration.test_planning_with_prompts.TestPlanningWithPrompts::test_planning_service_uses_prompts_from_db",
    "outcome": "error",
    "message": "failed on setup with \"UnicodeDecodeError: 'utf-8' codec can't decode byte 0xcd in position 647: invalid continuation byte\"",
    "time": "0.175",
    "file": ""
  },
  {
    "test": "backend.tests.integration.test_planning_with_prompts.TestPlanningWithPrompts::test_planning_service_fallback_to_default",
    "outcome": "error",
    "message": "failed on setup with \"UnicodeDecodeError: 'utf-8' codec can't decode byte 0xcd in position 647: invalid continuation byte\"",
    "time": "0.650",
    "file": ""
  },
  {
    "test": "backend.tests.integration.test_planning_with_prompts.TestPlanningWithPrompts::test_prompt_usage_tracking",
    "outcome": "error",
    "message": "failed on setup with \"UnicodeDecodeError: 'utf-8' codec can't decode byte 0xcd in position 647: invalid continuation byte\"",
    "time": "0.571",
    "file": ""
  },
  {
    "test": "backend.tests.integration.test_project_metrics_integration::test_planning_service_collects_metrics",
    "outcome": "error",
    "message": "failed on setup with \"UnicodeDecodeError: 'utf-8' codec can't decode byte 0xcd in position 647: invalid continuation byte\"",
    "time": "0.524",
    "file": ""
  },
  {
    "test": "backend.tests.integration.test_project_metrics_integration::test_execution_service_collects_metrics",
    "outcome": "error",
    "message": "failed on setup with \"UnicodeDecodeError: 'utf-8' codec can't decode byte 0xcd in position 647: invalid continuation byte\"",
    "time": "0.082",
    "file": ""
  },
  {
    "test": "backend.tests.integration.test_project_metrics_integration::test_prompt_service_collects_metrics",
    "outcome": "error",
    "message": "failed on setup with \"UnicodeDecodeError: 'utf-8' codec can't decode byte 0xcd in position 647: invalid continuation byte\"",
    "time": "0.065",
    "file": ""
  },
  {
    "test": "backend.tests.integration.test_project_metrics_integration::test_prompt_service_collects_success_metrics",
    "outcome": "error",
    "message": "failed on setup with \"UnicodeDecodeError: 'utf-8' codec can't decode byte 0xcd in position 647: invalid continuation byte\"",
    "time": "0.067",
    "file": ""
  },
  {
    "test": "backend.tests.integration.test_project_metrics_integration::test_metrics_aggregation_by_period",
    "outcome": "error",
    "message": "failed on setup with \"UnicodeDecodeError: 'utf-8' codec can't decode byte 0xcd in position 647: invalid continuation byte\"",
    "time": "0.190",
    "file": ""
  },
  {
    "test": "backend.tests.integration.test_prompt_ab_testing::test_get_prompt_with_ab_testing_no_testing_version",
    "outcome": "error",
    "message": "failed on setup with \"UnicodeDecodeError: 'utf-8' codec can't decode byte 0xcd in position 647: invalid continuation byte\"",
    "time": "0.597",
    "file": ""
  },
  {
    "test": "backend.tests.integration.test_prompt_ab_testing::test_get_prompt_with_ab_testing_with_testing_version",
    "outcome": "error",
    "message": "failed on setup with \"UnicodeDecodeError: 'utf-8' codec can't decode byte 0xcd in position 647: invalid continuation byte\"",
    "time": "0.638",
    "file": ""
  },
  {
    "test": "backend.tests.integration.test_prompt_auto_improvement::test_analyze_and_improve_prompts_low_success_rate",
    "outcome": "error",
    "message": "failed on setup with \"UnicodeDecodeError: 'utf-8' codec can't decode byte 0xcd in position 647: invalid continuation byte\"",
    "time": "0.665",
    "file": ""
  },
  {
    "test": "backend.tests.integration.test_prompt_create::test",
    "outcome": "error",
    "message": "failed on setup with \"UnicodeDecodeError: 'utf-8' codec can't decode byte 0xcd in position 647: invalid continuation byte\"",
    "time": "0.000",
    "file": ""
  },
  {
    "test": "backend.tests.integration.test_prompt_improvement_cycle.TestPromptImprovementCycle::test_complete_improvement_cycle",
    "outcome": "error",
    "message": "failed on setup with \"UnicodeDecodeError: 'utf-8' codec can't decode byte 0xcd in position 647: invalid continuation byte\"",
    "time": "0.211",
    "file": ""
  },
  {
    "test": "backend.tests.integration.test_prompt_improvement_cycle.TestPromptImprovementCycle::test_auto_improvement_trigger",
    "outcome": "error",
    "message": "failed on setup with \"UnicodeDecodeError: 'utf-8' codec can't decode byte 0xcd in position 647: invalid continuation byte\"",
    "time": "0.654",
    "file": ""
  },
  {
    "test": "backend.tests.integration.test_prompt_manager_integration::test_prompt_manager_with_real_prompt_service",
    "outcome": "error",
    "message": "failed on setup with \"UnicodeDecodeError: 'utf-8' codec can't decode byte 0xcd in position 647: invalid continuation byte\"",
    "time": "0.522",
    "file": ""
  },
  {
    "test": "backend.tests.integration.test_prompt_manager_integration::test_record_prompt_usage_integration",
    "outcome": "error",
    "message": "failed on setup with \"UnicodeDecodeError: 'utf-8' codec can't decode byte 0xcd in position 647: invalid continuation byte\"",
    "time": "0.653",
    "file": ""
  },
  {
    "test": "backend.tests.integration.test_prompt_service_integration.TestPromptServiceIntegration::test_full_lifecycle",
    "outcome": "error",
    "message": "failed on setup with \"UnicodeDecodeError: 'utf-8' codec can't decode byte 0xcd in position 647: invalid continuation byte\"",
    "time": "0.285",
    "file": ""
  },
  {
    "test": "backend.tests.integration.test_prompt_service_integration.TestPromptServiceIntegration::test_version_chain",
    "outcome": "error",
    "message": "failed on setup with \"UnicodeDecodeError: 'utf-8' codec can't decode byte 0xcd in position 647: invalid continuation byte\"",
    "time": "0.605",
    "file": ""
  },
  {
    "test": "backend.tests.integration.test_prompt_service_integration.TestPromptServiceIntegration::test_filtering_and_search",
    "outcome": "error",
    "message": "failed on setup with \"UnicodeDecodeError: 'utf-8' codec can't decode byte 0xcd in position 647: invalid continuation byte\"",
    "time": "0.597",
    "file": ""
  },
  {
    "test": "backend.tests.integration.test_prompt_service_integration.TestPromptServiceIntegration::test_active_prompt_selection",
    "outcome": "error",
    "message": "failed on setup with \"UnicodeDecodeError: 'utf-8' codec can't decode byte 0xcd in position 647: invalid continuation byte\"",
    "time": "0.644",
    "file": ""
  },
  {
    "test": "backend.tests.integration.test_prompt_service_integration.TestPromptServiceIntegration::test_concurrent_versions",
    "outcome": "error",
    "message": "failed on setup with \"UnicodeDecodeError: 'utf-8' codec can't decode byte 0xcd in position 647: invalid continuation byte\"",
    "time": "0.564",
    "file": ""
  },
  {
    "test": "backend.tests.integration.test_real_llm_full_workflow::test_real_llm_full_workflow_with_errors",
    "outcome": "error",
    "message": "failed on setup with \"UnicodeDecodeError: 'utf-8' codec can't decode byte 0xcd in position 647: invalid continuation byte\"",
    "time": "0.564",
    "file": ""
  },
  {
    "test": "backend.tests.integration.test_real_llm_full_workflow::test_real_llm_error_detection",
    "outcome": "error",
    "message": "failed on setup with \"UnicodeDecodeError: 'utf-8' codec can't decode byte 0xcd in position 647: invalid continuation byte\"",
    "time": "0.660",
    "file": ""
  },
  {
    "test": "backend.tests.integration.test_real_modules_interaction::test_real_modules_interaction_full_workflow",
    "outcome": "error",
    "message": "failed on setup with \"UnicodeDecodeError: 'utf-8' codec can't decode byte 0xcd in position 647: invalid continuation byte\"",
    "time": "0.694",
    "file": ""
  },
  {
    "test": "backend.tests.integration.test_task_lifecycle::test_task_status_enum",
    "outcome": "error",
    "message": "failed on setup with \"UnicodeDecodeError: 'utf-8' codec can't decode byte 0xcd in position 647: invalid continuation byte\"",
    "time": "0.000",
    "file": ""
  },
  {
    "test": "backend.tests.integration.test_task_lifecycle::test_task_with_new_fields",
    "outcome": "error",
    "message": "failed on setup with \"UnicodeDecodeError: 'utf-8' codec can't decode byte 0xcd in position 647: invalid continuation byte\"",
    "time": "0.593",
    "file": ""
  },
  {
    "test": "backend.tests.integration.test_task_lifecycle::test_task_approval_workflow",
    "outcome": "error",
    "message": "failed on setup with \"UnicodeDecodeError: 'utf-8' codec can't decode byte 0xcd in position 647: invalid continuation byte\"",
    "time": "0.666",
    "file": ""
  },
  {
    "test": "backend.tests.integration.test_task_lifecycle::test_task_autonomy_levels",
    "outcome": "error",
    "message": "failed on setup with \"UnicodeDecodeError: 'utf-8' codec can't decode byte 0xcd in position 647: invalid continuation byte\"",
    "time": "0.669",
    "file": ""
  },
  {
    "test": "backend.tests.integration.test_task_lifecycle::test_task_on_hold_status",
    "outcome": "error",
    "message": "failed on setup with \"UnicodeDecodeError: 'utf-8' codec can't decode byte 0xcd in position 647: invalid continuation byte\"",
    "time": "0.643",
    "file": ""
  },
  {
    "test": "backend.tests.integration.test_task_lifecycle::test_task_cancelled_status",
    "outcome": "error",
    "message": "failed on setup with \"UnicodeDecodeError: 'utf-8' codec can't decode byte 0xcd in position 647: invalid continuation byte\"",
    "time": "0.747",
    "file": ""
  },
  {
    "test": "backend.tests.integration.test_tracing::test_tracing",
    "outcome": "error",
    "message": "failed on setup with \"UnicodeDecodeError: 'utf-8' codec can't decode byte 0xcd in position 647: invalid continuation byte\"",
    "time": "0.000",
    "file": ""
  },
  {
    "test": "backend.tests.integration.test_vector_search::test_vector_search_integration",
    "outcome": "error",
    "message": "failed on setup with \"UnicodeDecodeError: 'utf-8' codec can't decode byte 0xcd in position 647: invalid continuation byte\"",
    "time": "0.070",
    "file": ""
  },
  {
    "test": "backend.tests.integration.test_vector_search::test_embedding_generation_and_storage",
    "outcome": "error",
    "message": "failed on setup with \"UnicodeDecodeError: 'utf-8' codec can't decode byte 0xcd in position 647: invalid continuation byte\"",
    "time": "0.068",
    "file": ""
  },
  {
    "test": "backend.tests.integration.test_vector_search::test_embedding_service_integration",
    "outcome": "error",
    "message": "failed on setup with \"UnicodeDecodeError: 'utf-8' codec can't decode byte 0xcd in position 647: invalid continuation byte\"",
    "time": "0.052",
    "file": ""
  },
  {
    "test": "backend.tests.integration.test_vector_search_complete::test_complete_vector_search_workflow",
    "outcome": "error",
    "message": "failed on setup with \"UnicodeDecodeError: 'utf-8' codec can't decode byte 0xcd in position 647: invalid continuation byte\"",
    "time": "0.061",
    "file": ""
  },
  {
    "test": "backend.tests.integration.test_vector_search_complete::test_vector_search_similarity_ranking",
    "outcome": "error",
    "message": "failed on setup with \"UnicodeDecodeError: 'utf-8' codec can't decode byte 0xcd in position 647: invalid continuation byte\"",
    "time": "0.068",
    "file": ""
  },
  {
    "test": "backend.tests.integration.test_vector_search_complete::test_combined_text_and_vector_search",
    "outcome": "error",
    "message": "failed on setup with \"UnicodeDecodeError: 'utf-8' codec can't decode byte 0xcd in position 647: invalid continuation byte\"",
    "time": "0.067",
    "file": ""
  },
  {
    "test": "backend.tests.integration.test_vector_search_complete::test_embedding_service_cache",
    "outcome": "error",
    "message": "failed on setup with \"UnicodeDecodeError: 'utf-8' codec can't decode byte 0xcd in position 647: invalid continuation byte\"",
    "time": "0.060",
    "file": ""
  },
  {
    "test": "backend.tests.integration.test_vector_search_complete::test_embedding_generation_error_handling",
    "outcome": "error",
    "message": "failed on setup with \"UnicodeDecodeError: 'utf-8' codec can't decode byte 0xcd in position 647: invalid continuation byte\"",
    "time": "0.081",
    "file": ""
  },
  {
    "test": "backend.tests.integration.test_workflow_engine.TestWorkflowEngineBasic::test_initialization",
    "outcome": "error",
    "message": "failed on setup with \"UnicodeDecodeError: 'utf-8' codec can't decode byte 0xcd in position 647: invalid continuation byte\"",
    "time": "0.001",
    "file": ""
  },
  {
    "test": "backend.tests.integration.test_workflow_engine.TestWorkflowEngineBasic::test_transition_to_parsing",
    "outcome": "error",
    "message": "failed on setup with \"UnicodeDecodeError: 'utf-8' codec can't decode byte 0xcd in position 647: invalid continuation byte\"",
    "time": "0.001",
    "file": ""
  },
  {
    "test": "backend.tests.integration.test_workflow_engine.TestWorkflowEngineBasic::test_transition_to_planning",
    "outcome": "error",
    "message": "failed on setup with \"UnicodeDecodeError: 'utf-8' codec can't decode byte 0xcd in position 647: invalid continuation byte\"",
    "time": "0.001",
    "file": ""
  },
  {
    "test": "backend.tests.integration.test_workflow_engine.TestWorkflowEngineBasic::test_invalid_transition",
    "outcome": "error",
    "message": "failed on setup with \"UnicodeDecodeError: 'utf-8' codec can't decode byte 0xcd in position 647: invalid continuation byte\"",
    "time": "0.001",
    "file": ""
  },
  {
    "test": "backend.tests.integration.test_workflow_engine.TestWorkflowEngineBasic::test_forced_transition",
    "outcome": "error",
    "message": "failed on setup with \"UnicodeDecodeError: 'utf-8' codec can't decode byte 0xcd in position 647: invalid continuation byte\"",
    "time": "0.001",
    "file": ""
  },
  {
    "test": "backend.tests.integration.test_workflow_engine.TestWorkflowEngineBasic::test_transition_history",
    "outcome": "error",
    "message": "failed on setup with \"UnicodeDecodeError: 'utf-8' codec can't decode byte 0xcd in position 647: invalid continuation byte\"",
    "time": "0.001",
    "file": ""
  },
  {
    "test": "backend.tests.integration.test_workflow_engine.TestWorkflowEngineStateManagement::test_pause_and_resume",
    "outcome": "error",
    "message": "failed on setup with \"UnicodeDecodeError: 'utf-8' codec can't decode byte 0xcd in position 647: invalid continuation byte\"",
    "time": "0.001",
    "file": ""
  },
  {
    "test": "backend.tests.integration.test_workflow_engine.TestWorkflowEngineStateManagement::test_pause_from_wrong_state",
    "outcome": "error",
    "message": "failed on setup with \"UnicodeDecodeError: 'utf-8' codec can't decode byte 0xcd in position 647: invalid continuation byte\"",
    "time": "0.001",
    "file": ""
  },
  {
    "test": "backend.tests.integration.test_workflow_engine.TestWorkflowEngineStateManagement::test_cancel",
    "outcome": "error",
    "message": "failed on setup with \"UnicodeDecodeError: 'utf-8' codec can't decode byte 0xcd in position 647: invalid continuation byte\"",
    "time": "0.001",
    "file": ""
  },
  {
    "test": "backend.tests.integration.test_workflow_engine.TestWorkflowEngineStateManagement::test_cancel_from_completed",
    "outcome": "error",
    "message": "failed on setup with \"UnicodeDecodeError: 'utf-8' codec can't decode byte 0xcd in position 647: invalid continuation byte\"",
    "time": "0.001",
    "file": ""
  },
  {
    "test": "backend.tests.integration.test_workflow_engine.TestWorkflowEngineStateManagement::test_mark_completed",
    "outcome": "error",
    "message": "failed on setup with \"UnicodeDecodeError: 'utf-8' codec can't decode byte 0xcd in position 647: invalid continuation byte\"",
    "time": "0.001",
    "file": ""
  },
  {
    "test": "backend.tests.integration.test_workflow_engine.TestWorkflowEngineStateManagement::test_mark_failed",
    "outcome": "error",
    "message": "failed on setup with \"UnicodeDecodeError: 'utf-8' codec can't decode byte 0xcd in position 647: invalid continuation byte\"",
    "time": "0.001",
    "file": ""
  },
  {
    "test": "backend.tests.integration.test_workflow_engine.TestWorkflowEngineStateManagement::test_retry_after_failure",
    "outcome": "error",
    "message": "failed on setup with \"UnicodeDecodeError: 'utf-8' codec can't decode byte 0xcd in position 647: invalid continuation byte\"",
    "time": "0.001",
    "file": ""
  },
  {
    "test": "backend.tests.integration.test_workflow_engine.TestWorkflowEngineStateManagement::test_retry_from_wrong_state",
    "outcome": "error",
    "message": "failed on setup with \"UnicodeDecodeError: 'utf-8' codec can't decode byte 0xcd in position 647: invalid continuation byte\"",
    "time": "0.001",
    "file": ""
  },
  {
    "test": "backend.tests.integration.test_workflow_engine.TestWorkflowEngineApprovalFlow::test_approval_pending_flow",
    "outcome": "error",
    "message": "failed on setup with \"UnicodeDecodeError: 'utf-8' codec can't decode byte 0xcd in position 647: invalid continuation byte\"",
    "time": "0.001",
    "file": ""
  },
  {
    "test": "backend.tests.integration.test_workflow_engine.TestWorkflowEngineApprovalFlow::test_approval_to_execution",
    "outcome": "error",
    "message": "failed on setup with \"UnicodeDecodeError: 'utf-8' codec can't decode byte 0xcd in position 647: invalid continuation byte\"",
    "time": "0.001",
    "file": ""
  },
  {
    "test": "backend.tests.integration.test_workflow_engine.TestWorkflowEngineStateInfo::test_get_state_info",
    "outcome": "error",
    "message": "failed on setup with \"UnicodeDecodeError: 'utf-8' codec can't decode byte 0xcd in position 647: invalid continuation byte\"",
    "time": "0.001",
    "file": ""
  },
  {
    "test": "backend.tests.integration.test_workflow_engine.TestWorkflowEngineStateInfo::test_can_transition_to",
    "outcome": "error",
    "message": "failed on setup with \"UnicodeDecodeError: 'utf-8' codec can't decode byte 0xcd in position 647: invalid continuation byte\"",
    "time": "0.001",
    "file": ""
  },
  {
    "test": "backend.tests.integration.test_workflow_engine.TestWorkflowEngineFullFlow::test_complete_workflow_success",
    "outcome": "error",
    "message": "failed on setup with \"UnicodeDecodeError: 'utf-8' codec can't decode byte 0xcd in position 647: invalid continuation byte\"",
    "time": "0.001",
    "file": ""
  },
  {
    "test": "backend.tests.integration.test_workflow_engine.TestWorkflowEngineFullFlow::test_workflow_with_approval",
    "outcome": "error",
    "message": "failed on setup with \"UnicodeDecodeError: 'utf-8' codec can't decode byte 0xcd in position 647: invalid continuation byte\"",
    "time": "0.001",
    "file": ""
  },
  {
    "test": "backend.tests.integration.test_workflow_engine.TestWorkflowEngineFullFlow::test_workflow_with_failure_and_retry",
    "outcome": "error",
    "message": "failed on setup with \"UnicodeDecodeError: 'utf-8' codec can't decode byte 0xcd in position 647: invalid continuation byte\"",
    "time": "0.001",
    "file": ""
  },
  {
    "test": "backend.tests.planning.test_plan_lifecycle::test_plan_lifecycle_validate_transition",
    "outcome": "error",
    "message": "failed on setup with \"UnicodeDecodeError: 'utf-8' codec can't decode byte 0xcd in position 647: invalid continuation byte\"",
    "time": "0.000",
    "file": ""
  },
  {
    "test": "backend.tests.planning.test_plan_lifecycle::test_execute_requires_approved",
    "outcome": "error",
    "message": "failed on setup with \"UnicodeDecodeError: 'utf-8' codec can't decode byte 0xcd in position 647: invalid continuation byte\"",
    "time": "0.808",
    "file": ""
  },
  {
    "test": "backend.tests.scripts.test_branching::test_branching_visualization",
    "outcome": "error",
    "message": "failed on setup with \"UnicodeDecodeError: 'utf-8' codec can't decode byte 0xcd in position 647: invalid continuation byte\"",
    "time": "0.000",
    "file": ""
  },
  {
    "test": "backend.tests.scripts.test_branching_endpoints::test_endpoints",
    "outcome": "error",
    "message": "failed on setup with \"UnicodeDecodeError: 'utf-8' codec can't decode byte 0xcd in position 647: invalid continuation byte\"",
    "time": "0.000",
    "file": ""
  },
  {
    "test": "backend.tests.scripts.test_planning_step_by_step::test_1_simple_task",
    "outcome": "error",
    "message": "failed on setup with \"UnicodeDecodeError: 'utf-8' codec can't decode byte 0xcd in position 647: invalid continuation byte\"",
    "time": "0.000",
    "file": ""
  },
  {
    "test": "backend.tests.scripts.test_planning_step_by_step::test_2_check_digital_twin",
    "outcome": "error",
    "message": "failed on setup with \"UnicodeDecodeError: 'utf-8' codec can't decode byte 0xcd in position 647: invalid continuation byte\"",
    "time": "0.000",
    "file": ""
  },
  {
    "test": "backend.tests.scripts.test_planning_step_by_step::test_3_with_artifacts",
    "outcome": "error",
    "message": "failed on setup with \"UnicodeDecodeError: 'utf-8' codec can't decode byte 0xcd in position 647: invalid continuation byte\"",
    "time": "0.000",
    "file": ""
  },
  {
    "test": "backend.tests.scripts.test_planning_step_by_step::test_4_complex_task",
    "outcome": "error",
    "message": "failed on setup with \"UnicodeDecodeError: 'utf-8' codec can't decode byte 0xcd in position 647: invalid continuation byte\"",
    "time": "0.000",
    "file": ""
  },
  {
    "test": "backend.tests.scripts.test_planning_step_by_step::test_5_error_recovery",
    "outcome": "error",
    "message": "failed on setup with \"UnicodeDecodeError: 'utf-8' codec can't decode byte 0xcd in position 647: invalid continuation byte\"",
    "time": "0.001",
    "file": ""
  },
  {
    "test": "backend.tests.scripts.test_real_integration_chat::test_real_chat_integration",
    "outcome": "error",
    "message": "failed on setup with \"UnicodeDecodeError: 'utf-8' codec can't decode byte 0xcd in position 647: invalid continuation byte\"",
    "time": "0.001",
    "file": ""
  },
  {
    "test": "backend.tests.scripts.test_real_integration_planning::test_real_planning_integration",
    "outcome": "error",
    "message": "failed on setup with \"UnicodeDecodeError: 'utf-8' codec can't decode byte 0xcd in position 647: invalid continuation byte\"",
    "time": "0.000",
    "file": ""
  },
  {
    "test": "backend.tests.scripts.test_websocket_integration::test_websocket_events",
    "outcome": "error",
    "message": "failed on setup with \"UnicodeDecodeError: 'utf-8' codec can't decode byte 0xcd in position 647: invalid continuation byte\"",
    "time": "0.000",
    "file": ""
  },
  {
    "test": "backend.tests.scripts.test_websocket_simple::test_websocket_endpoints_exist",
    "outcome": "error",
    "message": "failed on setup with \"UnicodeDecodeError: 'utf-8' codec can't decode byte 0xcd in position 647: invalid continuation byte\"",
    "time": "0.000",
    "file": ""
  },
  {
    "test": "backend.tests.scripts.test_workflow_events::test_workflow_events",
    "outcome": "error",
    "message": "failed on setup with \"UnicodeDecodeError: 'utf-8' codec can't decode byte 0xcd in position 647: invalid continuation byte\"",
    "time": "0.000",
    "file": ""
  },
  {
    "test": "backend.tests.scripts.test_workflow_events_detailed::test_detailed_workflow_events",
    "outcome": "error",
    "message": "failed on setup with \"UnicodeDecodeError: 'utf-8' codec can't decode byte 0xcd in position 647: invalid continuation byte\"",
    "time": "0.006",
    "file": ""
  }
]