test,outcome,message,time,file
backend.tests.integration.test_planning_api,skipped,collection skipped,0.000,
backend.test_artifacts::test_artifact_generation,passed,,0.001,
backend.test_session_changes::test_imports,passed,,0.001,
backend.test_session_changes::test_services_initialization,passed,,0.001,
backend.test_session_changes::test_parameter_manager,passed,,0.100,
backend.test_session_changes::test_uncertainty_service,passed,,0.029,
backend.test_session_changes::test_documentation_structure,passed,,0.001,
backend.scripts.test_system_settings::test_feature_flags,passed,,0.051,
backend.scripts.test_system_settings::test_log_levels,passed,,0.016,
backend.scripts.test_system_settings::test_custom_settings,passed,,0.018,
backend.scripts.test_system_settings::test_all_settings,passed,,0.008,
backend.tests.quick_test.TestWorkflowEngineBasic::test_initialization,error,"failed on setup with ""file C:\work\AARD\backend\tests\integration\test_workflow_engine.py, line 48       def test_initialization(self, workflow_engine, execution_context): E       fixture 'workflow_engine' not found >       available fixtures: anyio_backend, anyio_backend_name, anyio_backend_options, cache, capfd, capfdbinary, caplog, capsys, capsysbinary, client, db, doctest_namespace, ensure_service_registry_initialized, event_loop, monkeypatch, pytestconfig, record_property, record_testsuite_property, record_xml_attribute, recwarn, tmp_path, tmp_path_factory, tmpdir, tmpdir_factory, unused_tcp_port, unused_tcp_port_factory, unused_udp_port, unused_udp_port_factory >       use 'pytest --fixtures [testpath]' for help on them.  C:\work\AARD\backend\tests\integration\test_workflow_engine.py:48""",0.001,
backend.tests.quick_test.TestWorkflowEngineBasic::test_transition_to_parsing,error,"failed on setup with ""file C:\work\AARD\backend\tests\integration\test_workflow_engine.py, line 59       def test_transition_to_parsing(self, workflow_engine): E       fixture 'workflow_engine' not found >       available fixtures: anyio_backend, anyio_backend_name, anyio_backend_options, cache, capfd, capfdbinary, caplog, capsys, capsysbinary, client, db, doctest_namespace, ensure_service_registry_initialized, event_loop, monkeypatch, pytestconfig, record_property, record_testsuite_property, record_xml_attribute, recwarn, tmp_path, tmp_path_factory, tmpdir, tmpdir_factory, unused_tcp_port, unused_tcp_port_factory, unused_udp_port, unused_udp_port_factory >       use 'pytest --fixtures [testpath]' for help on them.  C:\work\AARD\backend\tests\integration\test_workflow_engine.py:59""",0.000,
backend.tests.quick_test.TestWorkflowEngineBasic::test_transition_to_planning,error,"failed on setup with ""file C:\work\AARD\backend\tests\integration\test_workflow_engine.py, line 71       def test_transition_to_planning(self, workflow_engine): E       fixture 'workflow_engine' not found >       available fixtures: anyio_backend, anyio_backend_name, anyio_backend_options, cache, capfd, capfdbinary, caplog, capsys, capsysbinary, client, db, doctest_namespace, ensure_service_registry_initialized, event_loop, monkeypatch, pytestconfig, record_property, record_testsuite_property, record_xml_attribute, recwarn, tmp_path, tmp_path_factory, tmpdir, tmpdir_factory, unused_tcp_port, unused_tcp_port_factory, unused_udp_port, unused_udp_port_factory >       use 'pytest --fixtures [testpath]' for help on them.  C:\work\AARD\backend\tests\integration\test_workflow_engine.py:71""",0.000,
backend.tests.quick_test.TestWorkflowEngineBasic::test_invalid_transition,error,"failed on setup with ""file C:\work\AARD\backend\tests\integration\test_workflow_engine.py, line 84       def test_invalid_transition(self, workflow_engine): E       fixture 'workflow_engine' not found >       available fixtures: anyio_backend, anyio_backend_name, anyio_backend_options, cache, capfd, capfdbinary, caplog, capsys, capsysbinary, client, db, doctest_namespace, ensure_service_registry_initialized, event_loop, monkeypatch, pytestconfig, record_property, record_testsuite_property, record_xml_attribute, recwarn, tmp_path, tmp_path_factory, tmpdir, tmpdir_factory, unused_tcp_port, unused_tcp_port_factory, unused_udp_port, unused_udp_port_factory >       use 'pytest --fixtures [testpath]' for help on them.  C:\work\AARD\backend\tests\integration\test_workflow_engine.py:84""",0.000,
backend.tests.quick_test.TestWorkflowEngineBasic::test_forced_transition,error,"failed on setup with ""file C:\work\AARD\backend\tests\integration\test_workflow_engine.py, line 97       def test_forced_transition(self, workflow_engine): E       fixture 'workflow_engine' not found >       available fixtures: anyio_backend, anyio_backend_name, anyio_backend_options, cache, capfd, capfdbinary, caplog, capsys, capsysbinary, client, db, doctest_namespace, ensure_service_registry_initialized, event_loop, monkeypatch, pytestconfig, record_property, record_testsuite_property, record_xml_attribute, recwarn, tmp_path, tmp_path_factory, tmpdir, tmpdir_factory, unused_tcp_port, unused_tcp_port_factory, unused_udp_port, unused_udp_port_factory >       use 'pytest --fixtures [testpath]' for help on them.  C:\work\AARD\backend\tests\integration\test_workflow_engine.py:97""",0.000,
backend.tests.quick_test.TestWorkflowEngineBasic::test_transition_history,error,"failed on setup with ""file C:\work\AARD\backend\tests\integration\test_workflow_engine.py, line 111       def test_transition_history(self, workflow_engine): E       fixture 'workflow_engine' not found >       available fixtures: anyio_backend, anyio_backend_name, anyio_backend_options, cache, capfd, capfdbinary, caplog, capsys, capsysbinary, client, db, doctest_namespace, ensure_service_registry_initialized, event_loop, monkeypatch, pytestconfig, record_property, record_testsuite_property, record_xml_attribute, recwarn, tmp_path, tmp_path_factory, tmpdir, tmpdir_factory, unused_tcp_port, unused_tcp_port_factory, unused_udp_port, unused_udp_port_factory >       use 'pytest --fixtures [testpath]' for help on them.  C:\work\AARD\backend\tests\integration\test_workflow_engine.py:111""",0.000,
backend.tests.quick_test::test_level1_basic_context_creation,error,"failed on setup with ""file C:\work\AARD\backend\tests\integration\test_phase3_full_integration.py, line 103   @pytest.mark.asyncio   async def test_level1_basic_context_creation(db_session):       """"""Уровень 1: Базовое создание ExecutionContext""""""       print(""\n=== УРОВЕНЬ 1: Базовое создание ExecutionContext ==="")        # Создание контекста из сессии       context = ExecutionContext.from_db_session(db_session)        assert context is not None       assert context.db == db_session       assert context.workflow_id is not None       assert len(context.workflow_id) > 0       # trace_id может быть None, если нет активного OpenTelemetry span (нормально для тестов)       # assert context.trace_id is not None        print(f""✅ ExecutionContext создан: workflow_id={context.workflow_id[:8]}..."") E       fixture 'db_session' not found >       available fixtures: anyio_backend, anyio_backend_name, anyio_backend_options, cache, capfd, capfdbinary, caplog, capsys, capsysbinary, client, db, doctest_namespace, ensure_service_registry_initialized, event_loop, monkeypatch, pytestconfig, record_property, record_testsuite_property, record_xml_attribute, recwarn, tmp_path, tmp_path_factory, tmpdir, tmpdir_factory, unused_tcp_port, unused_tcp_port_factory, unused_udp_port, unused_udp_port_factory >       use 'pytest --fixtures [testpath]' for help on them.  C:\work\AARD\backend\tests\integration\test_phase3_full_integration.py:103""",0.002,
backend.tests.quick_test.TestWorkflowEngineIntegration::test_workflow_engine_initialization_in_orchestrator,error,"failed on setup with ""file C:\work\AARD\backend\tests\integration\test_phase4_integration.py, line 107       @pytest.mark.asyncio       async def test_workflow_engine_initialization_in_orchestrator(self, execution_context):           """"""Тест инициализации WorkflowEngine в RequestOrchestrator""""""           orchestrator = RequestOrchestrator()            # Создаем минимальный запрос для инициализации workflow           message = ""Test message""            # Мокаем LLM вызовы чтобы не делать реальные запросы           with patch('app.core.request_orchestrator.OllamaClient') as mock_ollama:               mock_client = Mock()               mock_client.generate = AsyncMock(return_value=Mock(                   response=""Test response"",                   model=""test-model"",                   tokens_used=100               ))               mock_ollama.return_value = mock_client                result = await orchestrator.process_request(                   message=message,                   context=execution_context,                   task_type=""general_chat""               )            # Проверяем, что workflow был инициализирован           workflow_engine = WorkflowEngine.from_context(execution_context)           # WorkflowEngine создается внутри process_request, но мы можем проверить через состояние           # В реальном сценарии workflow должен быть в состоянии COMPLETED или другом финальном            assert result is not None           assert result.response is not None E       fixture 'execution_context' not found >       available fixtures: anyio_backend, anyio_backend_name, anyio_backend_options, cache, capfd, capfdbinary, caplog, capsys, capsysbinary, client, db, doctest_namespace, ensure_service_registry_initialized, event_loop, monkeypatch, pytestconfig, record_property, record_testsuite_property, record_xml_attribute, recwarn, tmp_path, tmp_path_factory, tmpdir, tmpdir_factory, unused_tcp_port, unused_tcp_port_factory, unused_udp_port, unused_udp_port_factory >       use 'pytest --fixtures [testpath]' for help on them.  C:\work\AARD\backend\tests\integration\test_phase4_integration.py:107""",0.002,
backend.tests.quick_test.TestWorkflowEngineIntegration::test_workflow_state_transitions_in_code_generation,error,"failed on setup with ""file C:\work\AARD\backend\tests\integration\test_phase4_integration.py, line 139       @pytest.mark.asyncio       async def test_workflow_state_transitions_in_code_generation(           self, execution_context, real_model_and_server, test_agent       ):           """"""Тест переходов состояний workflow при генерации кода""""""           model, server = real_model_and_server            # Сохраняем модель и server в контекст           execution_context.metadata = {               ""model"": model.model_name,               ""server_id"": str(server.id),               ""server_url"": server.get_api_url()           }            orchestrator = RequestOrchestrator()            # Простой запрос на генерацию кода           message = ""Create a function that adds two numbers""            try:               result = await orchestrator.process_request(                   message=message,                   context=execution_context,                   task_type=""code_generation"",                   model=model.model_name,                   server_id=str(server.id)               )                # Проверяем, что workflow прошел через нужные состояния               workflow_engine = WorkflowEngine.from_context(execution_context)               current_state = workflow_engine.get_current_state()                # Workflow должен быть в финальном состоянии (COMPLETED или FAILED)               assert current_state in [                   WorkflowState.COMPLETED,                   WorkflowState.FAILED,                   WorkflowState.CANCELLED               ], f""Unexpected workflow state: {current_state}""                # Проверяем историю переходов               history = workflow_engine.get_transition_history()               assert len(history) > 0, ""Workflow should have transition history""                # Первое состояние должно быть INITIALIZED               assert history[0].from_state is None or history[0].from_state == WorkflowState.INITIALIZED            except Exception as e:               pytest.skip(f""Test requires working LLM: {e}"") E       fixture 'execution_context' not found >       available fixtures: anyio_backend, anyio_backend_name, anyio_backend_options, cache, capfd, capfdbinary, caplog, capsys, capsysbinary, client, db, doctest_namespace, ensure_service_registry_initialized, event_loop, monkeypatch, pytestconfig, record_property, record_testsuite_property, record_xml_attribute, recwarn, tmp_path, tmp_path_factory, tmpdir, tmpdir_factory, unused_tcp_port, unused_tcp_port_factory, unused_udp_port, unused_udp_port_factory >       use 'pytest --fixtures [testpath]' for help on them.  C:\work\AARD\backend\tests\integration\test_phase4_integration.py:139""",0.001,
backend.tests.test_agent_conversation_model::test_agent_conversation_creation,passed,,5.195,
backend.tests.test_agent_conversation_model::test_agent_conversation_add_message,passed,,5.175,
backend.tests.test_agent_conversation_model::test_agent_conversation_multiple_messages,passed,,5.203,
backend.tests.test_agent_conversation_model::test_agent_conversation_participants,passed,,5.189,
backend.tests.test_agent_conversation_model::test_agent_conversation_context,passed,,5.176,
backend.tests.test_agent_conversation_model::test_agent_conversation_complete,passed,,5.163,
backend.tests.test_agent_conversation_model::test_agent_conversation_task_relationship,passed,,5.182,
backend.tests.test_agent_conversation_model::test_agent_conversation_to_dict,passed,,5.191,
backend.tests.test_agent_conversation_model::test_agent_conversation_default_values,passed,,5.203,
backend.tests.test_agent_dialog_api::test_create_conversation,passed,,5.468,
backend.tests.test_agent_dialog_api::test_create_conversation_insufficient_participants,passed,,0.612,
backend.tests.test_agent_dialog_api::test_get_conversation,passed,,0.663,
backend.tests.test_agent_dialog_api::test_get_conversation_not_found,passed,,0.748,
backend.tests.test_agent_dialog_api::test_list_conversations,passed,,0.631,
backend.tests.test_agent_dialog_api::test_list_conversations_by_task,passed,,0.714,
backend.tests.test_agent_dialog_api::test_add_message,passed,,0.627,
backend.tests.test_agent_dialog_api::test_add_message_non_participant,passed,,0.703,
backend.tests.test_agent_dialog_api::test_send_message_to_participants,passed,,0.784,
backend.tests.test_agent_dialog_api::test_update_context,passed,,0.800,
backend.tests.test_agent_dialog_api::test_complete_conversation,passed,,0.702,
backend.tests.test_agent_dialog_api::test_pause_resume_conversation,passed,,0.688,
backend.tests.test_agent_dialog_api::test_get_messages,passed,,0.812,
backend.tests.test_agent_dialog_service::test_create_conversation,passed,,0.681,
backend.tests.test_agent_dialog_service::test_create_conversation_insufficient_participants,passed,,0.638,
backend.tests.test_agent_dialog_service::test_create_conversation_invalid_agent,passed,,0.630,
backend.tests.test_agent_dialog_service::test_get_conversation,passed,,0.608,
backend.tests.test_agent_dialog_service::test_add_message,passed,,0.560,
backend.tests.test_agent_dialog_service::test_add_message_non_participant,passed,,0.644,
backend.tests.test_agent_dialog_service::test_update_context,passed,,0.633,
backend.tests.test_agent_dialog_service::test_is_conversation_complete,passed,,0.677,
backend.tests.test_agent_dialog_service::test_complete_conversation,passed,,0.667,
backend.tests.test_agent_dialog_service::test_pause_and_resume_conversation,passed,,0.681,
backend.tests.test_agent_dialog_service::test_get_conversations_by_task,passed,,0.746,
backend.tests.test_agent_dialog_service::test_get_conversations_by_agent,passed,,0.696,
backend.tests.test_agent_selection.TestAgentSelection::test_select_agent_for_task_no_capabilities,passed,,0.003,
backend.tests.test_agent_selection.TestAgentSelection::test_select_agent_for_task_with_capabilities,passed,,0.002,
backend.tests.test_agent_selection.TestAgentSelection::test_select_agent_preferred_agent,passed,,0.002,
backend.tests.test_agent_selection.TestAgentSelection::test_select_agent_no_matching_agents,passed,,0.001,
backend.tests.test_agent_team_coordination::test_distribute_task_sequential,passed,,0.671,
backend.tests.test_agent_team_coordination::test_distribute_task_parallel,passed,,0.616,
backend.tests.test_agent_team_coordination::test_distribute_task_hierarchical,passed,,0.656,
backend.tests.test_agent_team_coordination::test_distribute_task_to_role,passed,,0.682,
backend.tests.test_agent_team_coordination::test_distribute_task_inactive_team,passed,,0.656,
backend.tests.test_agent_team_coordination::test_distribute_task_no_agents,passed,,0.616,
backend.tests.test_agent_team_model::test_agent_team_creation,passed,,0.635,
backend.tests.test_agent_team_model::test_agent_team_unique_name,passed,,0.608,
backend.tests.test_agent_team_model::test_agent_team_defaults,passed,,0.593,
backend.tests.test_agent_team_model::test_agent_team_to_dict,passed,,0.606,
backend.tests.test_agent_team_model::test_agent_team_coordination_strategies,passed,,0.701,
backend.tests.test_agent_team_model::test_agent_team_status_enum,passed,,0.590,
backend.tests.test_agent_team_service::test_create_team,passed,,0.665,
backend.tests.test_agent_team_service::test_create_team_duplicate_name,passed,,0.866,
backend.tests.test_agent_team_service::test_get_team,passed,,0.659,
backend.tests.test_agent_team_service::test_get_team_not_found,passed,,0.634,
backend.tests.test_agent_team_service::test_list_teams,passed,,0.674,
backend.tests.test_agent_team_service::test_list_teams_by_status,passed,,0.620,
backend.tests.test_agent_team_service::test_update_team,passed,,0.589,
backend.tests.test_agent_team_service::test_add_agent_to_team,passed,,0.587,
backend.tests.test_agent_team_service::test_add_agent_to_team_duplicate,passed,,0.634,
backend.tests.test_agent_team_service::test_remove_agent_from_team,passed,,0.664,
backend.tests.test_agent_team_service::test_set_team_lead,passed,,0.673,
backend.tests.test_agent_team_service::test_get_agents_by_role,passed,,0.674,
backend.tests.test_agent_team_service::test_activate_team,passed,,0.610,
backend.tests.test_agent_team_service::test_pause_team,passed,,0.650,
backend.tests.test_agent_team_service::test_delete_team,passed,,0.611,
backend.tests.test_alternative_plan_generation::test_generate_alternative_plans_basic,passed,,0.541,
backend.tests.test_alternative_plan_generation::test_generate_alternative_plans_three_variants,passed,,0.435,
backend.tests.test_alternative_plan_generation::test_generate_alternative_plans_parallel_execution,passed,,0.940,
backend.tests.test_alternative_plan_generation::test_generate_alternative_plans_different_strategies,passed,,0.451,
backend.tests.test_alternative_plan_generation::test_generate_alternative_plans_with_context,passed,,0.309,
backend.tests.test_alternative_plan_generation::test_generate_alternative_plans_limit_enforcement,passed,,0.705,
backend.tests.test_audit_scheduler::test_scheduler_initialization,passed,,0.000,
backend.tests.test_audit_scheduler::test_get_schedule,passed,,0.000,
backend.tests.test_audit_scheduler::test_update_schedule,passed,,0.000,
backend.tests.test_audit_scheduler::test_update_schedule_invalid_type,passed,,0.000,
backend.tests.test_audit_scheduler::test_start_stop,passed,,0.002,
backend.tests.test_audit_scheduler::test_audit_already_exists,passed,,0.005,
backend.tests.test_audit_scheduler::test_run_audit_now,passed,,0.014,
backend.tests.test_audit_scheduler::test_check_daily_audit_time,passed,,0.000,
backend.tests.test_audit_scheduler::test_check_weekly_audit_time,passed,,0.000,
backend.tests.test_audit_scheduler::test_check_monthly_audit_time,passed,,0.000,
backend.tests.test_audit_trends_analysis::test_analyze_trends_improving,passed,,0.134,
backend.tests.test_audit_trends_analysis::test_analyze_trends_insufficient_data,passed,,0.075,
backend.tests.test_audit_trends_analysis::test_detect_improvements_degradations,passed,,0.082,
backend.tests.test_audit_trends_analysis::test_generate_smart_recommendations,passed,,0.063,
backend.tests.test_audit_trends_analysis::test_generate_smart_recommendations_no_issues,passed,,0.068,
backend.tests.test_audit_trends_analysis::test_analyze_trends_with_llm_stub,passed,,20.659,
backend.tests.test_audit_trends_analysis::test_generate_enhanced_report,passed,,0.147,
backend.tests.test_audit_trends_analysis::test_generate_fallback_insights,passed,,0.058,
backend.tests.test_audit_trends_analysis::test_format_trends_for_llm,passed,,0.179,
backend.tests.test_auto_replan_service::test_auto_replan_on_error_creates_new_plan,passed,,0.535,
backend.tests.test_auto_replan_service::test_auto_replan_on_error_with_classification,passed,,0.623,
backend.tests.test_auto_replan_service::test_auto_replan_on_error_includes_error_context,passed,,0.624,
backend.tests.test_auto_replan_service::test_auto_replan_on_error_handles_failure,passed,,0.623,
backend.tests.test_auto_replan_service::test_auto_replan_on_error_reason_formatting,passed,,0.684,
backend.tests.test_benchmark_api::test_benchmark_router_exists,passed,,0.000,
backend.tests.test_benchmark_api::test_benchmark_router_routes,passed,,0.000,
backend.tests.test_benchmark_api::test_benchmark_service_integration,passed,,0.013,
backend.tests.test_benchmark_evaluation::test_simple_evaluate_exact_match,passed,,0.024,
backend.tests.test_benchmark_evaluation::test_simple_evaluate_contains_expected,passed,,0.038,
backend.tests.test_benchmark_evaluation::test_simple_evaluate_no_match,passed,,0.031,
backend.tests.test_benchmark_evaluation::test_simple_evaluate_no_expected_output,passed,,0.029,
backend.tests.test_benchmark_evaluation::test_calculate_score_from_metrics,passed,,0.001,
backend.tests.test_benchmark_evaluation::test_calculate_score_with_weights,passed,,0.001,
backend.tests.test_benchmark_evaluation::test_evaluate_result_no_output,passed,,0.037,
backend.tests.test_benchmark_evaluation::test_evaluate_result_with_output,passed,,0.043,
backend.tests.test_benchmark_execution::test_run_benchmark_basic,passed,,3.021,
backend.tests.test_benchmark_execution::test_compare_models_structure,passed,,0.020,
backend.tests.test_benchmark_execution::test_run_suite_structure,passed,,0.011,
backend.tests.test_benchmark_execution::test_task_type_mapping,passed,,0.000,
backend.tests.test_benchmark_result_model::test_create_benchmark_result,passed,,0.022,
backend.tests.test_benchmark_result_model::test_benchmark_result_failed,passed,,0.020,
backend.tests.test_benchmark_result_model::test_benchmark_result_to_dict,passed,,0.023,
backend.tests.test_benchmark_result_model::test_benchmark_result_relationship,passed,,0.036,
backend.tests.test_benchmark_service::test_import_task,passed,,0.014,
backend.tests.test_benchmark_service::test_import_task_duplicate,passed,,0.017,
backend.tests.test_benchmark_service::test_load_tasks_from_file,passed,,0.003,
backend.tests.test_benchmark_service::test_list_tasks,passed,,0.018,
backend.tests.test_benchmark_service::test_get_task_count_by_type,passed,,0.009,
backend.tests.test_benchmark_service::test_import_tasks_from_directory,passed,,0.237,
backend.tests.test_benchmark_task_model::test_create_benchmark_task,passed,,0.007,
backend.tests.test_benchmark_task_model::test_benchmark_task_unique_name,passed,,0.009,
backend.tests.test_benchmark_task_model::test_benchmark_task_to_dict,passed,,0.008,
backend.tests.test_benchmark_task_model::test_benchmark_task_types,passed,,0.018,
backend.tests.test_contracts_api::test_execution_event_contract,passed,,0.932,
backend.tests.test_contracts_api::test_prompt_assignment_contract_api,passed,,0.885,
backend.tests.test_contracts_negative::test_create_prompt_invalid_type,passed,,0.868,
backend.tests.test_contracts_negative::test_assign_requires_auth,passed,,0.850,
backend.tests.test_contracts_negative::test_assign_invalid_uuid_fields_return_422,passed,,0.922,
backend.tests.test_contracts_negative::test_events_recent_invalid_limit_returns_422,passed,,1.333,
backend.tests.test_contracts_negative::test_delete_assignment_requires_auth,passed,,0.919,
backend.tests.test_embedding_service::test_embedding_service_initialization,passed,,0.000,
backend.tests.test_embedding_service::test_normalize_vector,passed,,0.000,
backend.tests.test_embedding_service::test_cosine_similarity,passed,,0.000,
backend.tests.test_embedding_service::test_cache_embedding,passed,,0.000,
backend.tests.test_embedding_service::test_clear_cache,passed,,0.000,
backend.tests.test_embedding_service::test_get_cache_stats,passed,,0.000,
backend.tests.test_embedding_service::test_generate_embedding_empty_text,passed,,0.002,
backend.tests.test_embedding_service::test_generate_embedding_with_cache,passed,,0.003,
backend.tests.test_embedding_service::test_generate_embeddings_batch,passed,,0.002,
backend.tests.test_embedding_service::test_generate_embedding_error_handling,passed,,0.004,
backend.tests.test_execution_context::test_execution_context_creation,passed,,0.623,
backend.tests.test_execution_context::test_execution_context_with_workflow_id,passed,,0.609,
backend.tests.test_execution_context::test_execution_context_metadata,passed,,0.704,
backend.tests.test_execution_context::test_execution_context_prompt_manager,passed,,0.789,
backend.tests.test_execution_context::test_execution_context_repr,passed,,0.703,
backend.tests.test_execution_error_detection.TestExecutionErrorDetection::test_critical_plan_structure_error,passed,,0.000,
backend.tests.test_execution_error_detection.TestExecutionErrorDetection::test_critical_dependency_error,passed,,0.000,
backend.tests.test_execution_error_detection.TestExecutionErrorDetection::test_critical_environment_error,passed,,0.000,
backend.tests.test_execution_error_detection.TestExecutionErrorDetection::test_high_severity_agent_error,passed,,0.001,
backend.tests.test_execution_error_detection.TestExecutionErrorDetection::test_high_severity_validation_error,passed,,0.000,
backend.tests.test_execution_error_detection.TestExecutionErrorDetection::test_timeout_error,passed,,0.000,
backend.tests.test_execution_error_detection.TestExecutionErrorDetection::test_timeout_after_retries,passed,,0.000,
backend.tests.test_execution_error_detection.TestExecutionErrorDetection::test_medium_severity_unknown_error,passed,,0.000,
backend.tests.test_execution_error_detection.TestExecutionErrorDetection::test_requires_replanning_function,passed,,0.000,
backend.tests.test_execution_error_detection.TestExecutionErrorDetection::test_error_with_context,passed,,0.000,
backend.tests.test_execution_error_detection.TestExecutionErrorDetection::test_error_with_type,passed,,0.000,
backend.tests.test_execution_error_detection.TestExecutionErrorDetection::test_error_to_dict,passed,,0.000,
backend.tests.test_execution_error_detection.TestExecutionErrorDetection::test_case_insensitive_patterns,passed,,0.000,
backend.tests.test_execution_error_detection.TestExecutionErrorDetection::test_multiple_pattern_matching,passed,,0.000,
backend.tests.test_execution_error_detection.TestExecutionErrorDetection::test_resource_error_detection,passed,,0.001,
backend.tests.test_execution_error_detection.TestExecutionErrorDetection::test_circular_dependency_error,passed,,0.000,
backend.tests.test_integration_basic::test_basic_orchestrator_works,skipped,Server with URL containing 10.39.0.6 not found in database,0.594,
backend.tests.test_integration_code_generation::test_code_generation_simple_function,skipped,Server with URL containing 10.39.0.6 not found,0.584,
backend.tests.test_integration_code_generation::test_code_generation_with_planning,skipped,Server with URL containing 10.39.0.6 not found,0.621,
backend.tests.test_integration_code_generation::test_code_generation_prompt_metrics,skipped,Server with URL containing 10.39.0.6 not found,0.650,
backend.tests.test_integration_code_generation::test_planning_only,skipped,Server with URL containing 10.39.0.6 not found,0.570,
backend.tests.test_integration_complex_task::test_complex_task_multi_step,skipped,No Ollama servers configured,0.554,
backend.tests.test_integration_complex_task::test_complex_task_with_context,skipped,No Ollama servers configured,0.668,
backend.tests.test_integration_complex_task::test_full_workflow_with_prompts,skipped,No Ollama servers configured,0.669,
backend.tests.test_integration_complex_task::test_error_handling_and_fallback,skipped,No Ollama servers configured,0.691,
backend.tests.test_integration_comprehensive.TestEndToEndWorkflow::test_full_workflow_with_autonomy_levels,passed,,0.032,
backend.tests.test_integration_comprehensive.TestEndToEndWorkflow::test_adaptive_approval_with_autonomy,passed,,0.041,
backend.tests.test_integration_comprehensive.TestEndToEndWorkflow::test_agent_approval_workflow,passed,,0.015,
backend.tests.test_integration_comprehensive.TestDualModelIntegration::test_planner_coder_separation,passed,,0.019,
backend.tests.test_integration_comprehensive.TestDualModelIntegration::test_function_call_creation,passed,,0.011,
backend.tests.test_integration_comprehensive.TestComponentIntegration::test_all_services_use_execution_context,passed,,0.001,
backend.tests.test_integration_comprehensive.TestComponentIntegration::test_workflow_engine_available,passed,,0.001,
backend.tests.test_integration_comprehensive.TestComponentIntegration::test_prompt_manager_available,passed,,0.001,
backend.tests.test_integration_prompt_improvement::test_prompt_usage_tracking,skipped,No Ollama servers configured,0.723,
backend.tests.test_integration_prompt_improvement::test_prompt_improvement_analysis,skipped,No Ollama servers configured,0.613,
backend.tests.test_integration_prompt_improvement::test_ab_testing_prompts,skipped,No Ollama servers configured,0.606,
backend.tests.test_integration_prompt_improvement::test_prompt_metrics_aggregation,skipped,No Ollama servers configured,0.776,
backend.tests.test_integration_simple_question::test_simple_question_basic,skipped,No Ollama servers configured in database,0.654,
backend.tests.test_integration_simple_question::test_simple_question_greeting,skipped,Server with URL containing 10.39.0.6 not found,0.674,
backend.tests.test_integration_simple_question::test_simple_question_factual,skipped,Server with URL containing 10.39.0.6 not found,0.597,
backend.tests.test_integration_simple_question::test_simple_question_explanation,skipped,Server with URL containing 10.39.0.6 not found,0.632,
backend.tests.test_integration_simple_question::test_simple_question_prompt_manager_integration,skipped,Server with URL containing 10.39.0.6 not found,0.604,
backend.tests.test_interpretation_llm_integration::test_interpretation_with_ollama_if_available,passed,,21.180,
backend.tests.test_interpretation_llm_integration::test_interpretation_handles_ollama_failure_gracefully,passed,,0.898,
backend.tests.test_memory_service_integration::test_memory_service_with_execution_context,passed,,0.001,
backend.tests.test_memory_service_integration::test_memory_service_backward_compatibility,passed,,0.000,
backend.tests.test_memory_service_integration::test_memory_service_save_memory_with_context,passed,,0.018,
backend.tests.test_memory_vector_search::test_search_memories_vector_no_embeddings,passed,,0.010,
backend.tests.test_memory_vector_search::test_search_memories_vector_with_embeddings,passed,,0.007,
backend.tests.test_memory_vector_search::test_search_memories_vector_error_handling,passed,,0.011,
backend.tests.test_memory_vector_search::test_search_memories_vector_filters,passed,,0.004,
backend.tests.test_meta_learning_service_integration::test_meta_learning_service_with_execution_context,passed,,0.002,
backend.tests.test_meta_learning_service_integration::test_meta_learning_service_backward_compatibility,passed,,0.002,
backend.tests.test_meta_learning_service_integration::test_meta_learning_service_analyze_patterns_with_context,passed,,0.008,
backend.tests.test_ollama_client::test_model_selection,passed,,0.001,
backend.tests.test_ollama_client::test_cache_key_generation,passed,,0.000,
backend.tests.test_ollama_client::test_health_check,passed,,0.238,
backend.tests.test_phase1_critical_fixes.TestCriticalBugs::test_execute_decision_step_exists,passed,,0.001,
backend.tests.test_phase1_critical_fixes.TestCriticalBugs::test_execute_validation_step_exists,passed,,0.000,
backend.tests.test_phase1_critical_fixes.TestCriticalBugs::test_execute_with_team_exists,passed,,0.000,
backend.tests.test_phase1_critical_fixes.TestCriticalBugs::test_web_search_tool_integration,passed,,0.000,
backend.tests.test_phase1_critical_fixes.TestComponentUnification::test_workflow_engine_in_execution_context,passed,,0.000,
backend.tests.test_phase1_critical_fixes.TestComponentUnification::test_prompt_manager_in_execution_context,passed,,0.001,
backend.tests.test_phase1_critical_fixes.TestComponentUnification::test_planning_service_uses_workflow_engine,passed,,0.001,
backend.tests.test_phase1_critical_fixes.TestComponentUnification::test_execution_service_uses_workflow_engine,passed,,0.002,
backend.tests.test_phase1_critical_fixes.TestWebSearchIntegration::test_web_search_requires_approval,passed,,0.001,
backend.tests.test_phase2_dual_model.TestPlannerAgent::test_planner_agent_creation,passed,,0.017,
backend.tests.test_phase2_dual_model.TestPlannerAgent::test_planner_agent_analyze_task,passed,,0.018,
backend.tests.test_phase2_dual_model.TestCoderAgent::test_coder_agent_creation,passed,,0.016,
backend.tests.test_phase2_dual_model.TestDualModelIntegration::test_planning_service_has_planner_agent,passed,,0.001,
backend.tests.test_phase2_dual_model.TestDualModelIntegration::test_execution_service_has_coder_agent,passed,,0.001,
backend.tests.test_phase2_dual_model.TestDualModelIntegration::test_planner_agent_creates_function_call,passed,,0.017,
backend.tests.test_phase2_dual_model.TestDualModelIntegration::test_function_call_protocol,passed,,0.000,
backend.tests.test_phase3_autonomy_levels.TestAutonomyLevels::test_task_has_autonomy_level,passed,,0.006,
backend.tests.test_phase3_autonomy_levels.TestAutonomyLevels::test_adaptive_approval_considers_autonomy_level,passed,,0.016,
backend.tests.test_phase3_autonomy_levels.TestAgentApprovalAgent::test_aaa_creation,passed,,0.006,
backend.tests.test_phase3_autonomy_levels.TestAgentApprovalAgent::test_aaa_validates_agent_creation,passed,,0.008,
backend.tests.test_phase3_autonomy_levels.TestTaskLifecycleManager::test_lifecycle_manager_creation,passed,,0.000,
backend.tests.test_phase3_autonomy_levels.TestTaskLifecycleManager::test_lifecycle_transitions,passed,,0.019,
backend.tests.test_phase3_autonomy_levels.TestTaskLifecycleManager::test_lifecycle_forbidden_transition,passed,,0.006,
backend.tests.test_phase3_autonomy_levels.TestTaskLifecycleManager::test_lifecycle_role_permissions,passed,,0.006,
backend.tests.test_phase4_workflow_engine.TestTaskLifecycleIntegration::test_planning_service_uses_lifecycle_manager,passed,,0.001,
backend.tests.test_phase4_workflow_engine.TestTaskLifecycleIntegration::test_lifecycle_manager_in_planning,passed,,0.019,
backend.tests.test_phase4_workflow_engine.TestReplanning::test_planning_service_has_replan_method,passed,,0.001,
backend.tests.test_phase4_workflow_engine.TestReplanning::test_planning_service_has_auto_replan_on_error,passed,,0.001,
backend.tests.test_phase4_workflow_engine.TestReplanning::test_replanning_uses_memory,passed,,0.002,
backend.tests.test_phase4_workflow_engine.TestMemoryIntegration::test_execution_saves_to_memory,passed,,0.013,
backend.tests.test_plan_evaluation::test_evaluate_plan_basic,passed,,0.014,
backend.tests.test_plan_evaluation::test_evaluate_execution_time,passed,,0.020,
backend.tests.test_plan_evaluation::test_evaluate_efficiency,passed,,0.025,
backend.tests.test_plan_evaluation::test_evaluate_risk_level,passed,,0.026,
backend.tests.test_plan_evaluation::test_evaluate_approval_points,passed,,0.011,
backend.tests.test_plan_evaluation::test_evaluate_plans_ranking,passed,,0.029,
backend.tests.test_plan_evaluation::test_evaluate_plans_custom_weights,passed,,0.021,
backend.tests.test_plan_evaluation::test_compare_plans,passed,,0.026,
backend.tests.test_plan_evaluation::test_generate_recommendations,passed,,0.013,
backend.tests.test_plan_evaluation::test_evaluate_plan_no_duration,passed,,0.014,
backend.tests.test_plan_evaluation::test_evaluate_plan_empty_steps,passed,,0.014,
backend.tests.test_plan_execution.TestStepExecutor::test_execute_step_success,passed,,0.012,
backend.tests.test_plan_execution.TestStepExecutor::test_execute_step_failure,passed,,0.008,
backend.tests.test_plan_execution.TestStepExecutor::test_execute_step_approval_required,passed,,0.007,
backend.tests.test_plan_execution.TestStepExecutor::test_execute_step_unknown_type,passed,,0.009,
backend.tests.test_plan_execution.TestExecutionService::test_execute_plan_not_found,passed,,0.002,
backend.tests.test_plan_execution.TestExecutionService::test_execute_plan_not_approved,passed,,0.004,
backend.tests.test_plan_execution.TestExecutionService::test_execute_plan_no_steps,passed,,39.899,
backend.tests.test_plan_execution.TestExecutionService::test_execute_plan_success,passed,,0.006,
backend.tests.test_plan_execution.TestExecutionService::test_execute_plan_dependency_error,passed,,40.253,
backend.tests.test_plan_execution.TestExecutionService::test_execute_plan_step_failure,passed,,0.006,
backend.tests.test_plan_execution.TestExecutionService::test_get_execution_status,passed,,0.001,
backend.tests.test_plan_template_extraction.TestPlanTemplateExtraction::test_extract_template_on_plan_completion,failure,assert None is not None,0.004,
backend.tests.test_plan_template_extraction.TestPlanTemplateExtraction::test_extract_template_quality_criteria_min_steps,passed,,0.002,
backend.tests.test_plan_template_extraction.TestPlanTemplateExtraction::test_extract_template_quality_criteria_duration,passed,,0.001,
backend.tests.test_plan_template_extraction.TestPlanTemplateExtraction::test_extract_template_skips_if_already_extracted,passed,,0.002,
backend.tests.test_plan_template_extraction.TestPlanTemplateExtraction::test_extract_template_disabled,passed,,0.003,
backend.tests.test_plan_template_service.TestPlanTemplateService::test_extract_template_from_plan_success,failure,assert None is not None,0.004,
backend.tests.test_plan_template_service.TestPlanTemplateService::test_extract_template_from_non_completed_plan,passed,,0.002,
backend.tests.test_plan_template_service.TestPlanTemplateService::test_extract_template_plan_not_found,passed,,0.002,
backend.tests.test_plan_template_service.TestPlanTemplateService::test_abstract_text,passed,,0.001,
backend.tests.test_plan_template_service.TestPlanTemplateService::test_infer_category,passed,,0.001,
backend.tests.test_plan_template_service.TestPlanTemplateService::test_infer_tags,passed,,0.001,
backend.tests.test_plan_template_service.TestPlanTemplateService::test_find_matching_templates_text_search,passed,,0.002,
backend.tests.test_plan_template_service.TestPlanTemplateService::test_find_matching_templates_with_category_filter,passed,,0.002,
backend.tests.test_plan_template_service.TestPlanTemplateService::test_rank_templates,passed,,0.002,
backend.tests.test_plan_template_service.TestPlanTemplateService::test_get_template,failure,TypeError: 'Mock' object is not subscriptable,0.002,
backend.tests.test_plan_template_service.TestPlanTemplateService::test_list_templates,passed,,0.002,
backend.tests.test_plan_template_service.TestPlanTemplateService::test_update_template_usage,failure,TypeError: 'Mock' object is not subscriptable,0.002,
backend.tests.test_plan_tree_api.TestPlanTreeAPI::test_get_plan_tree_success,passed,,0.027,
backend.tests.test_plan_tree_api.TestPlanTreeAPI::test_get_plan_tree_not_found,passed,,0.008,
backend.tests.test_plan_tree_api.TestPlanTreeAPI::test_get_plan_tree_with_metadata,passed,,0.024,
backend.tests.test_plan_tree_api.TestPlanTreeAPI::test_get_plan_tree_without_metadata,passed,,0.021,
backend.tests.test_plan_tree_api.TestPlanTreeAPI::test_get_plan_tree_empty_steps,passed,,0.020,
backend.tests.test_plan_tree_api.TestPlanTreeAPI::test_get_plan_tree_hierarchy_structure,passed,,0.028,
backend.tests.test_plan_tree_api.TestPlanTreeAPI::test_get_plan_tree_includes_plan_info,passed,,0.022,
backend.tests.test_plan_tree_service.TestPlanTreeService::test_empty_steps,failure,KeyError: 'has_hierarchy',0.000,
backend.tests.test_plan_tree_service.TestPlanTreeService::test_single_step,passed,,0.000,
backend.tests.test_plan_tree_service.TestPlanTreeService::test_linear_steps,passed,,0.000,
backend.tests.test_plan_tree_service.TestPlanTreeService::test_branched_steps,passed,,0.000,
backend.tests.test_plan_tree_service.TestPlanTreeService::test_multiple_roots,passed,,0.000,
backend.tests.test_plan_tree_service.TestPlanTreeService::test_complex_hierarchy,passed,,0.000,
backend.tests.test_plan_tree_service.TestPlanTreeService::test_include_metadata,passed,,0.000,
backend.tests.test_plan_tree_service.TestPlanTreeService::test_exclude_metadata,passed,,0.000,
backend.tests.test_plan_tree_service.TestPlanTreeService::test_build_flat_tree,passed,,0.000,
backend.tests.test_plan_tree_service.TestPlanTreeService::test_level_calculation,passed,,0.000,
backend.tests.test_planning_service_unit.TestPlanningServiceUnit::test_estimate_duration_empty_steps,passed,,0.001,
backend.tests.test_planning_service_unit.TestPlanningServiceUnit::test_estimate_duration_with_default_timeout,passed,,0.000,
backend.tests.test_planning_service_unit.TestPlanningServiceUnit::test_estimate_duration_with_custom_timeout,passed,,0.000,
backend.tests.test_planning_service_unit.TestPlanningServiceUnit::test_parse_and_validate_json_valid,passed,,0.001,
backend.tests.test_planning_service_unit.TestPlanningServiceUnit::test_parse_and_validate_json_with_code_block,passed,,0.000,
backend.tests.test_planning_service_unit.TestPlanningServiceUnit::test_parse_and_validate_json_with_markdown,passed,,0.000,
backend.tests.test_planning_service_unit.TestPlanningServiceUnit::test_parse_and_validate_json_array,passed,,0.001,
backend.tests.test_planning_service_unit.TestPlanningServiceUnit::test_parse_and_validate_json_invalid,passed,,0.002,
backend.tests.test_planning_service_unit.TestPlanningServiceUnit::test_parse_json_from_response,passed,,0.001,
backend.tests.test_planning_service_unit.TestPlanningServiceUnit::test_get_plan_found,passed,,0.003,
backend.tests.test_planning_service_unit.TestPlanningServiceUnit::test_get_plan_not_found,passed,,0.002,
backend.tests.test_planning_service_unit.TestPlanningServiceUnit::test_get_plans_for_task,passed,,0.002,
backend.tests.test_planning_service_unit.TestPlanningServiceUnit::test_approve_plan_success,passed,,0.004,
backend.tests.test_planning_service_unit.TestPlanningServiceUnit::test_approve_plan_not_found,passed,,0.003,
backend.tests.test_planning_service_unit.TestPlanningServiceUnit::test_start_execution_success,passed,,0.003,
backend.tests.test_planning_service_unit.TestPlanningServiceUnit::test_start_execution_not_approved,passed,,0.002,
backend.tests.test_planning_service_unit.TestPlanningServiceUnit::test_start_execution_not_found,passed,,0.002,
backend.tests.test_planning_with_teams::test_plan_with_team,failure,AttributeError: 'PlanningService' object has no attribute 'create_plan'. Did you mean: 'generate_plan'?,5.185,
backend.tests.test_planning_with_teams::test_plan_with_team_and_role,failure,"assert ('team' in ""'planningservice' object has no attribute 'create_plan'"" or 'llm' in ""'planningservice' object has no attribute 'create_plan'"" or 'model' in ""'planningservice' object has no attribute 'create_plan'"")  +  where ""'planningservice' object has no attribute 'create_plan'"" = <built-in method lower of str object at 0x000001AD2489F7B0>()  +    where <built-in method lower of str object at 0x000001AD2489F7B0> = ""'PlanningService' object has no attribute 'create_plan'"".lower  +      where ""'PlanningService' object has no attribute 'create_plan'"" = str(AttributeError(""'PlanningService' object has no attribute 'create_plan'""))  +  and   ""'planningservice' object has no attribute 'create_plan'"" = <built-in method lower of str object at 0x000001AD2489F7B0>()  +    where <built-in method lower of str object at 0x000001AD2489F7B0> = ""'PlanningService' object has no attribute 'create_plan'"".lower  +      where ""'PlanningService' object has no attribute 'create_plan'"" = str(AttributeError(""'PlanningService' object has no attribute 'create_plan'""))  +  and   ""'planningservice' object has no attribute 'create_plan'"" = <built-in method lower of str object at 0x000001AD2489F7B0>()  +    where <built-in method lower of str object at 0x000001AD2489F7B0> = ""'PlanningService' object has no attribute 'create_plan'"".lower  +      where ""'PlanningService' object has no attribute 'create_plan'"" = str(AttributeError(""'PlanningService' object has no attribute 'create_plan'""))",5.170,
backend.tests.test_planning_with_teams::test_plan_team_takes_precedence_over_agent,failure,"assert ('team' in ""'planningservice' object has no attribute 'create_plan'"" or 'llm' in ""'planningservice' object has no attribute 'create_plan'"" or 'model' in ""'planningservice' object has no attribute 'create_plan'"")  +  where ""'planningservice' object has no attribute 'create_plan'"" = <built-in method lower of str object at 0x000001AD2489F9F0>()  +    where <built-in method lower of str object at 0x000001AD2489F9F0> = ""'PlanningService' object has no attribute 'create_plan'"".lower  +      where ""'PlanningService' object has no attribute 'create_plan'"" = str(AttributeError(""'PlanningService' object has no attribute 'create_plan'""))  +  and   ""'planningservice' object has no attribute 'create_plan'"" = <built-in method lower of str object at 0x000001AD2489F9F0>()  +    where <built-in method lower of str object at 0x000001AD2489F9F0> = ""'PlanningService' object has no attribute 'create_plan'"".lower  +      where ""'PlanningService' object has no attribute 'create_plan'"" = str(AttributeError(""'PlanningService' object has no attribute 'create_plan'""))  +  and   ""'planningservice' object has no attribute 'create_plan'"" = <built-in method lower of str object at 0x000001AD2489F9F0>()  +    where <built-in method lower of str object at 0x000001AD2489F9F0> = ""'PlanningService' object has no attribute 'create_plan'"".lower  +      where ""'PlanningService' object has no attribute 'create_plan'"" = str(AttributeError(""'PlanningService' object has no attribute 'create_plan'""))",5.148,
backend.tests.test_project_metrics_api::test_project_metrics_router_exists,passed,,0.000,
backend.tests.test_project_metrics_api::test_project_metrics_router_routes,passed,,0.000,
backend.tests.test_project_metrics_api::test_get_project_overview_service,passed,,0.131,
backend.tests.test_project_metrics_api::test_get_metric_trends_service,passed,,0.042,
backend.tests.test_project_metrics_api::test_compare_periods_service,error,"failed on teardown with ""sqlalchemy.exc.OperationalError: (psycopg2.errors.QueryCanceled) canceling statement due to statement timeout  [SQL:  DROP TABLE memory_associations] (Background on this error at: https://sqlalche.me/e/20/e3q8)""",5.081,
backend.tests.test_project_metrics_service::test_record_metric,passed,,0.130,
backend.tests.test_project_metrics_service::test_record_metric_update_existing,passed,,0.097,
backend.tests.test_project_metrics_service::test_collect_performance_metrics,passed,,0.108,
backend.tests.test_project_metrics_service::test_collect_task_distribution,passed,,0.079,
backend.tests.test_project_metrics_service::test_get_overview,passed,,0.111,
backend.tests.test_project_metrics_service::test_get_trends,passed,,0.091,
backend.tests.test_project_metrics_service::test_compare_periods,passed,,0.213,
backend.tests.test_prompt_assignments::test_create_prompt_assignment,passed,,0.536,
backend.tests.test_prompt_assignments::test_list_assignments_filters,passed,,0.705,
backend.tests.test_prompt_improvement_suggestions.TestPromptImprovementSuggestions::test_suggest_improvements_low_success_rate,passed,,0.326,
backend.tests.test_prompt_improvement_suggestions.TestPromptImprovementSuggestions::test_suggest_improvements_high_execution_time,passed,,0.615,
backend.tests.test_prompt_improvement_suggestions.TestPromptImprovementSuggestions::test_suggest_improvements_nonexistent,passed,,0.716,
backend.tests.test_prompt_improvement_suggestions.TestPromptImprovementSuggestions::test_suggestions_saved_to_history,passed,,0.675,
backend.tests.test_prompt_improvement_suggestions.TestPromptImprovementSuggestions::test_analyze_metrics,passed,,0.730,
backend.tests.test_prompt_improvement_suggestions.TestPromptImprovementSuggestions::test_analyze_improvement_history,passed,,41.531,
backend.tests.test_prompt_manager::test_prompt_manager_initialization,passed,,0.595,
backend.tests.test_prompt_manager::test_get_prompt_for_stage,passed,,0.588,
backend.tests.test_prompt_manager::test_record_prompt_usage,passed,,0.582,
backend.tests.test_prompt_manager::test_prompt_usage_creation,passed,,0.000,
backend.tests.test_prompt_manager::test_get_usage_summary,passed,,0.621,
backend.tests.test_prompt_metrics.TestPromptMetrics::test_record_usage_increments_count,passed,,0.210,
backend.tests.test_prompt_metrics.TestPromptMetrics::test_record_usage_with_execution_time,passed,,0.648,
backend.tests.test_prompt_metrics.TestPromptMetrics::test_record_usage_calculates_moving_average,passed,,0.604,
backend.tests.test_prompt_metrics.TestPromptMetrics::test_record_usage_without_execution_time,passed,,0.550,
backend.tests.test_prompt_metrics.TestPromptMetrics::test_record_usage_nonexistent_prompt,passed,,0.638,
backend.tests.test_prompt_metrics.TestPromptMetrics::test_multiple_usage_records,passed,,0.706,
backend.tests.test_prompt_reflection.TestPromptReflection::test_analyze_prompt_performance_success,passed,,0.670,
backend.tests.test_prompt_reflection.TestPromptReflection::test_analyze_prompt_performance_failure,passed,,20.820,
backend.tests.test_prompt_reflection.TestPromptReflection::test_analyze_prompt_performance_nonexistent,passed,,0.630,
backend.tests.test_prompt_reflection.TestPromptReflection::test_analysis_history_limit,passed,,1.017,
backend.tests.test_prompt_runtime_selector::test_prompt_runtime_selector_precedence,passed,,0.617,
backend.tests.test_prompt_runtime_selector_edges::test_experiment_over_agent_precedence,passed,,0.670,
backend.tests.test_prompt_runtime_selector_edges::test_model_server_filtering,passed,,0.699,
backend.tests.test_prompt_runtime_selector_edges::test_invalid_experiment_id_handling_returns_fallback,passed,,0.734,
backend.tests.test_prompt_runtime_selector_edges::test_no_component_role_returns_none,passed,,0.563,
backend.tests.test_prompt_service.TestPromptService::test_create_prompt,passed,,0.183,
backend.tests.test_prompt_service.TestPromptService::test_get_prompt,passed,,0.696,
backend.tests.test_prompt_service.TestPromptService::test_get_prompt_not_found,passed,,0.617,
backend.tests.test_prompt_service.TestPromptService::test_get_active_prompt,passed,,0.602,
backend.tests.test_prompt_service.TestPromptService::test_get_active_prompt_with_level,passed,,0.609,
backend.tests.test_prompt_service.TestPromptService::test_list_prompts,passed,,0.628,
backend.tests.test_prompt_service.TestPromptService::test_update_prompt,passed,,0.584,
backend.tests.test_prompt_service.TestPromptService::test_create_version,passed,,0.724,
backend.tests.test_prompt_service.TestPromptService::test_get_prompt_versions,passed,,0.683,
backend.tests.test_prompt_service.TestPromptService::test_deprecate_prompt,passed,,0.592,
backend.tests.test_prompt_service.TestPromptService::test_get_latest_version,passed,,0.664,
backend.tests.test_prompt_success_rate.TestPromptSuccessRate::test_record_success_updates_rate,passed,,0.653,
backend.tests.test_prompt_success_rate.TestPromptSuccessRate::test_record_failure_updates_rate,passed,,0.657,
backend.tests.test_prompt_success_rate.TestPromptSuccessRate::test_success_rate_calculation,passed,,0.681,
backend.tests.test_prompt_success_rate.TestPromptSuccessRate::test_sliding_window,passed,,2.058,
backend.tests.test_prompt_success_rate.TestPromptSuccessRate::test_success_rate_stored_in_history,passed,,0.686,
backend.tests.test_prompt_success_rate.TestPromptSuccessRate::test_record_result_nonexistent_prompt,passed,,0.736,
backend.tests.test_prompt_version_creation.TestPromptVersionCreation::test_create_improved_version_with_suggestions,passed,,0.577,
backend.tests.test_prompt_version_creation.TestPromptVersionCreation::test_create_improved_version_auto_suggestions,passed,,0.695,
backend.tests.test_prompt_version_creation.TestPromptVersionCreation::test_auto_create_improved_version_if_needed_low_success,passed,,0.648,
backend.tests.test_prompt_version_creation.TestPromptVersionCreation::test_auto_create_improved_version_if_needed_high_time,passed,,0.748,
backend.tests.test_prompt_version_creation.TestPromptVersionCreation::test_auto_create_improved_version_not_needed,passed,,0.774,
backend.tests.test_prompt_version_creation.TestPromptVersionCreation::test_create_improved_version_nonexistent,passed,,0.530,
backend.tests.test_prompts_api::test_prompt_assign_and_unassign_api,passed,,0.836,
backend.tests.test_reflection_service_integration::test_reflection_service_with_execution_context,passed,,0.001,
backend.tests.test_reflection_service_integration::test_reflection_service_backward_compatibility,passed,,0.001,
backend.tests.test_reflection_service_integration::test_reflection_service_analyze_failure_with_context,passed,,20.148,
backend.tests.test_replan_config::test_replanning_config_defaults,passed,,0.003,
backend.tests.test_replan_config::test_replanning_config_custom_values,passed,,0.004,
backend.tests.test_replan_config::test_replanning_config_validation,passed,,0.004,
backend.tests.test_replan_config::test_replanning_config_bounds,passed,,0.003,
backend.tests.test_request_orchestrator::test_orchestration_result_creation,passed,,0.000,
backend.tests.test_request_orchestrator::test_request_orchestrator_initialization,failure,AttributeError: 'RequestOrchestrator' object has no attribute 'workflow_tracker',0.000,
backend.tests.test_request_orchestrator::test_request_orchestrator_simple_question,passed,,21.292,
backend.tests.test_request_orchestrator::test_request_orchestrator_extract_plan_results,passed,,0.025,
backend.tests.test_request_orchestrator::test_request_orchestrator_select_model_and_server,passed,,0.727,
backend.tests.test_self_audit_service::test_audit_performance,passed,,0.234,
backend.tests.test_self_audit_service::test_audit_quality,passed,,0.094,
backend.tests.test_self_audit_service::test_audit_prompts,passed,,0.070,
backend.tests.test_self_audit_service::test_audit_errors,passed,,0.090,
backend.tests.test_self_audit_service::test_generate_report_performance,passed,,0.115,
backend.tests.test_self_audit_service::test_generate_report_full,passed,,0.108,
backend.tests.test_self_audit_service::test_classify_error,passed,,0.209,
backend.tests.test_service_registry::test_service_registry_singleton,passed,,0.000,
backend.tests.test_service_registry::test_service_registry_get_service_with_db,passed,,0.525,
backend.tests.test_service_registry::test_service_registry_get_service_with_context,failure,AttributeError: 'ExecutionContext' object has no attribute 'bind',0.680,
backend.tests.test_service_registry::test_service_registry_caching,passed,,0.652,
backend.tests.test_service_registry::test_service_registry_clear_workflow_cache,passed,,0.614,
backend.tests.test_service_registry::test_service_registry_clear_all_cache,passed,,0.643,
backend.tests.test_service_registry::test_service_registry_register_factory,passed,,0.636,
backend.tests.test_vector_migration::test_vector_extension_exists,skipped,pgvector extension not available,0.000,
backend.tests.test_vector_migration::test_embedding_column_exists,skipped,pgvector extension not available,0.000,
backend.tests.test_vector_migration::test_hnsw_index_exists,skipped,pgvector extension not available,0.000,
backend.tests.test_vector_migration::test_agent_memory_model_has_embedding,passed,,0.000,
backend.tests.test_vector_migration::test_can_store_embedding,passed,,0.000,
backend.tests.test_workflow_event_contract::test_workflow_event_to_dict_includes_executionevent_fields,passed,,0.000,
backend.tests.cli.test_migrations_cli::test_build_parser_and_call_migrate,failure,SystemExit: 0,0.004,
backend.tests.components.test_component_contracts::test_component_prompts_exist[interpretation.system],passed,,0.001,
backend.tests.components.test_component_contracts::test_component_prompts_exist[semantic_validator.system],passed,,0.001,
backend.tests.components.test_component_contracts::test_component_prompts_exist[routing.system],passed,,0.001,
backend.tests.components.test_component_contracts::test_component_prompts_exist[planning.system],passed,,0.001,
backend.tests.components.test_component_contracts::test_component_prompts_exist[execution_validator.system],passed,,0.001,
backend.tests.components.test_component_contracts::test_component_prompts_exist[reflection.system],passed,,0.001,
backend.tests.components.test_component_contracts::test_contract_models_importable,passed,,0.000,
backend.tests.components.test_component_contracts::test_semantic_validator_smoke,passed,,0.004,
backend.tests.docs.test_service_docs_present::test_service_docs_exist,failure,"AssertionError: Missing service docs: ['ApplicationCore.md', 'HTTPAPILayer.md', 'DataORMLayer.md', 'BusinessServices.md', 'AgentsAndPlanning.md', 'DecisionComponents.md', 'ToolsExternalIntegrations.md', 'RegistryServiceDiscovery.md', 'SecurityAuthPermissions.md', 'MemoryConversationStorage.md', 'OpsMigrations.md', 'UtilitiesObservability.md'] assert not ['ApplicationCore.md', 'HTTPAPILayer.md', 'DataORMLayer.md', 'BusinessServices.md', 'AgentsAndPlanning.md', 'DecisionComponents.md', ...]",0.001,
backend.tests.integration.test_adaptive_approval::test_calculate_agent_trust_score_high,passed,,0.713,
backend.tests.integration.test_adaptive_approval::test_calculate_agent_trust_score_low,passed,,0.685,
backend.tests.integration.test_adaptive_approval::test_calculate_agent_trust_score_new_agent,passed,,0.639,
backend.tests.integration.test_adaptive_approval::test_calculate_task_risk_level_simple,passed,,0.626,
backend.tests.integration.test_adaptive_approval::test_calculate_task_risk_level_complex,passed,,0.673,
backend.tests.integration.test_adaptive_approval::test_should_require_approval_high_risk,passed,,0.688,
backend.tests.integration.test_adaptive_approval::test_should_require_approval_low_risk_high_trust,passed,,0.779,
backend.tests.integration.test_adaptive_approval::test_should_require_approval_medium_risk_low_trust,passed,,0.741,
backend.tests.integration.test_adaptive_approval::test_should_require_approval_override,passed,,0.677,
backend.tests.integration.test_adaptive_approval::test_get_approval_statistics,passed,,0.631,
backend.tests.integration.test_agent_dialog_workflow::test_planning_service_with_dialogs,skipped,Нет активных серверов,0.724,
backend.tests.integration.test_agent_dialog_workflow::test_dialog_context_in_planning,passed,,0.961,
backend.tests.integration.test_agent_dialog_workflow::test_api_dialog_management,passed,,0.763,
backend.tests.integration.test_agent_dialog_workflow::test_complete_workflow_with_dialogs,passed,,0.895,
backend.tests.integration.test_agent_dialogs::test_complete_dialog_cycle,passed,,0.772,
backend.tests.integration.test_agent_dialogs::test_dialog_with_task,passed,,0.729,
backend.tests.integration.test_agent_dialogs::test_dialog_pause_and_resume,passed,,0.705,
backend.tests.integration.test_agent_dialogs::test_dialog_max_messages_completion,passed,,0.721,
backend.tests.integration.test_agent_dialogs::test_dialog_multiple_agents,passed,,0.755,
backend.tests.integration.test_agent_dialogs_complete::test_phase8_complete_agent_dialogs,skipped,Нет активных серверов,0.600,
backend.tests.integration.test_agent_dialogs_real_llm::test_real_agent_dialog_with_llm,failure,UnicodeDecodeError: 'utf-8' codec can't decode byte 0xcd in position 647: invalid continuation byte,0.679,
backend.tests.integration.test_agent_dialogs_real_llm::test_real_agent_dialog_with_llm,error,"failed on teardown with ""UnicodeDecodeError: 'utf-8' codec can't decode byte 0xcd in position 647: invalid continuation byte""",0.002,
backend.tests.integration.test_agent_dialogs_real_llm::test_real_agent_dialog_multiturn_llm,error,"failed on setup with ""UnicodeDecodeError: 'utf-8' codec can't decode byte 0xcd in position 647: invalid continuation byte""",0.646,
backend.tests.integration.test_agent_planning.TestAgentPlanningIntegration::test_generate_plan_with_agent_selection,error,"failed on setup with ""UnicodeDecodeError: 'utf-8' codec can't decode byte 0xcd in position 647: invalid continuation byte""",0.217,
backend.tests.integration.test_agent_planning.TestAgentPlanningIntegration::test_generate_plan_with_specified_agent,error,"failed on setup with ""UnicodeDecodeError: 'utf-8' codec can't decode byte 0xcd in position 647: invalid continuation byte""",0.789,
backend.tests.integration.test_agent_planning.TestAgentPlanningIntegration::test_plan_steps_have_agent_assigned,error,"failed on setup with ""UnicodeDecodeError: 'utf-8' codec can't decode byte 0xcd in position 647: invalid continuation byte""",0.605,
backend.tests.integration.test_agent_teams::test_create_team_with_agents,error,"failed on setup with ""UnicodeDecodeError: 'utf-8' codec can't decode byte 0xcd in position 647: invalid continuation byte""",0.598,
backend.tests.integration.test_agent_teams::test_team_lead_management,error,"failed on setup with ""UnicodeDecodeError: 'utf-8' codec can't decode byte 0xcd in position 647: invalid continuation byte""",0.701,
backend.tests.integration.test_agent_teams::test_team_lifecycle,error,"failed on setup with ""UnicodeDecodeError: 'utf-8' codec can't decode byte 0xcd in position 647: invalid continuation byte""",0.638,
backend.tests.integration.test_agent_teams::test_team_with_different_strategies,error,"failed on setup with ""UnicodeDecodeError: 'utf-8' codec can't decode byte 0xcd in position 647: invalid continuation byte""",0.601,
backend.tests.integration.test_agent_teams::test_remove_agent_and_re_add,error,"failed on setup with ""UnicodeDecodeError: 'utf-8' codec can't decode byte 0xcd in position 647: invalid continuation byte""",0.665,
backend.tests.integration.test_agent_teams::test_update_agent_role_in_team,error,"failed on setup with ""UnicodeDecodeError: 'utf-8' codec can't decode byte 0xcd in position 647: invalid continuation byte""",0.677,
backend.tests.integration.test_agent_teams::test_delete_team_with_agents,error,"failed on setup with ""UnicodeDecodeError: 'utf-8' codec can't decode byte 0xcd in position 647: invalid continuation byte""",0.596,
backend.tests.integration.test_agent_teams_consistency::test_imports_consistency,error,"failed on setup with ""UnicodeDecodeError: 'utf-8' codec can't decode byte 0xcd in position 647: invalid continuation byte""",0.000,
backend.tests.integration.test_agent_teams_consistency::test_model_enum_values,error,"failed on setup with ""UnicodeDecodeError: 'utf-8' codec can't decode byte 0xcd in position 647: invalid continuation byte""",0.574,
backend.tests.integration.test_agent_teams_consistency::test_service_initialization_consistency,error,"failed on setup with ""UnicodeDecodeError: 'utf-8' codec can't decode byte 0xcd in position 647: invalid continuation byte""",0.675,
backend.tests.integration.test_agent_teams_consistency::test_method_signatures_consistency,error,"failed on setup with ""UnicodeDecodeError: 'utf-8' codec can't decode byte 0xcd in position 647: invalid continuation byte""",0.629,
backend.tests.integration.test_agent_teams_consistency::test_data_types_consistency,error,"failed on setup with ""UnicodeDecodeError: 'utf-8' codec can't decode byte 0xcd in position 647: invalid continuation byte""",0.603,
backend.tests.integration.test_agent_teams_consistency::test_planning_service_integration,error,"failed on setup with ""UnicodeDecodeError: 'utf-8' codec can't decode byte 0xcd in position 647: invalid continuation byte""",0.643,
backend.tests.integration.test_agent_teams_consistency::test_execution_service_integration,error,"failed on setup with ""UnicodeDecodeError: 'utf-8' codec can't decode byte 0xcd in position 647: invalid continuation byte""",0.569,
backend.tests.integration.test_agent_teams_consistency::test_team_agent_association_consistency,error,"failed on setup with ""UnicodeDecodeError: 'utf-8' codec can't decode byte 0xcd in position 647: invalid continuation byte""",0.629,
backend.tests.integration.test_agent_teams_consistency::test_coordination_strategy_consistency,error,"failed on setup with ""UnicodeDecodeError: 'utf-8' codec can't decode byte 0xcd in position 647: invalid continuation byte""",0.629,
backend.tests.integration.test_agent_teams_consistency::test_team_status_transitions_consistency,error,"failed on setup with ""UnicodeDecodeError: 'utf-8' codec can't decode byte 0xcd in position 647: invalid continuation byte""",0.637,
backend.tests.integration.test_agent_teams_consistency::test_context_parameter_consistency,error,"failed on setup with ""UnicodeDecodeError: 'utf-8' codec can't decode byte 0xcd in position 647: invalid continuation byte""",0.676,
backend.tests.integration.test_agent_teams_consistency::test_step_assignment_consistency,error,"failed on setup with ""UnicodeDecodeError: 'utf-8' codec can't decode byte 0xcd in position 647: invalid continuation byte""",0.603,
backend.tests.integration.test_agent_teams_consistency::test_error_handling_consistency,error,"failed on setup with ""UnicodeDecodeError: 'utf-8' codec can't decode byte 0xcd in position 647: invalid continuation byte""",0.572,
backend.tests.integration.test_agent_teams_llm::test_team_coordination_sequential_llm,error,"failed on setup with ""UnicodeDecodeError: 'utf-8' codec can't decode byte 0xcd in position 647: invalid continuation byte""",0.637,
backend.tests.integration.test_agent_teams_llm::test_planning_with_team_llm,error,"failed on setup with ""UnicodeDecodeError: 'utf-8' codec can't decode byte 0xcd in position 647: invalid continuation byte""",0.745,
backend.tests.integration.test_agent_teams_llm::test_team_collaborative_task_llm,error,"failed on setup with ""UnicodeDecodeError: 'utf-8' codec can't decode byte 0xcd in position 647: invalid continuation byte""",0.663,
backend.tests.integration.test_agent_teams_llm::test_team_hierarchical_coordination_llm,error,"failed on setup with ""UnicodeDecodeError: 'utf-8' codec can't decode byte 0xcd in position 647: invalid continuation byte""",0.615,
backend.tests.integration.test_agent_teams_llm::test_team_pipeline_execution_llm,error,"failed on setup with ""UnicodeDecodeError: 'utf-8' codec can't decode byte 0xcd in position 647: invalid continuation byte""",0.602,
backend.tests.integration.test_agent_teams_llm::test_full_plan_execution_with_team_llm,error,"failed on setup with ""UnicodeDecodeError: 'utf-8' codec can't decode byte 0xcd in position 647: invalid continuation byte""",0.662,
backend.tests.integration.test_agent_teams_llm::test_team_role_based_assignment_llm,error,"failed on setup with ""UnicodeDecodeError: 'utf-8' codec can't decode byte 0xcd in position 647: invalid continuation byte""",0.604,
backend.tests.integration.test_agent_teams_llm::test_team_result_sharing_llm,error,"failed on setup with ""UnicodeDecodeError: 'utf-8' codec can't decode byte 0xcd in position 647: invalid continuation byte""",0.648,
backend.tests.integration.test_agent_teams_real_llm::test_real_team_coordination_sequential,error,"failed on setup with ""UnicodeDecodeError: 'utf-8' codec can't decode byte 0xcd in position 647: invalid continuation byte""",0.626,
backend.tests.integration.test_agent_teams_real_llm::test_real_planning_with_team,error,"failed on setup with ""UnicodeDecodeError: 'utf-8' codec can't decode byte 0xcd in position 647: invalid continuation byte""",0.580,
backend.tests.integration.test_agent_teams_real_llm::test_real_team_collaborative_task,error,"failed on setup with ""UnicodeDecodeError: 'utf-8' codec can't decode byte 0xcd in position 647: invalid continuation byte""",0.686,
backend.tests.integration.test_agent_teams_real_llm::test_real_team_planning_and_execution,error,"failed on setup with ""UnicodeDecodeError: 'utf-8' codec can't decode byte 0xcd in position 647: invalid continuation byte""",0.634,
backend.tests.integration.test_agent_teams_real_llm::test_real_llm_through_planning_service,error,"failed on setup with ""UnicodeDecodeError: 'utf-8' codec can't decode byte 0xcd in position 647: invalid continuation byte""",0.652,
backend.tests.integration.test_agent_teams_real_llm::test_real_team_with_multiple_models,error,"failed on setup with ""UnicodeDecodeError: 'utf-8' codec can't decode byte 0xcd in position 647: invalid continuation byte""",0.686,
backend.tests.integration.test_alternative_plans::test_generate_plan_with_alternatives,error,"failed on setup with ""UnicodeDecodeError: 'utf-8' codec can't decode byte 0xcd in position 647: invalid continuation byte""",0.011,
backend.tests.integration.test_alternative_plans::test_generate_plan_without_alternatives,error,"failed on setup with ""UnicodeDecodeError: 'utf-8' codec can't decode byte 0xcd in position 647: invalid continuation byte""",0.010,
backend.tests.integration.test_alternative_plans::test_alternatives_saved_for_comparison,error,"failed on setup with ""UnicodeDecodeError: 'utf-8' codec can't decode byte 0xcd in position 647: invalid continuation byte""",0.010,
backend.tests.integration.test_alternative_plans::test_custom_evaluation_weights,error,"failed on setup with ""UnicodeDecodeError: 'utf-8' codec can't decode byte 0xcd in position 647: invalid continuation byte""",0.017,
backend.tests.integration.test_alternative_plans::test_full_ab_testing_cycle,error,"failed on setup with ""UnicodeDecodeError: 'utf-8' codec can't decode byte 0xcd in position 647: invalid continuation byte""",0.021,
backend.tests.integration.test_alternative_plans::test_fallback_on_alternatives_failure,error,"failed on setup with ""UnicodeDecodeError: 'utf-8' codec can't decode byte 0xcd in position 647: invalid continuation byte""",0.014,
backend.tests.integration.test_api::test_health,error,"failed on setup with ""UnicodeDecodeError: 'utf-8' codec can't decode byte 0xcd in position 647: invalid continuation byte""",0.000,
backend.tests.integration.test_api::test_approvals_api,error,"failed on setup with ""UnicodeDecodeError: 'utf-8' codec can't decode byte 0xcd in position 647: invalid continuation byte""",0.000,
backend.tests.integration.test_api::test_artifacts_api,error,"failed on setup with ""UnicodeDecodeError: 'utf-8' codec can't decode byte 0xcd in position 647: invalid continuation byte""",0.000,
backend.tests.integration.test_api::test_prompts_api,error,"failed on setup with ""UnicodeDecodeError: 'utf-8' codec can't decode byte 0xcd in position 647: invalid continuation byte""",0.000,
backend.tests.integration.test_auto_approval_transition::test_detect_critical_steps_create_agent,error,"failed on setup with ""UnicodeDecodeError: 'utf-8' codec can't decode byte 0xcd in position 647: invalid continuation byte""",0.651,
backend.tests.integration.test_auto_approval_transition::test_detect_critical_steps_modify_tool,error,"failed on setup with ""UnicodeDecodeError: 'utf-8' codec can't decode byte 0xcd in position 647: invalid continuation byte""",0.627,
backend.tests.integration.test_auto_approval_transition::test_detect_critical_steps_system_operation,error,"failed on setup with ""UnicodeDecodeError: 'utf-8' codec can't decode byte 0xcd in position 647: invalid continuation byte""",0.711,
backend.tests.integration.test_auto_approval_transition::test_detect_critical_steps_protected_data,error,"failed on setup with ""UnicodeDecodeError: 'utf-8' codec can't decode byte 0xcd in position 647: invalid continuation byte""",0.686,
backend.tests.integration.test_auto_approval_transition::test_detect_critical_steps_no_critical,error,"failed on setup with ""UnicodeDecodeError: 'utf-8' codec can't decode byte 0xcd in position 647: invalid continuation byte""",0.700,
backend.tests.integration.test_auto_approval_transition::test_task_transition_draft_to_pending_approval,error,"failed on setup with ""UnicodeDecodeError: 'utf-8' codec can't decode byte 0xcd in position 647: invalid continuation byte""",0.617,
backend.tests.integration.test_auto_approval_transition::test_task_no_transition_when_no_critical_steps,error,"failed on setup with ""UnicodeDecodeError: 'utf-8' codec can't decode byte 0xcd in position 647: invalid continuation byte""",0.588,
backend.tests.integration.test_auto_replan_trigger::test_critical_error_triggers_replanning,error,"failed on setup with ""UnicodeDecodeError: 'utf-8' codec can't decode byte 0xcd in position 647: invalid continuation byte""",0.679,
backend.tests.integration.test_auto_replan_trigger::test_high_severity_error_triggers_replanning,error,"failed on setup with ""UnicodeDecodeError: 'utf-8' codec can't decode byte 0xcd in position 647: invalid continuation byte""",0.667,
backend.tests.integration.test_auto_replan_trigger::test_medium_severity_error_does_not_trigger_replanning,error,"failed on setup with ""UnicodeDecodeError: 'utf-8' codec can't decode byte 0xcd in position 647: invalid continuation byte""",0.674,
backend.tests.integration.test_auto_replan_trigger::test_error_classification_in_execution_context,error,"failed on setup with ""UnicodeDecodeError: 'utf-8' codec can't decode byte 0xcd in position 647: invalid continuation byte""",0.662,
backend.tests.integration.test_auto_replan_trigger::test_error_classification_in_handle_plan_failure,error,"failed on setup with ""UnicodeDecodeError: 'utf-8' codec can't decode byte 0xcd in position 647: invalid continuation byte""",0.660,
backend.tests.integration.test_auto_replan_trigger::test_multiple_error_types_classification,error,"failed on setup with ""UnicodeDecodeError: 'utf-8' codec can't decode byte 0xcd in position 647: invalid continuation byte""",0.610,
backend.tests.integration.test_auto_replan_trigger::test_error_metadata_preservation,error,"failed on setup with ""UnicodeDecodeError: 'utf-8' codec can't decode byte 0xcd in position 647: invalid continuation byte""",0.662,
backend.tests.integration.test_auto_replanning::test_handle_plan_failure_creates_new_plan,error,"failed on setup with ""UnicodeDecodeError: 'utf-8' codec can't decode byte 0xcd in position 647: invalid continuation byte""",0.666,
backend.tests.integration.test_auto_replanning::test_task_status_updated_to_failed,error,"failed on setup with ""UnicodeDecodeError: 'utf-8' codec can't decode byte 0xcd in position 647: invalid continuation byte""",0.672,
backend.tests.integration.test_auto_replanning::test_reflection_service_integration,error,"failed on setup with ""UnicodeDecodeError: 'utf-8' codec can't decode byte 0xcd in position 647: invalid continuation byte""",0.757,
backend.tests.integration.test_auto_replanning::test_replan_with_error_context,error,"failed on setup with ""UnicodeDecodeError: 'utf-8' codec can't decode byte 0xcd in position 647: invalid continuation byte""",0.632,
backend.tests.integration.test_benchmark_models::test_benchmark_task_integration,error,"failed on setup with ""UnicodeDecodeError: 'utf-8' codec can't decode byte 0xcd in position 647: invalid continuation byte""",0.000,
backend.tests.integration.test_chat_with_planning::test_chat_information_query,error,"failed on setup with ""UnicodeDecodeError: 'utf-8' codec can't decode byte 0xcd in position 647: invalid continuation byte""",0.561,
backend.tests.integration.test_chat_with_planning::test_chat_simple_question,error,"failed on setup with ""UnicodeDecodeError: 'utf-8' codec can't decode byte 0xcd in position 647: invalid continuation byte""",0.583,
backend.tests.integration.test_chat_with_planning::test_chat_code_generation,error,"failed on setup with ""UnicodeDecodeError: 'utf-8' codec can't decode byte 0xcd in position 647: invalid continuation byte""",0.639,
backend.tests.integration.test_checkpoint_api_integration.TestCheckpointAPIIntegration::test_create_checkpoint_via_api,error,"failed on setup with ""UnicodeDecodeError: 'utf-8' codec can't decode byte 0xcd in position 647: invalid continuation byte""",0.016,
backend.tests.integration.test_checkpoint_api_integration.TestCheckpointAPIIntegration::test_list_checkpoints_for_plan,error,"failed on setup with ""UnicodeDecodeError: 'utf-8' codec can't decode byte 0xcd in position 647: invalid continuation byte""",0.010,
backend.tests.integration.test_checkpoint_api_integration.TestCheckpointAPIIntegration::test_get_checkpoint_by_id,error,"failed on setup with ""UnicodeDecodeError: 'utf-8' codec can't decode byte 0xcd in position 647: invalid continuation byte""",0.010,
backend.tests.integration.test_checkpoint_api_integration.TestCheckpointAPIIntegration::test_restore_checkpoint_via_api,error,"failed on setup with ""UnicodeDecodeError: 'utf-8' codec can't decode byte 0xcd in position 647: invalid continuation byte""",0.013,
backend.tests.integration.test_checkpoint_api_integration.TestCheckpointAPIIntegration::test_get_latest_checkpoint,error,"failed on setup with ""UnicodeDecodeError: 'utf-8' codec can't decode byte 0xcd in position 647: invalid continuation byte""",0.011,
backend.tests.integration.test_code_sandbox::test_validate_code_safety_safe,error,"failed on setup with ""UnicodeDecodeError: 'utf-8' codec can't decode byte 0xcd in position 647: invalid continuation byte""",0.000,
backend.tests.integration.test_code_sandbox::test_validate_code_safety_dangerous,error,"failed on setup with ""UnicodeDecodeError: 'utf-8' codec can't decode byte 0xcd in position 647: invalid continuation byte""",0.000,
backend.tests.integration.test_code_sandbox::test_validate_code_safety_empty,error,"failed on setup with ""UnicodeDecodeError: 'utf-8' codec can't decode byte 0xcd in position 647: invalid continuation byte""",0.000,
backend.tests.integration.test_code_sandbox::test_execute_code_safely_simple,error,"failed on setup with ""UnicodeDecodeError: 'utf-8' codec can't decode byte 0xcd in position 647: invalid continuation byte""",0.000,
backend.tests.integration.test_code_sandbox::test_execute_code_safely_with_error,error,"failed on setup with ""UnicodeDecodeError: 'utf-8' codec can't decode byte 0xcd in position 647: invalid continuation byte""",0.001,
backend.tests.integration.test_code_sandbox::test_execute_code_safely_dangerous_blocked,error,"failed on setup with ""UnicodeDecodeError: 'utf-8' codec can't decode byte 0xcd in position 647: invalid continuation byte""",0.000,
backend.tests.integration.test_code_sandbox::test_execute_code_safely_with_timeout,error,"failed on setup with ""UnicodeDecodeError: 'utf-8' codec can't decode byte 0xcd in position 647: invalid continuation byte""",0.000,
backend.tests.integration.test_code_sandbox::test_apply_resource_limits,error,"failed on setup with ""UnicodeDecodeError: 'utf-8' codec can't decode byte 0xcd in position 647: invalid continuation byte""",0.000,
backend.tests.integration.test_code_sandbox::test_execute_code_safely_unsupported_language,error,"failed on setup with ""UnicodeDecodeError: 'utf-8' codec can't decode byte 0xcd in position 647: invalid continuation byte""",0.000,
backend.tests.integration.test_dashboard_api::test_get_dashboard_tasks,error,"failed on setup with ""UnicodeDecodeError: 'utf-8' codec can't decode byte 0xcd in position 647: invalid continuation byte""",0.937,
backend.tests.integration.test_dashboard_api::test_get_dashboard_tasks_with_status_filter,error,"failed on setup with ""UnicodeDecodeError: 'utf-8' codec can't decode byte 0xcd in position 647: invalid continuation byte""",0.817,
backend.tests.integration.test_dashboard_api::test_get_plan_history,error,"failed on setup with ""UnicodeDecodeError: 'utf-8' codec can't decode byte 0xcd in position 647: invalid continuation byte""",0.896,
backend.tests.integration.test_dashboard_api::test_cancel_task,error,"failed on setup with ""UnicodeDecodeError: 'utf-8' codec can't decode byte 0xcd in position 647: invalid continuation byte""",0.950,
backend.tests.integration.test_dashboard_api::test_cancel_task_invalid_status,error,"failed on setup with ""UnicodeDecodeError: 'utf-8' codec can't decode byte 0xcd in position 647: invalid continuation byte""",0.911,
backend.tests.integration.test_dashboard_api::test_create_task_manual,error,"failed on setup with ""UnicodeDecodeError: 'utf-8' codec can't decode byte 0xcd in position 647: invalid continuation byte""",0.832,
backend.tests.integration.test_dashboard_api::test_create_task_manual_invalid_priority,error,"failed on setup with ""UnicodeDecodeError: 'utf-8' codec can't decode byte 0xcd in position 647: invalid continuation byte""",0.933,
backend.tests.integration.test_dashboard_api::test_create_task_manual_invalid_autonomy,error,"failed on setup with ""UnicodeDecodeError: 'utf-8' codec can't decode byte 0xcd in position 647: invalid continuation byte""",0.772,
backend.tests.integration.test_dashboard_api::test_dashboard_statistics,error,"failed on setup with ""UnicodeDecodeError: 'utf-8' codec can't decode byte 0xcd in position 647: invalid continuation byte""",0.835,
backend.tests.integration.test_execution_engine::test_execution_engine,error,"failed on setup with ""UnicodeDecodeError: 'utf-8' codec can't decode byte 0xcd in position 647: invalid continuation byte""",0.000,
backend.tests.integration.test_feedback_learning::test_learn_from_approval_feedback_approved,error,"failed on setup with ""UnicodeDecodeError: 'utf-8' codec can't decode byte 0xcd in position 647: invalid continuation byte""",0.666,
backend.tests.integration.test_feedback_learning::test_learn_from_approval_feedback_rejected,error,"failed on setup with ""UnicodeDecodeError: 'utf-8' codec can't decode byte 0xcd in position 647: invalid continuation byte""",0.665,
backend.tests.integration.test_feedback_learning::test_extract_improvements_from_feedback,error,"failed on setup with ""UnicodeDecodeError: 'utf-8' codec can't decode byte 0xcd in position 647: invalid continuation byte""",0.703,
backend.tests.integration.test_feedback_learning::test_apply_learned_patterns,error,"failed on setup with ""UnicodeDecodeError: 'utf-8' codec can't decode byte 0xcd in position 647: invalid continuation byte""",0.621,
backend.tests.integration.test_feedback_learning::test_categorize_task,error,"failed on setup with ""UnicodeDecodeError: 'utf-8' codec can't decode byte 0xcd in position 647: invalid continuation byte""",0.653,
backend.tests.integration.test_feedback_learning::test_get_feedback_statistics,error,"failed on setup with ""UnicodeDecodeError: 'utf-8' codec can't decode byte 0xcd in position 647: invalid continuation byte""",0.689,
backend.tests.integration.test_full_plan_execution.TestFullPlanExecution::test_execute_simple_plan,error,"failed on setup with ""UnicodeDecodeError: 'utf-8' codec can't decode byte 0xcd in position 647: invalid continuation byte""",0.218,
backend.tests.integration.test_full_plan_execution.TestFullPlanExecution::test_execute_plan_with_dependencies,error,"failed on setup with ""UnicodeDecodeError: 'utf-8' codec can't decode byte 0xcd in position 647: invalid continuation byte""",0.589,
backend.tests.integration.test_full_plan_execution.TestFullPlanExecution::test_execute_plan_checkpoint_creation,error,"failed on setup with ""UnicodeDecodeError: 'utf-8' codec can't decode byte 0xcd in position 647: invalid continuation byte""",0.735,
backend.tests.integration.test_full_plan_execution.TestFullPlanExecution::test_execution_status_tracking,error,"failed on setup with ""UnicodeDecodeError: 'utf-8' codec can't decode byte 0xcd in position 647: invalid continuation byte""",0.749,
backend.tests.integration.test_full_plan_execution.TestFullPlanExecution::test_execute_plan_no_steps,error,"failed on setup with ""UnicodeDecodeError: 'utf-8' codec can't decode byte 0xcd in position 647: invalid continuation byte""",0.719,
backend.tests.integration.test_full_plan_execution.TestFullPlanExecution::test_execution_context_passing,error,"failed on setup with ""UnicodeDecodeError: 'utf-8' codec can't decode byte 0xcd in position 647: invalid continuation byte""",0.607,
backend.tests.integration.test_full_system_e2e::test_full_system_e2e_hello_world,error,"failed on setup with ""UnicodeDecodeError: 'utf-8' codec can't decode byte 0xcd in position 647: invalid continuation byte""",0.575,
backend.tests.integration.test_full_system_e2e::test_full_system_e2e_with_team,error,"failed on setup with ""UnicodeDecodeError: 'utf-8' codec can't decode byte 0xcd in position 647: invalid continuation byte""",0.699,
backend.tests.integration.test_function_calling::test_create_function_call,error,"failed on setup with ""UnicodeDecodeError: 'utf-8' codec can't decode byte 0xcd in position 647: invalid continuation byte""",0.000,
backend.tests.integration.test_function_calling::test_create_function_call_invalid_name,error,"failed on setup with ""UnicodeDecodeError: 'utf-8' codec can't decode byte 0xcd in position 647: invalid continuation byte""",0.000,
backend.tests.integration.test_function_calling::test_validate_function_call_valid,error,"failed on setup with ""UnicodeDecodeError: 'utf-8' codec can't decode byte 0xcd in position 647: invalid continuation byte""",0.000,
backend.tests.integration.test_function_calling::test_validate_function_call_missing_required,error,"failed on setup with ""UnicodeDecodeError: 'utf-8' codec can't decode byte 0xcd in position 647: invalid continuation byte""",0.000,
backend.tests.integration.test_function_calling::test_validate_function_call_safety_checks,error,"failed on setup with ""UnicodeDecodeError: 'utf-8' codec can't decode byte 0xcd in position 647: invalid continuation byte""",0.000,
backend.tests.integration.test_function_calling::test_parse_function_call_from_llm_json,error,"failed on setup with ""UnicodeDecodeError: 'utf-8' codec can't decode byte 0xcd in position 647: invalid continuation byte""",0.000,
backend.tests.integration.test_function_calling::test_parse_function_call_from_llm_with_text,error,"failed on setup with ""UnicodeDecodeError: 'utf-8' codec can't decode byte 0xcd in position 647: invalid continuation byte""",0.000,
backend.tests.integration.test_function_calling::test_parse_function_call_from_llm_invalid,error,"failed on setup with ""UnicodeDecodeError: 'utf-8' codec can't decode byte 0xcd in position 647: invalid continuation byte""",0.000,
backend.tests.integration.test_function_calling::test_validate_against_schema,error,"failed on setup with ""UnicodeDecodeError: 'utf-8' codec can't decode byte 0xcd in position 647: invalid continuation byte""",0.001,
backend.tests.integration.test_function_calling::test_validate_against_schema_type_mismatch,error,"failed on setup with ""UnicodeDecodeError: 'utf-8' codec can't decode byte 0xcd in position 647: invalid continuation byte""",0.000,
backend.tests.integration.test_function_calling::test_format_function_call_for_llm,error,"failed on setup with ""UnicodeDecodeError: 'utf-8' codec can't decode byte 0xcd in position 647: invalid continuation byte""",0.000,
backend.tests.integration.test_function_calling::test_function_call_to_dict,error,"failed on setup with ""UnicodeDecodeError: 'utf-8' codec can't decode byte 0xcd in position 647: invalid continuation byte""",0.000,
backend.tests.integration.test_instance_selection::test_instance_selection,error,"failed on setup with ""UnicodeDecodeError: 'utf-8' codec can't decode byte 0xcd in position 647: invalid continuation byte""",0.001,
backend.tests.integration.test_interactive_execution::test_pause_for_clarification,error,"failed on setup with ""UnicodeDecodeError: 'utf-8' codec can't decode byte 0xcd in position 647: invalid continuation byte""",0.690,
backend.tests.integration.test_interactive_execution::test_apply_human_correction,error,"failed on setup with ""UnicodeDecodeError: 'utf-8' codec can't decode byte 0xcd in position 647: invalid continuation byte""",0.574,
backend.tests.integration.test_interactive_execution::test_resume_execution,error,"failed on setup with ""UnicodeDecodeError: 'utf-8' codec can't decode byte 0xcd in position 647: invalid continuation byte""",0.637,
backend.tests.integration.test_interactive_execution::test_get_execution_state,error,"failed on setup with ""UnicodeDecodeError: 'utf-8' codec can't decode byte 0xcd in position 647: invalid continuation byte""",0.674,
backend.tests.integration.test_interactive_execution::test_clear_execution_state,error,"failed on setup with ""UnicodeDecodeError: 'utf-8' codec can't decode byte 0xcd in position 647: invalid continuation byte""",0.637,
backend.tests.integration.test_logging_api::test_server_health,error,"failed on setup with ""UnicodeDecodeError: 'utf-8' codec can't decode byte 0xcd in position 647: invalid continuation byte""",0.000,
backend.tests.integration.test_logging_api::test_get_log_levels,error,"failed on setup with ""UnicodeDecodeError: 'utf-8' codec can't decode byte 0xcd in position 647: invalid continuation byte""",0.000,
backend.tests.integration.test_logging_api::test_get_module_level,error,"failed on setup with ""UnicodeDecodeError: 'utf-8' codec can't decode byte 0xcd in position 647: invalid continuation byte""",0.000,
backend.tests.integration.test_logging_api::test_set_module_level,error,"failed on setup with ""UnicodeDecodeError: 'utf-8' codec can't decode byte 0xcd in position 647: invalid continuation byte""",0.000,
backend.tests.integration.test_logging_api::test_get_metrics,error,"failed on setup with ""UnicodeDecodeError: 'utf-8' codec can't decode byte 0xcd in position 647: invalid continuation byte""",0.000,
backend.tests.integration.test_logging_api::test_reset_metrics,error,"failed on setup with ""UnicodeDecodeError: 'utf-8' codec can't decode byte 0xcd in position 647: invalid continuation byte""",0.000,
backend.tests.integration.test_logging_api::test_middleware_request_id,error,"failed on setup with ""UnicodeDecodeError: 'utf-8' codec can't decode byte 0xcd in position 647: invalid continuation byte""",0.000,
backend.tests.integration.test_logging_system::test_basic_logging,error,"failed on setup with ""UnicodeDecodeError: 'utf-8' codec can't decode byte 0xcd in position 647: invalid continuation byte""",0.000,
backend.tests.integration.test_logging_system::test_contextual_logging,error,"failed on setup with ""UnicodeDecodeError: 'utf-8' codec can't decode byte 0xcd in position 647: invalid continuation byte""",0.000,
backend.tests.integration.test_logging_system::test_sensitive_data_filtering,error,"failed on setup with ""UnicodeDecodeError: 'utf-8' codec can't decode byte 0xcd in position 647: invalid continuation byte""",0.000,
backend.tests.integration.test_logging_system::test_log_levels,error,"failed on setup with ""UnicodeDecodeError: 'utf-8' codec can't decode byte 0xcd in position 647: invalid continuation byte""",0.000,
backend.tests.integration.test_logging_system::test_log_metrics,error,"failed on setup with ""UnicodeDecodeError: 'utf-8' codec can't decode byte 0xcd in position 647: invalid continuation byte""",0.001,
backend.tests.integration.test_logging_system::test_file_logging,error,"failed on setup with ""UnicodeDecodeError: 'utf-8' codec can't decode byte 0xcd in position 647: invalid continuation byte""",0.000,
backend.tests.integration.test_logging_system::test_json_format,error,"failed on setup with ""UnicodeDecodeError: 'utf-8' codec can't decode byte 0xcd in position 647: invalid continuation byte""",0.000,
backend.tests.integration.test_logging_system::test_api_endpoints,error,"failed on setup with ""UnicodeDecodeError: 'utf-8' codec can't decode byte 0xcd in position 647: invalid continuation byte""",0.000,
backend.tests.integration.test_logging_system::test_middleware_integration,error,"failed on setup with ""UnicodeDecodeError: 'utf-8' codec can't decode byte 0xcd in position 647: invalid continuation byte""",0.000,
backend.tests.integration.test_migration::test_migration,error,"failed on setup with ""UnicodeDecodeError: 'utf-8' codec can't decode byte 0xcd in position 647: invalid continuation byte""",0.000,
backend.tests.integration.test_migration::test_models,error,"failed on setup with ""UnicodeDecodeError: 'utf-8' codec can't decode byte 0xcd in position 647: invalid continuation byte""",0.000,
backend.tests.integration.test_migration::test_services,error,"failed on setup with ""UnicodeDecodeError: 'utf-8' codec can't decode byte 0xcd in position 647: invalid continuation byte""",0.000,
backend.tests.integration.test_model_benchmark_real::test_benchmark_all_models_planning,error,"failed on setup with ""UnicodeDecodeError: 'utf-8' codec can't decode byte 0xcd in position 647: invalid continuation byte""",0.601,
backend.tests.integration.test_model_benchmark_real::test_benchmark_all_models_code_generation,error,"failed on setup with ""UnicodeDecodeError: 'utf-8' codec can't decode byte 0xcd in position 647: invalid continuation byte""",0.665,
backend.tests.integration.test_model_generation::test_direct_ollama_request,error,"failed on setup with ""UnicodeDecodeError: 'utf-8' codec can't decode byte 0xcd in position 647: invalid continuation byte""",0.000,
backend.tests.integration.test_model_generation::test_ollama_client,error,"failed on setup with ""UnicodeDecodeError: 'utf-8' codec can't decode byte 0xcd in position 647: invalid continuation byte""",0.000,
backend.tests.integration.test_model_generation::test_chat_api,error,"failed on setup with ""UnicodeDecodeError: 'utf-8' codec can't decode byte 0xcd in position 647: invalid continuation byte""",0.000,
backend.tests.integration.test_model_selector::test_get_planning_model,error,"failed on setup with ""UnicodeDecodeError: 'utf-8' codec can't decode byte 0xcd in position 647: invalid continuation byte""",0.607,
backend.tests.integration.test_model_selector::test_get_planning_model_fallback_to_reasoning,error,"failed on setup with ""UnicodeDecodeError: 'utf-8' codec can't decode byte 0xcd in position 647: invalid continuation byte""",0.672,
backend.tests.integration.test_model_selector::test_get_code_model,error,"failed on setup with ""UnicodeDecodeError: 'utf-8' codec can't decode byte 0xcd in position 647: invalid continuation byte""",0.666,
backend.tests.integration.test_model_selector::test_get_code_model_fallback,error,"failed on setup with ""UnicodeDecodeError: 'utf-8' codec can't decode byte 0xcd in position 647: invalid continuation byte""",0.690,
backend.tests.integration.test_model_selector::test_get_model_by_capability,error,"failed on setup with ""UnicodeDecodeError: 'utf-8' codec can't decode byte 0xcd in position 647: invalid continuation byte""",0.728,
backend.tests.integration.test_model_selector::test_get_model_by_capability_not_found,error,"failed on setup with ""UnicodeDecodeError: 'utf-8' codec can't decode byte 0xcd in position 647: invalid continuation byte""",0.693,
backend.tests.integration.test_model_selector::test_get_server_for_model,error,"failed on setup with ""UnicodeDecodeError: 'utf-8' codec can't decode byte 0xcd in position 647: invalid continuation byte""",0.667,
backend.tests.integration.test_model_selector::test_get_planning_model_with_specific_server,error,"failed on setup with ""UnicodeDecodeError: 'utf-8' codec can't decode byte 0xcd in position 647: invalid continuation byte""",0.649,
backend.tests.integration.test_model_selector::test_get_code_model_with_specific_server,error,"failed on setup with ""UnicodeDecodeError: 'utf-8' codec can't decode byte 0xcd in position 647: invalid continuation byte""",0.614,
backend.tests.integration.test_model_selector::test_model_selector_prioritizes_planning_over_reasoning,error,"failed on setup with ""UnicodeDecodeError: 'utf-8' codec can't decode byte 0xcd in position 647: invalid continuation byte""",0.608,
backend.tests.integration.test_new_components::test_request_ranking,error,"failed on setup with ""UnicodeDecodeError: 'utf-8' codec can't decode byte 0xcd in position 647: invalid continuation byte""",0.000,
backend.tests.integration.test_new_components::test_task_queues,error,"failed on setup with ""UnicodeDecodeError: 'utf-8' codec can't decode byte 0xcd in position 647: invalid continuation byte""",0.000,
backend.tests.integration.test_new_components::test_checkpoints,error,"failed on setup with ""UnicodeDecodeError: 'utf-8' codec can't decode byte 0xcd in position 647: invalid continuation byte""",0.000,
backend.tests.integration.test_new_features::test_models_api,error,"failed on setup with ""UnicodeDecodeError: 'utf-8' codec can't decode byte 0xcd in position 647: invalid continuation byte""",0.000,
backend.tests.integration.test_new_features::test_chat_session,error,"failed on setup with ""UnicodeDecodeError: 'utf-8' codec can't decode byte 0xcd in position 647: invalid continuation byte""",0.000,
backend.tests.integration.test_ollama_connection::test_direct_connection,error,"failed on setup with ""UnicodeDecodeError: 'utf-8' codec can't decode byte 0xcd in position 647: invalid continuation byte""",0.000,
backend.tests.integration.test_ollama_connection::test_health_check,error,"failed on setup with ""UnicodeDecodeError: 'utf-8' codec can't decode byte 0xcd in position 647: invalid continuation byte""",0.000,
backend.tests.integration.test_ollama_connection::test_ollama_client_methods,error,"failed on setup with ""UnicodeDecodeError: 'utf-8' codec can't decode byte 0xcd in position 647: invalid continuation byte""",0.000,
backend.tests.integration.test_ollama_connection::test_generate_endpoint,error,"failed on setup with ""UnicodeDecodeError: 'utf-8' codec can't decode byte 0xcd in position 647: invalid continuation byte""",0.000,
backend.tests.integration.test_ollama_integration::test_ollama,error,"failed on setup with ""UnicodeDecodeError: 'utf-8' codec can't decode byte 0xcd in position 647: invalid continuation byte""",0.000,
backend.tests.integration.test_orchestrator_integration::test_orchestrator_full_workflow_simple_question,error,"failed on setup with ""UnicodeDecodeError: 'utf-8' codec can't decode byte 0xcd in position 647: invalid continuation byte""",0.642,
backend.tests.integration.test_orchestrator_integration::test_orchestrator_error_handling,error,"failed on setup with ""UnicodeDecodeError: 'utf-8' codec can't decode byte 0xcd in position 647: invalid continuation byte""",0.625,
backend.tests.integration.test_phase3_full_integration::test_level1_basic_context_creation,error,"failed on setup with ""UnicodeDecodeError: 'utf-8' codec can't decode byte 0xcd in position 647: invalid continuation byte""",0.002,
backend.tests.integration.test_phase3_full_integration::test_level2_service_registry_with_context,error,"failed on setup with ""UnicodeDecodeError: 'utf-8' codec can't decode byte 0xcd in position 647: invalid continuation byte""",0.014,
backend.tests.integration.test_phase3_full_integration::test_level3_memory_service_real_operations,error,"failed on setup with ""UnicodeDecodeError: 'utf-8' codec can't decode byte 0xcd in position 647: invalid continuation byte""",0.007,
backend.tests.integration.test_phase3_full_integration::test_level4_reflection_service_real_llm,error,"failed on setup with ""UnicodeDecodeError: 'utf-8' codec can't decode byte 0xcd in position 647: invalid continuation byte""",0.007,
backend.tests.integration.test_phase3_full_integration::test_level5_meta_learning_real_analysis,error,"failed on setup with ""UnicodeDecodeError: 'utf-8' codec can't decode byte 0xcd in position 647: invalid continuation byte""",0.003,
backend.tests.integration.test_phase3_full_integration::test_level6_full_workflow_with_orchestrator,error,"failed on setup with ""UnicodeDecodeError: 'utf-8' codec can't decode byte 0xcd in position 647: invalid continuation byte""",0.009,
backend.tests.integration.test_phase3_full_integration::test_level7_complex_task_with_all_services,error,"failed on setup with ""UnicodeDecodeError: 'utf-8' codec can't decode byte 0xcd in position 647: invalid continuation byte""",0.008,
backend.tests.integration.test_phase3_full_integration::test_level8_error_recovery_with_reflection,error,"failed on setup with ""UnicodeDecodeError: 'utf-8' codec can't decode byte 0xcd in position 647: invalid continuation byte""",0.006,
backend.tests.integration.test_phase3_full_integration::test_level9_end_to_end_complex_scenario,error,"failed on setup with ""UnicodeDecodeError: 'utf-8' codec can't decode byte 0xcd in position 647: invalid continuation byte""",0.007,
backend.tests.integration.test_phase3_full_integration::test_level10_prompt_metrics_tracking,error,"failed on setup with ""UnicodeDecodeError: 'utf-8' codec can't decode byte 0xcd in position 647: invalid continuation byte""",0.013,
backend.tests.integration.test_phase3_orchestrator_integration.TestMemoryServiceIntegration::test_information_query_uses_memory_service,error,"failed on setup with ""UnicodeDecodeError: 'utf-8' codec can't decode byte 0xcd in position 647: invalid continuation byte""",0.020,
backend.tests.integration.test_phase3_orchestrator_integration.TestReflectionServiceIntegration::test_complex_task_uses_reflection_service,error,"failed on setup with ""UnicodeDecodeError: 'utf-8' codec can't decode byte 0xcd in position 647: invalid continuation byte""",0.007,
backend.tests.integration.test_phase3_orchestrator_integration.TestMetaLearningServiceIntegration::test_complex_task_uses_meta_learning_service,error,"failed on setup with ""UnicodeDecodeError: 'utf-8' codec can't decode byte 0xcd in position 647: invalid continuation byte""",0.006,
backend.tests.integration.test_phase3_orchestrator_integration.TestFullIntegration::test_full_workflow_with_all_services,error,"failed on setup with ""UnicodeDecodeError: 'utf-8' codec can't decode byte 0xcd in position 647: invalid continuation byte""",0.006,
backend.tests.integration.test_phase4_integration.TestWorkflowEngineIntegration::test_workflow_engine_initialization_in_orchestrator,error,"failed on setup with ""UnicodeDecodeError: 'utf-8' codec can't decode byte 0xcd in position 647: invalid continuation byte""",0.002,
backend.tests.integration.test_phase4_integration.TestWorkflowEngineIntegration::test_workflow_state_transitions_in_code_generation,error,"failed on setup with ""UnicodeDecodeError: 'utf-8' codec can't decode byte 0xcd in position 647: invalid continuation byte""",0.006,
backend.tests.integration.test_phase4_integration.TestErrorHandlingIntegration::test_fallback_to_simple_question_on_error,error,"failed on setup with ""UnicodeDecodeError: 'utf-8' codec can't decode byte 0xcd in position 647: invalid continuation byte""",0.002,
backend.tests.integration.test_phase4_integration.TestErrorHandlingIntegration::test_replanning_on_error,error,"failed on setup with ""UnicodeDecodeError: 'utf-8' codec can't decode byte 0xcd in position 647: invalid continuation byte""",0.006,
backend.tests.integration.test_phase4_integration.TestAdaptiveApprovalIntegration::test_adaptive_approval_low_risk,error,"failed on setup with ""UnicodeDecodeError: 'utf-8' codec can't decode byte 0xcd in position 647: invalid continuation byte""",0.011,
backend.tests.integration.test_phase4_integration.TestAdaptiveApprovalIntegration::test_adaptive_approval_high_risk,error,"failed on setup with ""UnicodeDecodeError: 'utf-8' codec can't decode byte 0xcd in position 647: invalid continuation byte""",0.007,
backend.tests.integration.test_phase4_integration.TestPhase4EndToEnd::test_full_workflow_with_workflow_engine,error,"failed on setup with ""UnicodeDecodeError: 'utf-8' codec can't decode byte 0xcd in position 647: invalid continuation byte""",0.012,
backend.tests.integration.test_phase5_e2e_workflows.TestE2ESimpleWorkflows::test_e2e_simple_question_to_answer,error,"failed on setup with ""UnicodeDecodeError: 'utf-8' codec can't decode byte 0xcd in position 647: invalid continuation byte""",0.012,
backend.tests.integration.test_phase5_e2e_workflows.TestE2EInformationQueryWorkflows::test_e2e_information_query_with_memory,error,"failed on setup with ""UnicodeDecodeError: 'utf-8' codec can't decode byte 0xcd in position 647: invalid continuation byte""",0.007,
backend.tests.integration.test_phase5_e2e_workflows.TestE2ECodeGenerationWorkflows::test_e2e_code_generation_full_workflow,error,"failed on setup with ""UnicodeDecodeError: 'utf-8' codec can't decode byte 0xcd in position 647: invalid continuation byte""",0.007,
backend.tests.integration.test_phase5_e2e_workflows.TestE2EComplexTaskWorkflows::test_e2e_complex_task_with_reflection_and_meta_learning,error,"failed on setup with ""UnicodeDecodeError: 'utf-8' codec can't decode byte 0xcd in position 647: invalid continuation byte""",0.007,
backend.tests.integration.test_phase5_e2e_workflows.TestE2EErrorHandlingWorkflows::test_e2e_error_handling_with_replanning,error,"failed on setup with ""UnicodeDecodeError: 'utf-8' codec can't decode byte 0xcd in position 647: invalid continuation byte""",0.007,
backend.tests.integration.test_phase5_e2e_workflows.TestE2EApprovalWorkflows::test_e2e_workflow_with_approval,error,"failed on setup with ""UnicodeDecodeError: 'utf-8' codec can't decode byte 0xcd in position 647: invalid continuation byte""",0.008,
backend.tests.integration.test_phase5_e2e_workflows.TestE2EFullIntegrationWorkflow::test_e2e_full_integration_all_components,error,"failed on setup with ""UnicodeDecodeError: 'utf-8' codec can't decode byte 0xcd in position 647: invalid continuation byte""",0.007,
backend.tests.integration.test_phase6_api_consistency::test_create_plan_api_backward_compatibility,error,"failed on setup with ""UnicodeDecodeError: 'utf-8' codec can't decode byte 0xcd in position 647: invalid continuation byte""",0.007,
backend.tests.integration.test_phase6_api_consistency::test_create_plan_api_with_context,error,"failed on setup with ""UnicodeDecodeError: 'utf-8' codec can't decode byte 0xcd in position 647: invalid continuation byte""",0.008,
backend.tests.integration.test_phase6_api_consistency::test_list_plans_api,error,"failed on setup with ""UnicodeDecodeError: 'utf-8' codec can't decode byte 0xcd in position 647: invalid continuation byte""",0.001,
backend.tests.integration.test_phase6_api_consistency::test_get_plan_api,error,"failed on setup with ""UnicodeDecodeError: 'utf-8' codec can't decode byte 0xcd in position 647: invalid continuation byte""",0.009,
backend.tests.integration.test_phase6_api_consistency::test_replan_api,error,"failed on setup with ""UnicodeDecodeError: 'utf-8' codec can't decode byte 0xcd in position 647: invalid continuation byte""",0.007,
backend.tests.integration.test_phase6_consistency::test_api_endpoint_backward_compatibility,error,"failed on setup with ""UnicodeDecodeError: 'utf-8' codec can't decode byte 0xcd in position 647: invalid continuation byte""",0.009,
backend.tests.integration.test_phase6_consistency::test_api_endpoint_with_new_parameters,error,"failed on setup with ""UnicodeDecodeError: 'utf-8' codec can't decode byte 0xcd in position 647: invalid continuation byte""",0.009,
backend.tests.integration.test_phase6_consistency::test_execution_service_integration,error,"failed on setup with ""UnicodeDecodeError: 'utf-8' codec can't decode byte 0xcd in position 647: invalid continuation byte""",0.009,
backend.tests.integration.test_phase6_consistency::test_decision_pipeline_integration,error,"failed on setup with ""UnicodeDecodeError: 'utf-8' codec can't decode byte 0xcd in position 647: invalid continuation byte""",0.009,
backend.tests.integration.test_phase6_consistency::test_replan_backward_compatibility,error,"failed on setup with ""UnicodeDecodeError: 'utf-8' codec can't decode byte 0xcd in position 647: invalid continuation byte""",0.009,
backend.tests.integration.test_phase6_consistency::test_plan_evaluation_service_integration,error,"failed on setup with ""UnicodeDecodeError: 'utf-8' codec can't decode byte 0xcd in position 647: invalid continuation byte""",0.008,
backend.tests.integration.test_phase6_consistency::test_plan_metadata_consistency,error,"failed on setup with ""UnicodeDecodeError: 'utf-8' codec can't decode byte 0xcd in position 647: invalid continuation byte""",0.009,
backend.tests.integration.test_phase6_consistency::test_context_passing_consistency,error,"failed on setup with ""UnicodeDecodeError: 'utf-8' codec can't decode byte 0xcd in position 647: invalid continuation byte""",0.008,
backend.tests.integration.test_phase6_consistency::test_custom_evaluation_weights_consistency,error,"failed on setup with ""UnicodeDecodeError: 'utf-8' codec can't decode byte 0xcd in position 647: invalid continuation byte""",0.016,
backend.tests.integration.test_phase6_consistency::test_alternative_plans_method_consistency,error,"failed on setup with ""UnicodeDecodeError: 'utf-8' codec can't decode byte 0xcd in position 647: invalid continuation byte""",0.010,
backend.tests.integration.test_plan_approval_integration::test_plan_approval_integration,error,"failed on setup with ""UnicodeDecodeError: 'utf-8' codec can't decode byte 0xcd in position 647: invalid continuation byte""",0.001,
backend.tests.integration.test_plan_memory_integration::test_save_todo_to_working_memory,error,"failed on setup with ""UnicodeDecodeError: 'utf-8' codec can't decode byte 0xcd in position 647: invalid continuation byte""",0.614,
backend.tests.integration.test_plan_memory_integration::test_save_plan_to_episodic_memory,error,"failed on setup with ""UnicodeDecodeError: 'utf-8' codec can't decode byte 0xcd in position 647: invalid continuation byte""",0.614,
backend.tests.integration.test_plan_memory_integration::test_apply_procedural_memory_patterns,error,"failed on setup with ""UnicodeDecodeError: 'utf-8' codec can't decode byte 0xcd in position 647: invalid continuation byte""",0.669,
backend.tests.integration.test_plan_memory_integration::test_plan_creation_saves_to_memory,error,"failed on setup with ""UnicodeDecodeError: 'utf-8' codec can't decode byte 0xcd in position 647: invalid continuation byte""",0.674,
backend.tests.integration.test_plan_visualization.TestPlanVisualizationIntegration::test_tree_api_with_hierarchical_plan,error,"failed on setup with ""UnicodeDecodeError: 'utf-8' codec can't decode byte 0xcd in position 647: invalid continuation byte""",0.015,
backend.tests.integration.test_plan_visualization.TestPlanVisualizationIntegration::test_tree_service_with_plan_steps,error,"failed on setup with ""UnicodeDecodeError: 'utf-8' codec can't decode byte 0xcd in position 647: invalid continuation byte""",0.012,
backend.tests.integration.test_plan_visualization.TestPlanVisualizationIntegration::test_tree_api_includes_plan_metadata,error,"failed on setup with ""UnicodeDecodeError: 'utf-8' codec can't decode byte 0xcd in position 647: invalid continuation byte""",0.011,
backend.tests.integration.test_plan_visualization.TestPlanVisualizationIntegration::test_tree_api_metadata_parameter,error,"failed on setup with ""UnicodeDecodeError: 'utf-8' codec can't decode byte 0xcd in position 647: invalid continuation byte""",0.012,
backend.tests.integration.test_planning_api_simple::test_health,error,"failed on setup with ""UnicodeDecodeError: 'utf-8' codec can't decode byte 0xcd in position 647: invalid continuation byte""",0.000,
backend.tests.integration.test_planning_api_simple::test_list_plans,error,"failed on setup with ""UnicodeDecodeError: 'utf-8' codec can't decode byte 0xcd in position 647: invalid continuation byte""",0.000,
backend.tests.integration.test_planning_api_simple::test_get_plan,error,"failed on setup with ""UnicodeDecodeError: 'utf-8' codec can't decode byte 0xcd in position 647: invalid continuation byte""",0.000,
backend.tests.integration.test_planning_api_simple::test_get_plan_status,error,"failed on setup with ""UnicodeDecodeError: 'utf-8' codec can't decode byte 0xcd in position 647: invalid continuation byte""",0.000,
backend.tests.integration.test_planning_api_simple::test_filter_plans,error,"failed on setup with ""UnicodeDecodeError: 'utf-8' codec can't decode byte 0xcd in position 647: invalid continuation byte""",0.000,
backend.tests.integration.test_planning_digital_twin.Test1SimpleTaskPlanning::test_create_simple_task_and_plan,error,"failed on setup with ""UnicodeDecodeError: 'utf-8' codec can't decode byte 0xcd in position 647: invalid continuation byte""",0.002,
backend.tests.integration.test_planning_digital_twin.Test2DigitalTwinContext::test_digital_twin_context_creation,error,"failed on setup with ""UnicodeDecodeError: 'utf-8' codec can't decode byte 0xcd in position 647: invalid continuation byte""",0.002,
backend.tests.integration.test_planning_digital_twin.Test3ContextReuse::test_planning_with_previous_context,error,"failed on setup with ""UnicodeDecodeError: 'utf-8' codec can't decode byte 0xcd in position 647: invalid continuation byte""",0.002,
backend.tests.integration.test_planning_digital_twin.Test4ComplexTask::test_complex_task_planning,error,"failed on setup with ""UnicodeDecodeError: 'utf-8' codec can't decode byte 0xcd in position 647: invalid continuation byte""",0.002,
backend.tests.integration.test_planning_digital_twin.Test5ReplanningWithErrors::test_replanning_with_execution_errors,error,"failed on setup with ""UnicodeDecodeError: 'utf-8' codec can't decode byte 0xcd in position 647: invalid continuation byte""",0.002,
backend.tests.integration.test_planning_metrics::test_calculate_plan_quality_score,error,"failed on setup with ""UnicodeDecodeError: 'utf-8' codec can't decode byte 0xcd in position 647: invalid continuation byte""",0.678,
backend.tests.integration.test_planning_metrics::test_calculate_plan_quality_score_optimal_steps,error,"failed on setup with ""UnicodeDecodeError: 'utf-8' codec can't decode byte 0xcd in position 647: invalid continuation byte""",0.701,
backend.tests.integration.test_planning_metrics::test_track_plan_execution_success,error,"failed on setup with ""UnicodeDecodeError: 'utf-8' codec can't decode byte 0xcd in position 647: invalid continuation byte""",0.695,
backend.tests.integration.test_planning_metrics::test_track_plan_execution_failure,error,"failed on setup with ""UnicodeDecodeError: 'utf-8' codec can't decode byte 0xcd in position 647: invalid continuation byte""",0.766,
backend.tests.integration.test_planning_metrics::test_get_planning_statistics,error,"failed on setup with ""UnicodeDecodeError: 'utf-8' codec can't decode byte 0xcd in position 647: invalid continuation byte""",0.678,
backend.tests.integration.test_planning_metrics::test_get_plan_quality_breakdown,error,"failed on setup with ""UnicodeDecodeError: 'utf-8' codec can't decode byte 0xcd in position 647: invalid continuation byte""",0.667,
backend.tests.integration.test_planning_metrics::test_get_plan_quality_breakdown_with_execution,error,"failed on setup with ""UnicodeDecodeError: 'utf-8' codec can't decode byte 0xcd in position 647: invalid continuation byte""",0.741,
backend.tests.integration.test_planning_system_complete.TestPlanningSystemComplete::test_error_detection_and_auto_replan,error,"failed on setup with ""UnicodeDecodeError: 'utf-8' codec can't decode byte 0xcd in position 647: invalid continuation byte""",0.000,
backend.tests.integration.test_planning_system_complete.TestPlanningSystemComplete::test_plan_visualization_with_tree,error,"failed on setup with ""UnicodeDecodeError: 'utf-8' codec can't decode byte 0xcd in position 647: invalid continuation byte""",0.015,
backend.tests.integration.test_planning_system_complete.TestPlanningSystemComplete::test_complete_workflow,error,"failed on setup with ""UnicodeDecodeError: 'utf-8' codec can't decode byte 0xcd in position 647: invalid continuation byte""",0.001,
backend.tests.integration.test_planning_with_dialogs::test_planning_simple_task_no_dialog,error,"failed on setup with ""UnicodeDecodeError: 'utf-8' codec can't decode byte 0xcd in position 647: invalid continuation byte""",0.704,
backend.tests.integration.test_planning_with_dialogs::test_planning_complex_task_with_dialog,error,"failed on setup with ""UnicodeDecodeError: 'utf-8' codec can't decode byte 0xcd in position 647: invalid continuation byte""",0.717,
backend.tests.integration.test_planning_with_dialogs::test_planning_with_explicit_dialog_requirement,error,"failed on setup with ""UnicodeDecodeError: 'utf-8' codec can't decode byte 0xcd in position 647: invalid continuation byte""",0.631,
backend.tests.integration.test_planning_with_dialogs::test_dialog_context_in_plan,error,"failed on setup with ""UnicodeDecodeError: 'utf-8' codec can't decode byte 0xcd in position 647: invalid continuation byte""",0.601,
backend.tests.integration.test_planning_with_dialogs_real_llm::test_planning_complex_task_with_real_dialog_llm,error,"failed on setup with ""UnicodeDecodeError: 'utf-8' codec can't decode byte 0xcd in position 647: invalid continuation byte""",0.603,
backend.tests.integration.test_planning_with_prompts.TestPlanningWithPrompts::test_planning_service_uses_prompts_from_db,error,"failed on setup with ""UnicodeDecodeError: 'utf-8' codec can't decode byte 0xcd in position 647: invalid continuation byte""",0.175,
backend.tests.integration.test_planning_with_prompts.TestPlanningWithPrompts::test_planning_service_fallback_to_default,error,"failed on setup with ""UnicodeDecodeError: 'utf-8' codec can't decode byte 0xcd in position 647: invalid continuation byte""",0.650,
backend.tests.integration.test_planning_with_prompts.TestPlanningWithPrompts::test_prompt_usage_tracking,error,"failed on setup with ""UnicodeDecodeError: 'utf-8' codec can't decode byte 0xcd in position 647: invalid continuation byte""",0.571,
backend.tests.integration.test_project_metrics_integration::test_planning_service_collects_metrics,error,"failed on setup with ""UnicodeDecodeError: 'utf-8' codec can't decode byte 0xcd in position 647: invalid continuation byte""",0.524,
backend.tests.integration.test_project_metrics_integration::test_execution_service_collects_metrics,error,"failed on setup with ""UnicodeDecodeError: 'utf-8' codec can't decode byte 0xcd in position 647: invalid continuation byte""",0.082,
backend.tests.integration.test_project_metrics_integration::test_prompt_service_collects_metrics,error,"failed on setup with ""UnicodeDecodeError: 'utf-8' codec can't decode byte 0xcd in position 647: invalid continuation byte""",0.065,
backend.tests.integration.test_project_metrics_integration::test_prompt_service_collects_success_metrics,error,"failed on setup with ""UnicodeDecodeError: 'utf-8' codec can't decode byte 0xcd in position 647: invalid continuation byte""",0.067,
backend.tests.integration.test_project_metrics_integration::test_metrics_aggregation_by_period,error,"failed on setup with ""UnicodeDecodeError: 'utf-8' codec can't decode byte 0xcd in position 647: invalid continuation byte""",0.190,
backend.tests.integration.test_prompt_ab_testing::test_get_prompt_with_ab_testing_no_testing_version,error,"failed on setup with ""UnicodeDecodeError: 'utf-8' codec can't decode byte 0xcd in position 647: invalid continuation byte""",0.597,
backend.tests.integration.test_prompt_ab_testing::test_get_prompt_with_ab_testing_with_testing_version,error,"failed on setup with ""UnicodeDecodeError: 'utf-8' codec can't decode byte 0xcd in position 647: invalid continuation byte""",0.638,
backend.tests.integration.test_prompt_auto_improvement::test_analyze_and_improve_prompts_low_success_rate,error,"failed on setup with ""UnicodeDecodeError: 'utf-8' codec can't decode byte 0xcd in position 647: invalid continuation byte""",0.665,
backend.tests.integration.test_prompt_create::test,error,"failed on setup with ""UnicodeDecodeError: 'utf-8' codec can't decode byte 0xcd in position 647: invalid continuation byte""",0.000,
backend.tests.integration.test_prompt_improvement_cycle.TestPromptImprovementCycle::test_complete_improvement_cycle,error,"failed on setup with ""UnicodeDecodeError: 'utf-8' codec can't decode byte 0xcd in position 647: invalid continuation byte""",0.211,
backend.tests.integration.test_prompt_improvement_cycle.TestPromptImprovementCycle::test_auto_improvement_trigger,error,"failed on setup with ""UnicodeDecodeError: 'utf-8' codec can't decode byte 0xcd in position 647: invalid continuation byte""",0.654,
backend.tests.integration.test_prompt_manager_integration::test_prompt_manager_with_real_prompt_service,error,"failed on setup with ""UnicodeDecodeError: 'utf-8' codec can't decode byte 0xcd in position 647: invalid continuation byte""",0.522,
backend.tests.integration.test_prompt_manager_integration::test_record_prompt_usage_integration,error,"failed on setup with ""UnicodeDecodeError: 'utf-8' codec can't decode byte 0xcd in position 647: invalid continuation byte""",0.653,
backend.tests.integration.test_prompt_service_integration.TestPromptServiceIntegration::test_full_lifecycle,error,"failed on setup with ""UnicodeDecodeError: 'utf-8' codec can't decode byte 0xcd in position 647: invalid continuation byte""",0.285,
backend.tests.integration.test_prompt_service_integration.TestPromptServiceIntegration::test_version_chain,error,"failed on setup with ""UnicodeDecodeError: 'utf-8' codec can't decode byte 0xcd in position 647: invalid continuation byte""",0.605,
backend.tests.integration.test_prompt_service_integration.TestPromptServiceIntegration::test_filtering_and_search,error,"failed on setup with ""UnicodeDecodeError: 'utf-8' codec can't decode byte 0xcd in position 647: invalid continuation byte""",0.597,
backend.tests.integration.test_prompt_service_integration.TestPromptServiceIntegration::test_active_prompt_selection,error,"failed on setup with ""UnicodeDecodeError: 'utf-8' codec can't decode byte 0xcd in position 647: invalid continuation byte""",0.644,
backend.tests.integration.test_prompt_service_integration.TestPromptServiceIntegration::test_concurrent_versions,error,"failed on setup with ""UnicodeDecodeError: 'utf-8' codec can't decode byte 0xcd in position 647: invalid continuation byte""",0.564,
backend.tests.integration.test_real_llm_full_workflow::test_real_llm_full_workflow_with_errors,error,"failed on setup with ""UnicodeDecodeError: 'utf-8' codec can't decode byte 0xcd in position 647: invalid continuation byte""",0.564,
backend.tests.integration.test_real_llm_full_workflow::test_real_llm_error_detection,error,"failed on setup with ""UnicodeDecodeError: 'utf-8' codec can't decode byte 0xcd in position 647: invalid continuation byte""",0.660,
backend.tests.integration.test_real_modules_interaction::test_real_modules_interaction_full_workflow,error,"failed on setup with ""UnicodeDecodeError: 'utf-8' codec can't decode byte 0xcd in position 647: invalid continuation byte""",0.694,
backend.tests.integration.test_task_lifecycle::test_task_status_enum,error,"failed on setup with ""UnicodeDecodeError: 'utf-8' codec can't decode byte 0xcd in position 647: invalid continuation byte""",0.000,
backend.tests.integration.test_task_lifecycle::test_task_with_new_fields,error,"failed on setup with ""UnicodeDecodeError: 'utf-8' codec can't decode byte 0xcd in position 647: invalid continuation byte""",0.593,
backend.tests.integration.test_task_lifecycle::test_task_approval_workflow,error,"failed on setup with ""UnicodeDecodeError: 'utf-8' codec can't decode byte 0xcd in position 647: invalid continuation byte""",0.666,
backend.tests.integration.test_task_lifecycle::test_task_autonomy_levels,error,"failed on setup with ""UnicodeDecodeError: 'utf-8' codec can't decode byte 0xcd in position 647: invalid continuation byte""",0.669,
backend.tests.integration.test_task_lifecycle::test_task_on_hold_status,error,"failed on setup with ""UnicodeDecodeError: 'utf-8' codec can't decode byte 0xcd in position 647: invalid continuation byte""",0.643,
backend.tests.integration.test_task_lifecycle::test_task_cancelled_status,error,"failed on setup with ""UnicodeDecodeError: 'utf-8' codec can't decode byte 0xcd in position 647: invalid continuation byte""",0.747,
backend.tests.integration.test_tracing::test_tracing,error,"failed on setup with ""UnicodeDecodeError: 'utf-8' codec can't decode byte 0xcd in position 647: invalid continuation byte""",0.000,
backend.tests.integration.test_vector_search::test_vector_search_integration,error,"failed on setup with ""UnicodeDecodeError: 'utf-8' codec can't decode byte 0xcd in position 647: invalid continuation byte""",0.070,
backend.tests.integration.test_vector_search::test_embedding_generation_and_storage,error,"failed on setup with ""UnicodeDecodeError: 'utf-8' codec can't decode byte 0xcd in position 647: invalid continuation byte""",0.068,
backend.tests.integration.test_vector_search::test_embedding_service_integration,error,"failed on setup with ""UnicodeDecodeError: 'utf-8' codec can't decode byte 0xcd in position 647: invalid continuation byte""",0.052,
backend.tests.integration.test_vector_search_complete::test_complete_vector_search_workflow,error,"failed on setup with ""UnicodeDecodeError: 'utf-8' codec can't decode byte 0xcd in position 647: invalid continuation byte""",0.061,
backend.tests.integration.test_vector_search_complete::test_vector_search_similarity_ranking,error,"failed on setup with ""UnicodeDecodeError: 'utf-8' codec can't decode byte 0xcd in position 647: invalid continuation byte""",0.068,
backend.tests.integration.test_vector_search_complete::test_combined_text_and_vector_search,error,"failed on setup with ""UnicodeDecodeError: 'utf-8' codec can't decode byte 0xcd in position 647: invalid continuation byte""",0.067,
backend.tests.integration.test_vector_search_complete::test_embedding_service_cache,error,"failed on setup with ""UnicodeDecodeError: 'utf-8' codec can't decode byte 0xcd in position 647: invalid continuation byte""",0.060,
backend.tests.integration.test_vector_search_complete::test_embedding_generation_error_handling,error,"failed on setup with ""UnicodeDecodeError: 'utf-8' codec can't decode byte 0xcd in position 647: invalid continuation byte""",0.081,
backend.tests.integration.test_workflow_engine.TestWorkflowEngineBasic::test_initialization,error,"failed on setup with ""UnicodeDecodeError: 'utf-8' codec can't decode byte 0xcd in position 647: invalid continuation byte""",0.001,
backend.tests.integration.test_workflow_engine.TestWorkflowEngineBasic::test_transition_to_parsing,error,"failed on setup with ""UnicodeDecodeError: 'utf-8' codec can't decode byte 0xcd in position 647: invalid continuation byte""",0.001,
backend.tests.integration.test_workflow_engine.TestWorkflowEngineBasic::test_transition_to_planning,error,"failed on setup with ""UnicodeDecodeError: 'utf-8' codec can't decode byte 0xcd in position 647: invalid continuation byte""",0.001,
backend.tests.integration.test_workflow_engine.TestWorkflowEngineBasic::test_invalid_transition,error,"failed on setup with ""UnicodeDecodeError: 'utf-8' codec can't decode byte 0xcd in position 647: invalid continuation byte""",0.001,
backend.tests.integration.test_workflow_engine.TestWorkflowEngineBasic::test_forced_transition,error,"failed on setup with ""UnicodeDecodeError: 'utf-8' codec can't decode byte 0xcd in position 647: invalid continuation byte""",0.001,
backend.tests.integration.test_workflow_engine.TestWorkflowEngineBasic::test_transition_history,error,"failed on setup with ""UnicodeDecodeError: 'utf-8' codec can't decode byte 0xcd in position 647: invalid continuation byte""",0.001,
backend.tests.integration.test_workflow_engine.TestWorkflowEngineStateManagement::test_pause_and_resume,error,"failed on setup with ""UnicodeDecodeError: 'utf-8' codec can't decode byte 0xcd in position 647: invalid continuation byte""",0.001,
backend.tests.integration.test_workflow_engine.TestWorkflowEngineStateManagement::test_pause_from_wrong_state,error,"failed on setup with ""UnicodeDecodeError: 'utf-8' codec can't decode byte 0xcd in position 647: invalid continuation byte""",0.001,
backend.tests.integration.test_workflow_engine.TestWorkflowEngineStateManagement::test_cancel,error,"failed on setup with ""UnicodeDecodeError: 'utf-8' codec can't decode byte 0xcd in position 647: invalid continuation byte""",0.001,
backend.tests.integration.test_workflow_engine.TestWorkflowEngineStateManagement::test_cancel_from_completed,error,"failed on setup with ""UnicodeDecodeError: 'utf-8' codec can't decode byte 0xcd in position 647: invalid continuation byte""",0.001,
backend.tests.integration.test_workflow_engine.TestWorkflowEngineStateManagement::test_mark_completed,error,"failed on setup with ""UnicodeDecodeError: 'utf-8' codec can't decode byte 0xcd in position 647: invalid continuation byte""",0.001,
backend.tests.integration.test_workflow_engine.TestWorkflowEngineStateManagement::test_mark_failed,error,"failed on setup with ""UnicodeDecodeError: 'utf-8' codec can't decode byte 0xcd in position 647: invalid continuation byte""",0.001,
backend.tests.integration.test_workflow_engine.TestWorkflowEngineStateManagement::test_retry_after_failure,error,"failed on setup with ""UnicodeDecodeError: 'utf-8' codec can't decode byte 0xcd in position 647: invalid continuation byte""",0.001,
backend.tests.integration.test_workflow_engine.TestWorkflowEngineStateManagement::test_retry_from_wrong_state,error,"failed on setup with ""UnicodeDecodeError: 'utf-8' codec can't decode byte 0xcd in position 647: invalid continuation byte""",0.001,
backend.tests.integration.test_workflow_engine.TestWorkflowEngineApprovalFlow::test_approval_pending_flow,error,"failed on setup with ""UnicodeDecodeError: 'utf-8' codec can't decode byte 0xcd in position 647: invalid continuation byte""",0.001,
backend.tests.integration.test_workflow_engine.TestWorkflowEngineApprovalFlow::test_approval_to_execution,error,"failed on setup with ""UnicodeDecodeError: 'utf-8' codec can't decode byte 0xcd in position 647: invalid continuation byte""",0.001,
backend.tests.integration.test_workflow_engine.TestWorkflowEngineStateInfo::test_get_state_info,error,"failed on setup with ""UnicodeDecodeError: 'utf-8' codec can't decode byte 0xcd in position 647: invalid continuation byte""",0.001,
backend.tests.integration.test_workflow_engine.TestWorkflowEngineStateInfo::test_can_transition_to,error,"failed on setup with ""UnicodeDecodeError: 'utf-8' codec can't decode byte 0xcd in position 647: invalid continuation byte""",0.001,
backend.tests.integration.test_workflow_engine.TestWorkflowEngineFullFlow::test_complete_workflow_success,error,"failed on setup with ""UnicodeDecodeError: 'utf-8' codec can't decode byte 0xcd in position 647: invalid continuation byte""",0.001,
backend.tests.integration.test_workflow_engine.TestWorkflowEngineFullFlow::test_workflow_with_approval,error,"failed on setup with ""UnicodeDecodeError: 'utf-8' codec can't decode byte 0xcd in position 647: invalid continuation byte""",0.001,
backend.tests.integration.test_workflow_engine.TestWorkflowEngineFullFlow::test_workflow_with_failure_and_retry,error,"failed on setup with ""UnicodeDecodeError: 'utf-8' codec can't decode byte 0xcd in position 647: invalid continuation byte""",0.001,
backend.tests.planning.test_plan_lifecycle::test_plan_lifecycle_validate_transition,error,"failed on setup with ""UnicodeDecodeError: 'utf-8' codec can't decode byte 0xcd in position 647: invalid continuation byte""",0.000,
backend.tests.planning.test_plan_lifecycle::test_execute_requires_approved,error,"failed on setup with ""UnicodeDecodeError: 'utf-8' codec can't decode byte 0xcd in position 647: invalid continuation byte""",0.808,
backend.tests.scripts.test_branching::test_branching_visualization,error,"failed on setup with ""UnicodeDecodeError: 'utf-8' codec can't decode byte 0xcd in position 647: invalid continuation byte""",0.000,
backend.tests.scripts.test_branching_endpoints::test_endpoints,error,"failed on setup with ""UnicodeDecodeError: 'utf-8' codec can't decode byte 0xcd in position 647: invalid continuation byte""",0.000,
backend.tests.scripts.test_planning_step_by_step::test_1_simple_task,error,"failed on setup with ""UnicodeDecodeError: 'utf-8' codec can't decode byte 0xcd in position 647: invalid continuation byte""",0.000,
backend.tests.scripts.test_planning_step_by_step::test_2_check_digital_twin,error,"failed on setup with ""UnicodeDecodeError: 'utf-8' codec can't decode byte 0xcd in position 647: invalid continuation byte""",0.000,
backend.tests.scripts.test_planning_step_by_step::test_3_with_artifacts,error,"failed on setup with ""UnicodeDecodeError: 'utf-8' codec can't decode byte 0xcd in position 647: invalid continuation byte""",0.000,
backend.tests.scripts.test_planning_step_by_step::test_4_complex_task,error,"failed on setup with ""UnicodeDecodeError: 'utf-8' codec can't decode byte 0xcd in position 647: invalid continuation byte""",0.000,
backend.tests.scripts.test_planning_step_by_step::test_5_error_recovery,error,"failed on setup with ""UnicodeDecodeError: 'utf-8' codec can't decode byte 0xcd in position 647: invalid continuation byte""",0.001,
backend.tests.scripts.test_real_integration_chat::test_real_chat_integration,error,"failed on setup with ""UnicodeDecodeError: 'utf-8' codec can't decode byte 0xcd in position 647: invalid continuation byte""",0.001,
backend.tests.scripts.test_real_integration_planning::test_real_planning_integration,error,"failed on setup with ""UnicodeDecodeError: 'utf-8' codec can't decode byte 0xcd in position 647: invalid continuation byte""",0.000,
backend.tests.scripts.test_websocket_integration::test_websocket_events,error,"failed on setup with ""UnicodeDecodeError: 'utf-8' codec can't decode byte 0xcd in position 647: invalid continuation byte""",0.000,
backend.tests.scripts.test_websocket_simple::test_websocket_endpoints_exist,error,"failed on setup with ""UnicodeDecodeError: 'utf-8' codec can't decode byte 0xcd in position 647: invalid continuation byte""",0.000,
backend.tests.scripts.test_workflow_events::test_workflow_events,error,"failed on setup with ""UnicodeDecodeError: 'utf-8' codec can't decode byte 0xcd in position 647: invalid continuation byte""",0.000,
backend.tests.scripts.test_workflow_events_detailed::test_detailed_workflow_events,error,"failed on setup with ""UnicodeDecodeError: 'utf-8' codec can't decode byte 0xcd in position 647: invalid continuation byte""",0.006,
